<?xml version="1.0" encoding="UTF-8"?>
<AAIBugCheck xmlns:xsi="http://www.w3.org/2001/XMLSchema-instance" xsi:schemaLocation="https://lux15.mpi.nl/testing https://lux15.mpi.nl/testing/xsd_out.php?file=plans/AAI.xml">
  <DateTime>2013-03-12</DateTime>
  <AAIVersion></AAIVersion>
  <OSVersion></OSVersion>
  <Tester>clazab</Tester>
  <TestPlanRevision>36152</TestPlanRevision>
  <IDPTest1>
    <SelectIDP>Works</SelectIDP>
    <ArchiveLogin>Works</ArchiveLogin>
    <LoginShibboleth>Works</LoginShibboleth>
  </IDPTest1>
  <ExternalIDPTest>
    <SelectExtIDP>Works</SelectExtIDP>
    <ClarinLogin error="I cannot log in with my clarin profile, authentication negated.">Fails</ClarinLogin>
    <AMS></AMS>
    <CreateInAMS></CreateInAMS>
    <AMS2></AMS2>
  </ExternalIDPTest>
  <ExternalIDPTest2>
    <SelectExtIDP2>Works</SelectExtIDP2>
    <SurfLogin>Works</SurfLogin>
    <AMS error="HTTP status 500, then the whole Imdi browser crashes.">Fails</AMS>
    <CreateInAMS></CreateInAMS>
    <AMS2></AMS2>
  </ExternalIDPTest2>
  <RulesForExternalUsers>
    <AMSLogIn>Works</AMSLogIn>
    <CreateRule></CreateRule>
    <CreateRule2></CreateRule2>
    <TestClarinRules></TestClarinRules>
    <TestSurfRules></TestSurfRules>
  </RulesForExternalUsers>
  <ResourceRequestSystem>
    <ResourceRequestSystem1>Works</ResourceRequestSystem1>
    <ResourceRequestSystem2>Works</ResourceRequestSystem2>
    <ResourceRequestSystem3></ResourceRequestSystem3>
    <ResourceRequestSystem4>Works</ResourceRequestSystem4>
  </ResourceRequestSystem>
  <LANA>
    <LogIn>Works</LogIn>
    <CreateNewAccount>Works</CreateNewAccount>
    <LogInII>Works</LogInII>
    <AccessRights>Works</AccessRights>
    <AccessRightII>Works</AccessRightII>
  </LANA>
</AAIBugCheck>
