<?xml version="1.0" encoding="UTF-8"?>
<AMSCMDIBugCheck xmlns:xsi="http://www.w3.org/2001/XMLSchema-instance" xsi:schemaLocation="https://lux15.mpi.nl/testing https://lux15.mpi.nl/testing/xsd_out.php?file=plans/AMSCMDI.xml">
  <DateTime>2014-04-24</DateTime>
  <AMSCMDIVersion>AMS CMDI</AMSCMDIVersion>
  <OSVersion>Mac OS X 10.9.2, Safari 7.0.2, Java 1.7</OSVersion>
  <Tester>frabec</Tester>
  <TestPlanRevision>40767</TestPlanRevision>
  <StartingAMSTest>
    <OpenAms>Works</OpenAms>
    <LoginFederation>Works</LoginFederation>
    <LoginShibboleth>Works</LoginShibboleth>
  </StartingAMSTest>
  <CheckLicensesTest>
    <LicensesCheck>Works</LicensesCheck>
    <LicensesCheck2>Works</LicensesCheck2>
    <ViewLicenses>Works</ViewLicenses>
    <CancelManage>Works</CancelManage>
  </CheckLicensesTest>
  <AddingLicensesTest>
    <SelectNodeLicenseAssignment>Works</SelectNodeLicenseAssignment>
    <RemoveLicenses>Works</RemoveLicenses>
    <CheckRemovalLicenses>Works</CheckRemovalLicenses>
    <ChangeLicensesBack>Works</ChangeLicensesBack>
    <CheckInitialLicenses>Works</CheckInitialLicenses>
  </AddingLicensesTest>
  <AddRulesTest>
    <AddRule>Works</AddRule>
    <AddRegUserRule>Works</AddRegUserRule>
    <CheckRule>Works</CheckRule>
    <SelectEditNode>Works</SelectEditNode>
    <RemoveRule>Works</RemoveRule>
    <CheckRemove>Works</CheckRemove>
    <ForbiddenAccess1>Works</ForbiddenAccess1>
    <ForbiddenAccess2 error="I cannot access the files despite having given read access to &quot;everybody&quot;. Ticket #3946.">Fails</ForbiddenAccess2>
    <ForbiddenAccess3>Works</ForbiddenAccess3>
    <ForbiddenAccess4>Works</ForbiddenAccess4>
  </AddRulesTest>
  <AddNewGroupTest>
    <NewGroup>Works</NewGroup>
    <AddGroup>Works</AddGroup>
    <AddGroup2>Works</AddGroup2>
  </AddNewGroupTest>
  <EditGroupTest>
    <SelectGroup>Works</SelectGroup>
    <EditGroup>Works</EditGroup>
    <ChangeGroupData>Works</ChangeGroupData>
    <ReverseChanges>Works</ReverseChanges>
  </EditGroupTest>
  <AddNewUserTest>
    <NewUser>Works</NewUser>
    <FillIn>Works</FillIn>
    <Logout>Works</Logout>
    <WAIT>Works</WAIT>
    <CheckRules>Works</CheckRules>
    <AddGroup>Works</AddGroup>
    <NewDomainEditorIntro>Works</NewDomainEditorIntro>
    <NewDomainEditor error="At the moment there is no Lamus available so this test cannot be performed. However, the tester can check whether once the role &quot;Domain Editor&quot; has been selected also all the reading rights get automatically selected.">Empty</NewDomainEditor>
    <NewDomainManager>Works</NewDomainManager>
  </AddNewUserTest>
  <DomainEditorTest>
    <DomainEditorRights error="">Empty</DomainEditorRights>
    <CheckInLamus error="">Empty</CheckInLamus>
    <CreateWorkspace error="">Empty</CreateWorkspace>
    <DeleteWorkspace error="">Empty</DeleteWorkspace>
  </DomainEditorTest>
  <DomainManagerTest>
    <DomainManagerRights>Works</DomainManagerRights>
    <Logout>Works</Logout>
    <LoginDomainManager>Works</LoginDomainManager>
    <CreateUser>Works</CreateUser>
    <FillIn>Works</FillIn>
    <AddRules>Works</AddRules>
    <Logout>Works</Logout>
    <CheckRules>Works</CheckRules>
    <EditUser>Works</EditUser>
    <PickUser>Works</PickUser>
    <DeleteUser>Works</DeleteUser>
  </DomainManagerTest>
  <EditUserTest>
    <SelectEditUser>Works</SelectEditUser>
    <PickUser>Works</PickUser>
    <ChangeFields>Works</ChangeFields>
    <RevertChanges>Works</RevertChanges>
  </EditUserTest>
  <DeleteUserTest>
    <SelectEditUser>Works</SelectEditUser>
    <PickUser>Works</PickUser>
    <DeleteUser>Works</DeleteUser>
  </DeleteUserTest>
  <OverViewTest>
    <OverviewClick>Works</OverviewClick>
  </OverViewTest>
  <LicensesRequiredTest>
    <SelectLicensesRequired error="When clicking on &quot;Licenses Required&quot; I get an error message. Ticket #3947.">Fails</SelectLicensesRequired>
    <AddLicenses error="I couldn't test this because of the error mentioned above.">Empty</AddLicenses>
  </LicensesRequiredTest>
  <AddEditLicenseTest>
    <AddEditLicenses>Works</AddEditLicenses>
    <ViewLicenses>Works</ViewLicenses>
    <AddLicense>Works</AddLicense>
    <AddLicense2>Works</AddLicense2>
    <AddLicense3>Works</AddLicense3>
    <EditLicense>Works</EditLicense>
  </AddEditLicenseTest>
  <MyUserAccountTest>
    <SelectUserAccount>Works</SelectUserAccount>
    <UserCheck>Works</UserCheck>
    <ChangeFields>Works</ChangeFields>
    <RevertChanges>Works</RevertChanges>
  </MyUserAccountTest>
  <MyAcceptedLicensesTest>
    <SelectLicensesInfo error="couldn't test this part because of error occurring when trying test group number 13 above (LicensesRequiredTest)">Empty</SelectLicensesInfo>
    <LicensesCheck error="see error description above">Empty</LicensesCheck>
    <ViewLicenses error="see error description above">Empty</ViewLicenses>
  </MyAcceptedLicensesTest>
  <HelpMenu>
    <MenuOpen>Works</MenuOpen>
    <ManualOpen error="It points to the wrong page. Ticket #3948.">Fails</ManualOpen>
  </HelpMenu>
</AMSCMDIBugCheck>
