<?xml version="1.0" encoding="UTF-8"?>
<tlaBugCheck xmlns:xsi="http://www.w3.org/2001/XMLSchema-instance" xsi:schemaLocation="http://ems03.mpi.nl/testing http://ems03.mpi.nl/testing/xsd_out.php?file=plans/arbil_kasia_dec2afternoon.xml">
  <DateTime>2011-12-22</DateTime>
  <ProgramVersion></ProgramVersion>
  <OSVersion>Windows XP</OSVersion>
  <Tester>vlapla</Tester>
  <WizardTest>
    <SA1>Works</SA1>
    <SA1A>Works</SA1A>
    <SA1B>Works</SA1B>
    <SA1B1>Works</SA1B1>
    <SA1B2>Works</SA1B2>
    <SA1B3>Strange</SA1B3>
    <SA2></SA2>
  </WizardTest>
  <GetMetadataTest>
    <AddCorpus>Works</AddCorpus>
    <AddCorpusConName>Works</AddCorpusConName>
    <AddCorpusNode>Works</AddCorpusNode>
    <MaximumNumberNodesReached>Works</MaximumNumberNodesReached>
    <AddSessionConName1>Works</AddSessionConName1>
    <AddInvalidElements>Works</AddInvalidElements>
    <SaveMenuChanges>Works</SaveMenuChanges>
    <ChangesNodeSortingNS>Works</ChangesNodeSortingNS>
    <ChangesTableOrdering>Works</ChangesTableOrdering>
    <ChangesMetadataStr>Works</ChangesMetadataStr>
    <FollowUpVoc>Works</FollowUpVoc>
    <MultipleValuesAdd>Works</MultipleValuesAdd>
    <ImportExistinBrnchSavN>Works</ImportExistinBrnchSavN>
    <ImportExistinBrnchSve>Works</ImportExistinBrnchSve>
    <ImprtExistinBrnch>Works</ImprtExistinBrnch>
    <ImprtExistinBrnch1>Works</ImprtExistinBrnch1>
    <ImprtExistinBrnch2>Works</ImprtExistinBrnch2>
    <ImprtExistinBrnchDragDrop>Works</ImprtExistinBrnchDragDrop>
    <ImprtExistinBrnchDragDrop1>Works</ImprtExistinBrnchDragDrop1>
    <MovingMultipleSessions>Works</MovingMultipleSessions>
  </GetMetadataTest>
  <NodeSearchTest>
    <StartSearch>Works</StartSearch>
    <DropNode>Works</DropNode>
    <OpenSearchWindow>Works</OpenSearchWindow>
    <CheckSearchWindow>Works</CheckSearchWindow>
    <LocalSearch>Works</LocalSearch>
    <LocalSearch2>Works</LocalSearch2>
    <LocalSearch3>Works</LocalSearch3>
    <AdditionSearchAS>Works</AdditionSearchAS>
    <AdditionSearchAS1>Works</AdditionSearchAS1>
    <AdditionSearchAS2>Works</AdditionSearchAS2>
    <AdditionSearchAS3>Works</AdditionSearchAS3>
    <AdditionSearchAS4>Works</AdditionSearchAS4>
    <AdditionSearchAS5>Works</AdditionSearchAS5>
    <DroppingInTheSearchField>Works</DroppingInTheSearchField>
    <RemoteSearch>Works</RemoteSearch>
  </NodeSearchTest>
  <NodeRightMouseMenu>
    <OpenInExternalApp>Strange</OpenInExternalApp>
    <OpenInEnternalAppSession>Strange</OpenInEnternalAppSession>
    <OpenInEnternalAppMedia>Works</OpenInEnternalAppMedia>
    <ReImportBranch1>Works</ReImportBranch1>
    <ReImportBranch2>Works</ReImportBranch2>
    <ReImportBranch3>Works</ReImportBranch3>
    <ViewXML>Works</ViewXML>
    <ViewImdiFormatted>Works</ViewImdiFormatted>
    <OpenImdiFormatted>Works</OpenImdiFormatted>
    <ExportImdiToHtml>Works</ExportImdiToHtml>
    <CheckXmlConformance>Works</CheckXmlConformance>
  </NodeRightMouseMenu>
  <ColumnsTests>
    <ArrangeColumns>Works</ArrangeColumns>
    <ArrangementColumns1>Mostly</ArrangementColumns1>
    <SaveColumnView></SaveColumnView>
    <EditColumnView>Works</EditColumnView>
    <ShowOnlyCurrent></ShowOnlyCurrent>
    <ColumnViewForThis></ColumnViewForThis>
    <CopyTableWeb></CopyTableWeb>
    <FindAndReplace></FindAndReplace>
  </ColumnsTests>
  <FilesTest>
    <AddWorkingDirectory>Works</AddWorkingDirectory>
    <AddJpegImage>Works</AddJpegImage>
    <AddPngImage>Works</AddPngImage>
    <AddWAV></AddWAV>
    <FilesShowHidden>Works</FilesShowHidden>
  </FilesTest>
  <FavouritesTest>
    <AddToFavourites>Works</AddToFavourites>
    <AddFromFavourites></AddFromFavourites>
    <Remove></Remove>
    <AddRechangeFav></AddRechangeFav>
    <AddIntoDiffSubnodeFav></AddIntoDiffSubnodeFav>
    <EditMetaData></EditMetaData>
    <EditMetaData1></EditMetaData1>
    <EditMeteData1></EditMeteData1>
    <AddToElemInFav></AddToElemInFav>
    <AddToElemInFav2></AddToElemInFav2>
    <LongFieldEd></LongFieldEd>
    <LongFieldEd1></LongFieldEd1>
    <AddNewSessions></AddNewSessions>
  </FavouritesTest>
  <FileMenuTest>
    <FileMenuSaveChanges></FileMenuSaveChanges>
    <FileMenuSaveChanges1></FileMenuSaveChanges1>
    <FileMenuShowModifiedNodes></FileMenuShowModifiedNodes>
    <FileMenuImport></FileMenuImport>
    <FileMenuExit></FileMenuExit>
    <ExitMacOS1></ExitMacOS1>
    <ExitMacOS2></ExitMacOS2>
  </FileMenuTest>
  <OptionsMenuTest>
    <TemplatesAndProfiles></TemplatesAndProfiles>
    <LocalCorpusStorageDirectory></LocalCorpusStorageDirectory>
    <EditLanguageList></EditLanguageList>
    <Re-downloadCurrentVocabuls></Re-downloadCurrentVocabuls>
    <SaveWindowsOnExit></SaveWindowsOnExit>
    <SaveWindowsOnExit1></SaveWindowsOnExit1>
    <ShowSelectionPreview></ShowSelectionPreview>
    <CopyNewResourcesIntoCache></CopyNewResourcesIntoCache>
    <CheckPermisForRemoteResources></CheckPermisForRemoteResources>
    <AlwaysCheckLocalMetdatFilesForXMLConformance></AlwaysCheckLocalMetdatFilesForXMLConformance>
    <ShowLanguageInColumnName></ShowLanguageInColumnName>
    <ColumnViewForNewTables></ColumnViewForNewTables>
    <CloseAllWindows></CloseAllWindows>
  </OptionsMenuTest>
  <HelpMenuTest>
    <AboutHelpMenu></AboutHelpMenu>
    <HelpMenu></HelpMenu>
    <HelpMenuF1></HelpMenuF1>
    <ArbilForumHelpMenu></ArbilForumHelpMenu>
    <RunSetUpWizard></RunSetUpWizard>
    <ErrorHelpMenu></ErrorHelpMenu>
    <CheckUpdatesHelpMenu></CheckUpdatesHelpMenu>
    <ShortCutKeysHelpMenu></ShortCutKeysHelpMenu>
  </HelpMenuTest>
  <MultiLanguageTest>
    <DescriptionChoise></DescriptionChoise>
    <LongfieldEditor></LongfieldEditor>
    <ControlledVocabularies1></ControlledVocabularies1>
    <ControlledVocabularies2></ControlledVocabularies2>
    <ClosedVocabularies></ClosedVocabularies>
    <ControlledVocabulariesLongFE></ControlledVocabulariesLongFE>
    <MPILanguagesDescription></MPILanguagesDescription>
  </MultiLanguageTest>
  <AdditionalTests>
    <TypecheckerConfiguration></TypecheckerConfiguration>
    <Resource_TypeNotInferredFromMimetype></Resource_TypeNotInferredFromMimetype>
  </AdditionalTests>
  <HandleNodesTests>
    <DeleteNodeKey></DeleteNodeKey>
    <DeleteNodeMenu></DeleteNodeMenu>
  </HandleNodesTests>
  <CMDITest>
    <CMDITestWizard></CMDITestWizard>
    <CMDITestWizard1></CMDITestWizard1>
    <CMDITestWizard2></CMDITestWizard2>
    <CMDITestWizard3></CMDITestWizard3>
    <CMDITestWizard4></CMDITestWizard4>
    <CMDITestWizard5></CMDITestWizard5>
    <CMDITestWizard6></CMDITestWizard6>
    <AddCMDIProfileToLocalCorpus></AddCMDIProfileToLocalCorpus>
    <CMDIProfileCheck></CMDIProfileCheck>
    <ProfileFiltering></ProfileFiltering>
    <ProfileFilteringLanuageSignSession></ProfileFilteringLanuageSignSession>
    <ProfileFiltering1></ProfileFiltering1>
    <ProfileFiltering2></ProfileFiltering2>
    <ProfileFiltering3></ProfileFiltering3>
    <ProfileFiltering4></ProfileFiltering4>
    <ProfileFiltering5></ProfileFiltering5>
    <ProfileFiltering6></ProfileFiltering6>
    <ProfileFiltering7></ProfileFiltering7>
    <ProfileFiltering8></ProfileFiltering8>
    <ProfileFiltering9></ProfileFiltering9>
    <ArbitraryResourceProxyReferences></ArbitraryResourceProxyReferences>
    <CMDIExportImportLocalSchema1></CMDIExportImportLocalSchema1>
    <CMDIExportImportLocalSchema2></CMDIExportImportLocalSchema2>
    <CMDIExportImportLocalSchema3></CMDIExportImportLocalSchema3>
    <CMDIExportImportLocalSchema4></CMDIExportImportLocalSchema4>
    <PresentationOfContainerNodes></PresentationOfContainerNodes>
    <ISOcatViewableCheck></ISOcatViewableCheck>
    <CMDIErroneousResourceTypeValue></CMDIErroneousResourceTypeValue>
    <CreateReflectCMDIMetadataHierarchy></CreateReflectCMDIMetadataHierarchy>
    <CMDIEditAttributes></CMDIEditAttributes>
  </CMDITest>
</tlaBugCheck>
