<?xml version="1.0" encoding="UTF-8"?>
<ArbilBugCheck xmlns:xsi="http://www.w3.org/2001/XMLSchema-instance" xsi:schemaLocation="https://lux15.mpi.nl/testing https://lux15.mpi.nl/testing/xsd_out.php?file=plans/arbil_clarin.xml">
  <DateTime>2012-12-05</DateTime>
  <ArbilVersion>2.4</ArbilVersion>
  <OSVersion>Windows 7, Firefox 12.0</OSVersion>
  <Tester>clazab</Tester>
  <TestPlanRevision>34646</TestPlanRevision>
  <CMDIWizardTest>
    <SA1>Works</SA1>
    <SA1A>Works</SA1A>
    <CMDITestWizard1>Works</CMDITestWizard1>
    <CMDITestWizard2>Works</CMDITestWizard2>
    <CMDITestWizard3>Works</CMDITestWizard3>
    <CMDITestWizard4>Works</CMDITestWizard4>
    <CMDITestWizard5>Works</CMDITestWizard5>
    <CMDITestWizard6>Works</CMDITestWizard6>
  </CMDIWizardTest>
  <CMDI_Profiles>
    <AddCMDIProfileToLocalCorpus>Works</AddCMDIProfileToLocalCorpus>
    <ProfileFiltering>Works</ProfileFiltering>
    <ProfileFilteringLanuageSignSession>Works</ProfileFilteringLanuageSignSession>
    <ProfileFiltering1>Works</ProfileFiltering1>
    <ProfileFiltering2>Works</ProfileFiltering2>
    <ProfileFiltering3>Works</ProfileFiltering3>
    <ProfileFiltering4>Works</ProfileFiltering4>
    <ProfileFiltering5>Works</ProfileFiltering5>
    <ProfileFiltering6>Works</ProfileFiltering6>
    <ArbitraryResourceProxyReferences>Works</ArbitraryResourceProxyReferences>
    <CMDIExportImportLocalSchema1>Works</CMDIExportImportLocalSchema1>
    <CMDIExportImportLocalSchema2>Works</CMDIExportImportLocalSchema2>
    <CMDIExportImportLocalSchema3>Works</CMDIExportImportLocalSchema3>
    <CMDIExportImportLocalSchema4>Works</CMDIExportImportLocalSchema4>
    <CMDIProfilesRefreshBotton></CMDIProfilesRefreshBotton>
    <CMDIExportImportLocalSchema5></CMDIExportImportLocalSchema5>
    <CMDIErroneousResourceTypeValue>Works</CMDIErroneousResourceTypeValue>
    <CMDIEditAttributes>Works</CMDIEditAttributes>
  </CMDI_Profiles>
  <GetMetadataTest>
    <CMDIAddProfile>Works</CMDIAddProfile>
    <CMDAddProfileConName>Works</CMDAddProfileConName>
    <CMDIAddProfileNode>Works</CMDIAddProfileNode>
    <CMDIMaximumNumberNodesReached>Works</CMDIMaximumNumberNodesReached>
    <CMDIAddComponentConName1>Works</CMDIAddComponentConName1>
    <SaveMenuChanges>Works</SaveMenuChanges>
    <CMDIChangesNodeSortingNS>Works</CMDIChangesNodeSortingNS>
    <CMDIChangesTableOrdering>Works</CMDIChangesTableOrdering>
    <CMDIChangesMetadataStr>Works</CMDIChangesMetadataStr>
    <CMDIChangesTableandPreviewArea>Works</CMDIChangesTableandPreviewArea>
    <CMDIChangesTableandPreviewArea1>Works</CMDIChangesTableandPreviewArea1>
    <CMDIMultipleValuesAdd>Works</CMDIMultipleValuesAdd>
    <ImportExistinBrnchSavN>Works</ImportExistinBrnchSavN>
    <ImportExistinBrnchSve>Works</ImportExistinBrnchSve>
    <ImprtExistinBrnch>Works</ImprtExistinBrnch>
    <ImprtExistinBrnch1>Works</ImprtExistinBrnch1>
    <ImprtExistinBrnch2>Works</ImprtExistinBrnch2>
    <ImprtExistinBrnchDragDrop>Works</ImprtExistinBrnchDragDrop>
    <ImprtExistinBrnchDragDrop1>Works</ImprtExistinBrnchDragDrop1>
    <MovingMultipleSessions>Works</MovingMultipleSessions>
  </GetMetadataTest>
  <NodeSearchTest>
    <CMDIStartSearch>Works</CMDIStartSearch>
    <DropNode>Works</DropNode>
    <OpenSearchWindow>Works</OpenSearchWindow>
    <CheckSearchWindow>Works</CheckSearchWindow>
    <CMDILocalSearch>Works</CMDILocalSearch>
    <CMDILocalSearch2>Works</CMDILocalSearch2>
    <CMDILocalSearch3>Works</CMDILocalSearch3>
    <CMDIAdditionSearchAS>Works</CMDIAdditionSearchAS>
    <CMDIAdditionSearchAS1>Works</CMDIAdditionSearchAS1>
    <CMDIAdditionSearchAS2>Works</CMDIAdditionSearchAS2>
    <CMDIAdditionSearchAS3>Works</CMDIAdditionSearchAS3>
    <IMDIAdditionSearchAS5>Works</IMDIAdditionSearchAS5>
    <DroppingInTheSearchField>Works</DroppingInTheSearchField>
  </NodeSearchTest>
  <NodeRightMouseMenu>
    <OpenInExternalApp>Works</OpenInExternalApp>
    <CMDIOpenInEnternalAppSession>Works</CMDIOpenInEnternalAppSession>
    <CMDIOpenInEnternalAppMedia>Works</CMDIOpenInEnternalAppMedia>
    <CMDIReImportBranch1>Works</CMDIReImportBranch1>
    <CMDIReImportBranch2>Works</CMDIReImportBranch2>
    <IMDIReImportBranch3>Works</IMDIReImportBranch3>
    <ReImportMultipleNodes></ReImportMultipleNodes>
    <ViewXML>Works</ViewXML>
    <ExportMetadata1></ExportMetadata1>
    <ExportMetadata2></ExportMetadata2>
    <ExportMetadata3></ExportMetadata3>
    <ExportMetadataWithResources></ExportMetadataWithResources>
    <ExportMetadataHierarchy>Works</ExportMetadataHierarchy>
    <CheckXmlConformance>Works</CheckXmlConformance>
    <CMDICheckXmlConformance1>Works</CMDICheckXmlConformance1>
    <CMDICheckXmlConformance2>Works</CMDICheckXmlConformance2>
  </NodeRightMouseMenu>
  <ColumnsTests>
    <ArrangeColumns>Works</ArrangeColumns>
    <ArrangementColumns1>Works</ArrangementColumns1>
    <ArrangementMultipleColumns>Works</ArrangementMultipleColumns>
    <SaveColumnView>Works</SaveColumnView>
    <EditColumnView>Works</EditColumnView>
    <ShowOnlyCurrent></ShowOnlyCurrent>
    <ColumnViewForThis></ColumnViewForThis>
    <CopyTableWeb>Works</CopyTableWeb>
    <Embed></Embed>
    <FindAndReplace></FindAndReplace>
  </ColumnsTests>
  <FilesTest>
    <AddWorkingDirectory></AddWorkingDirectory>
    <AddJpegImage></AddJpegImage>
    <AddWAV></AddWAV>
    <FilesShowHidden></FilesShowHidden>
  </FilesTest>
  <FavouritesTest>
    <AddToFavourites></AddToFavourites>
    <AddFromFavourites></AddFromFavourites>
    <CMDIAddtoFavourites></CMDIAddtoFavourites>
    <CMDIaddfromFavourites></CMDIaddfromFavourites>
    <Remove></Remove>
    <CMDIAddRechangeFav></CMDIAddRechangeFav>
    <CMDIAddIntoDiffSubnodeFav></CMDIAddIntoDiffSubnodeFav>
    <EditMetaData></EditMetaData>
    <EditMetaData1></EditMetaData1>
    <EditMeteData1></EditMeteData1>
    <AddToElemInFav></AddToElemInFav>
    <AddToElemInFav2></AddToElemInFav2>
    <LongFieldEd></LongFieldEd>
    <LongFieldEd1></LongFieldEd1>
  </FavouritesTest>
  <FileMenuTest>
    <FileMenuSaveChanges></FileMenuSaveChanges>
    <FileMenuSaveChanges1></FileMenuSaveChanges1>
    <FileMenuShowModifiedNodes></FileMenuShowModifiedNodes>
    <FileMenuImport></FileMenuImport>
    <FileMenuExit></FileMenuExit>
    <ExitMacOS1></ExitMacOS1>
    <ExitMacOS2></ExitMacOS2>
  </FileMenuTest>
  <OptionsMenuTest>
    <TemplatesAndProfiles></TemplatesAndProfiles>
    <LocalCorpusStorageDirectory></LocalCorpusStorageDirectory>
    <SaveWindowsOnExit></SaveWindowsOnExit>
    <SaveWindowsOnExit1></SaveWindowsOnExit1>
    <ShowSelectionPreview></ShowSelectionPreview>
    <CopyNewResourcesIntoCache></CopyNewResourcesIntoCache>
    <CopyNewResourcesIntoCacheN></CopyNewResourcesIntoCacheN>
    <CheckPermisForRemoteResources></CheckPermisForRemoteResources>
    <AlwaysCheckLocalMetdatFilesForXMLConformance></AlwaysCheckLocalMetdatFilesForXMLConformance>
    <ShowLanguageInColumnName></ShowLanguageInColumnName>
    <ColumnViewForNewTables></ColumnViewForNewTables>
    <CloseAllWindows></CloseAllWindows>
  </OptionsMenuTest>
  <HelpMenuTest>
    <AboutHelpMenu></AboutHelpMenu>
    <HelpMenu></HelpMenu>
    <HelpMenuF1></HelpMenuF1>
    <ArbilForumHelpMenu></ArbilForumHelpMenu>
    <HelpMenuInSyncManual></HelpMenuInSyncManual>
    <RunSetUpWizard></RunSetUpWizard>
    <ErrorHelpMenu></ErrorHelpMenu>
    <CheckUpdatesHelpMenu></CheckUpdatesHelpMenu>
    <ShortCutKeysHelpMenu></ShortCutKeysHelpMenu>
  </HelpMenuTest>
  <MultiLanguageTest>
    <DescriptionChoice></DescriptionChoice>
    <LongfieldEditor></LongfieldEditor>
    <ControlledVocabularies1></ControlledVocabularies1>
    <ControlledVocabularies2></ControlledVocabularies2>
    <ControlledVocabularies3></ControlledVocabularies3>
    <ControlledVocabularies4></ControlledVocabularies4>
    <ClosedVocabularies></ClosedVocabularies>
    <ControlledVocabulariesLongFE></ControlledVocabulariesLongFE>
    <CMDIMPILanguagesDescription1></CMDIMPILanguagesDescription1>
    <CMDIMPILanguagesDescription2></CMDIMPILanguagesDescription2>
  </MultiLanguageTest>
  <AddResourcesTest>
    <AddWorkingDirectories></AddWorkingDirectories>
    <AddResources></AddResources>
    <AddResources2></AddResources2>
    <AddNotArchivableFile></AddNotArchivableFile>
    <AddResourceLocation></AddResourceLocation>
  </AddResourcesTest>
  <TypeCheckerTest>
    <TypecheckerConfiguration1></TypecheckerConfiguration1>
    <TypecheckerConfiguration2></TypecheckerConfiguration2>
    <TypecheckerConfiguration3></TypecheckerConfiguration3>
    <TypecheckerConfiguration4></TypecheckerConfiguration4>
    <TypecheckerConfiguration5></TypecheckerConfiguration5>
    <TypecheckerConfiguration6></TypecheckerConfiguration6>
    <TypecheckerConfiguration6a></TypecheckerConfiguration6a>
    <TypecheckerConfiguration6b></TypecheckerConfiguration6b>
    <TypecheckerConfiguration7></TypecheckerConfiguration7>
    <TypecheckerConfiguration8></TypecheckerConfiguration8>
  </TypeCheckerTest>
  <HandleNodesTests>
    <DeleteNodeKey></DeleteNodeKey>
    <DeleteNodeMenu></DeleteNodeMenu>
  </HandleNodesTests>
</ArbilBugCheck>
