<?xml version="1.0" encoding="UTF-8"?>
<ArbilBugCheck xmlns:xsi="http://www.w3.org/2001/XMLSchema-instance" xsi:schemaLocation="https://lux15.mpi.nl/testing https://lux15.mpi.nl/testing/xsd_out.php?file=plans/arbil-CMDI.xml">
  <DateTime>2014_04_09</DateTime>
  <ArbilVersion>2.5</ArbilVersion>
  <OSVersion>MAC OS X 10.6.8; Windows 7; Ubuntu 13.10</OSVersion>
  <Tester>frabec</Tester>
  <TestPlanRevision>40616</TestPlanRevision>
  <CMDIWizardTest>
    <BEFORE-testing>Works</BEFORE-testing>
    <SA1>Works</SA1>
    <LanguageSelection>Works</LanguageSelection>
    <SA1A>Works</SA1A>
    <CMDITestWizard1>Works</CMDITestWizard1>
    <CMDITestWizard2>Works</CMDITestWizard2>
    <CMDITestWizard3>Works</CMDITestWizard3>
    <CMDITestWizard4>Works</CMDITestWizard4>
    <CMDITestWizard5>Works</CMDITestWizard5>
    <CMDITestWizard6>Works</CMDITestWizard6>
    <LanguageSelection2>Works</LanguageSelection2>
  </CMDIWizardTest>
  <Node_loading>
    <Observe_loading>Works</Observe_loading>
    <Observe_loading2>Works</Observe_loading2>
  </Node_loading>
  <CMDI_Profiles>
    <ProfileFiltering>Works</ProfileFiltering>
    <ProfileFilteringLanuageSignSession>Works</ProfileFilteringLanuageSignSession>
    <ProfileFiltering1>Works</ProfileFiltering1>
    <ProfileFiltering2>Works</ProfileFiltering2>
    <AddCMDIProfiletoLOCALcorpus>Works</AddCMDIProfiletoLOCALcorpus>
    <ProfileFiltering3>Works</ProfileFiltering3>
    <ProfileFiltering4>Works</ProfileFiltering4>
    <ProfileFiltering5>Works</ProfileFiltering5>
    <ProfileFiltering6>Works</ProfileFiltering6>
    <ArbitraryResourceProxyReferences>Works</ArbitraryResourceProxyReferences>
    <CMDIExportImportLocalSchema1>Works</CMDIExportImportLocalSchema1>
    <CMDIExportImportLocalSchema2>Works</CMDIExportImportLocalSchema2>
    <CMDIExportImportLocalSchema3>Works</CMDIExportImportLocalSchema3>
    <CMDIExportImportLocalSchema3a>Works</CMDIExportImportLocalSchema3a>
    <CMDIExportImportLocalSchema4>Works</CMDIExportImportLocalSchema4>
    <CMDIProfilesReloadBotton>Works</CMDIProfilesReloadBotton>
    <CMDIProfilesReloadBotton2>Works</CMDIProfilesReloadBotton2>
    <CMDIEditAttributes>Works</CMDIEditAttributes>
    <CMDIEditAttributes2>Works</CMDIEditAttributes2>
  </CMDI_Profiles>
  <GetMetadataTest>
    <CMDIAddProfile>Works</CMDIAddProfile>
    <CMDAddProfileConName>Works</CMDAddProfileConName>
    <CMDIAddProfileNode>Works</CMDIAddProfileNode>
    <CMDIMaximumNumberNodesReached>Works</CMDIMaximumNumberNodesReached>
    <CMDIAddComponentConName1>Works</CMDIAddComponentConName1>
    <SaveMenuChanges>Works</SaveMenuChanges>
    <CMDIChangesNodeSortingNS>Works</CMDIChangesNodeSortingNS>
    <CMDIChangesTableOrdering>Works</CMDIChangesTableOrdering>
    <CMDIChangesMetadataStr>Works</CMDIChangesMetadataStr>
    <CMDIChangesTableandPreviewArea>Works</CMDIChangesTableandPreviewArea>
    <CMDIMultipleValuesAdd>Works</CMDIMultipleValuesAdd>
    <ImportExistinBrnchSavN>Works</ImportExistinBrnchSavN>
    <ImportExistinBrnchSve>Works</ImportExistinBrnchSve>
    <ImprtExistinBrnch>Works</ImprtExistinBrnch>
    <ImprtExistinBrnch1>Works</ImprtExistinBrnch1>
    <ImprtExistinBrnch2>Works</ImprtExistinBrnch2>
    <ImprtExistinBrnchDragDrop>Works</ImprtExistinBrnchDragDrop>
    <ImprtExistinBrnchDragDrop1>Works</ImprtExistinBrnchDragDrop1>
    <MovingMultipleSessions>Works</MovingMultipleSessions>
    <NotOpenCMDIXMLfiles error="(Mac/Windows/Ubuntu) The import process is quick but the resources displayed do not carry their names. See ticket #3665.">Mostly</NotOpenCMDIXMLfiles>
  </GetMetadataTest>
  <NodeSearchTest>
    <CMDIStartSearch>Works</CMDIStartSearch>
    <DropNode>Works</DropNode>
    <OpenSearchWindow>Works</OpenSearchWindow>
    <CheckSearchWindow>Works</CheckSearchWindow>
    <CMDILocalSearch>Works</CMDILocalSearch>
    <CMDILocalSearch2>Works</CMDILocalSearch2>
    <CMDILocalSearch3>Works</CMDILocalSearch3>
    <CMDIAdditionSearchAS>Works</CMDIAdditionSearchAS>
    <CMDIAdditionSearchAS1>Works</CMDIAdditionSearchAS1>
    <CMDIAdditionSearchAS2>Works</CMDIAdditionSearchAS2>
    <CMDIAdditionSearchAS3>Works</CMDIAdditionSearchAS3>
    <IMDIAdditionSearchAS5>Works</IMDIAdditionSearchAS5>
    <DroppingInTheSearchField>Works</DroppingInTheSearchField>
    <DisplayOfSearchResults1>Works</DisplayOfSearchResults1>
    <DisplayOfSearchResults2>Works</DisplayOfSearchResults2>
    <DisplayOfSearchResults3>Works</DisplayOfSearchResults3>
  </NodeSearchTest>
  <NodeRightMouseMenu>
    <ViewSelectedChangeLabels>Works</ViewSelectedChangeLabels>
    <ViewSelectedChangeLabelsB>Works</ViewSelectedChangeLabelsB>
    <OpenInExternalApp error="Ubuntu: open in external application doesn't work on Sun JDK/error log do not work ticket #3657/ windows and mac are fine">Fails</OpenInExternalApp>
    <CMDIOpenInEnternalAppSession>Works</CMDIOpenInEnternalAppSession>
    <CMDIOpenInEnternalAppMedia>Works</CMDIOpenInEnternalAppMedia>
    <CMDIReImportBranch1>Works</CMDIReImportBranch1>
    <CMDIReImportBranch2>Works</CMDIReImportBranch2>
    <IMDIReImportBranch3>Works</IMDIReImportBranch3>
    <ViewXML>Works</ViewXML>
    <ExportMetadata1>Works</ExportMetadata1>
    <ExportMetadata2>Works</ExportMetadata2>
    <ExportMetadata3 error="Mac/Ubuntu: no overwrite changes option (ticket #3573)">Mostly</ExportMetadata3>
    <ExportMetadataWithResources>Works</ExportMetadataWithResources>
    <ExportMetadataHierarchy>Works</ExportMetadataHierarchy>
    <ExportMetadataHierarchy2>Works</ExportMetadataHierarchy2>
    <ExportMetadataHierarchy3>Works</ExportMetadataHierarchy3>
    <ReimportMetadataHierarchy>Works</ReimportMetadataHierarchy>
    <CheckXmlConformance>Works</CheckXmlConformance>
    <CMDICheckXmlConformance1>Works</CMDICheckXmlConformance1>
    <AddRemoteNodeToRoot>Works</AddRemoteNodeToRoot>
  </NodeRightMouseMenu>
  <ColumnsTests>
    <ArrangeColumns>Works</ArrangeColumns>
    <ArrangementColumns1 error="(Mac/Windows/Ubuntu) Arbil reacts on the make column fit content order but parts of the content of the column remain hidden see ticket #3577">Fails</ArrangementColumns1>
    <ArrangementMultipleColumns>Works</ArrangementMultipleColumns>
    <SaveColumnView>Works</SaveColumnView>
    <EditColumnView>Works</EditColumnView>
    <ShowOnlyCurrent>Works</ShowOnlyCurrent>
    <ColumnViewForThis>Works</ColumnViewForThis>
    <CopyTableWeb>Works</CopyTableWeb>
    <Embed error="(Mac/Windows/Ubuntu) Windows Java does not recognize the website, Java error., security something reasons. See IMDI ticket #3660.">Fails</Embed>
    <FindAndReplace>Works</FindAndReplace>
    <DeleteColumns>Works</DeleteColumns>
    <DeleteField>Works</DeleteField>
  </ColumnsTests>
  <FilesTest>
    <AddWorkingDirectory>Works</AddWorkingDirectory>
    <AddJpegImage error="The image is added and the file size is correct. BUT there is no preview for CMDI, whereas there is for IMDI sessions. see ticket #3579. ">Fails</AddJpegImage>
    <AddJpegImage2 error="Given ticket #3579/problem indicated above">Empty</AddJpegImage2>
    <AddWAV>Works</AddWAV>
    <FilesShowHidden>Works</FilesShowHidden>
  </FilesTest>
  <FavouritesTest>
    <AddToFavourites>Works</AddToFavourites>
    <AddFromFavourites error="WINDOWS 7: sometimes not possible to click on add to favorites. Additionally not possible to add from favorites, see ticket #3587.">Fails</AddFromFavourites>
    <CMDIAddtoFavourites>Works</CMDIAddtoFavourites>
    <Remove>Works</Remove>
    <ExportImportFavorites1>Works</ExportImportFavorites1>
    <ExportImportFavorites2>Works</ExportImportFavorites2>
    <ExportImportFavorites3>Works</ExportImportFavorites3>
    <ExportImportFavorites4>Works</ExportImportFavorites4>
    <ExportImportFavorites5>Works</ExportImportFavorites5>
    <CMDIAddRechangeFav>Works</CMDIAddRechangeFav>
    <CMDIAddIntoDiffSubnodeFav error="Mac/Windows/Ubuntu: When the author is added to an instance without the author component no error message comes out. See ticket #3666 (set as 2.6 release)">Strange</CMDIAddIntoDiffSubnodeFav>
    <EditMetaData>Works</EditMetaData>
    <EditMetaData1>Works</EditMetaData1>
    <EditMeteData1>Works</EditMeteData1>
    <AddToElemInFav>Works</AddToElemInFav>
    <AddToElemInFav2>Works</AddToElemInFav2>
    <LongFieldEd>Works</LongFieldEd>
    <LongFieldEd1>Works</LongFieldEd1>
    <GroupedByType>Works</GroupedByType>
  </FavouritesTest>
  <FileMenuTest>
    <FileMenuSaveChanges>Works</FileMenuSaveChanges>
    <FileMenuSaveChanges1>Works</FileMenuSaveChanges1>
    <FileMenuShowModifiedNodes>Works</FileMenuShowModifiedNodes>
    <FileMenuImport>Works</FileMenuImport>
    <FileMenuExit>Works</FileMenuExit>
    <ExitMacOS1>Works</ExitMacOS1>
    <ExitMacOS2>Works</ExitMacOS2>
  </FileMenuTest>
  <ViewMenuTest>
    <ChangeFontsize>Works</ChangeFontsize>
    <TurnOnOffSelectionPreview>Works</TurnOnOffSelectionPreview>
  </ViewMenuTest>
  <OptionsMenuTest>
    <TemplatesAndProfiles>Works</TemplatesAndProfiles>
    <TemplatesAndProfilesRefreshMacLinux>Works</TemplatesAndProfilesRefreshMacLinux>
    <templatesAndProfilesRefreshWindows>Works</templatesAndProfilesRefreshWindows>
    <TemplatesAndProfilesRefresh2>Works</TemplatesAndProfilesRefresh2>
    <LocalCorpusStorageDirectory error="no attending that restart is needed (see ticket #3581), additionally when reopening arbil the local corpus results to be empty see ticket #3580; no attending to restart again? ">Fails</LocalCorpusStorageDirectory>
    <SaveWindowsOnExit>Works</SaveWindowsOnExit>
    <SaveWindowsOnExit1>Works</SaveWindowsOnExit1>
    <WindowsPixelSize>Works</WindowsPixelSize>
    <WindowsPixelSize1>Works</WindowsPixelSize1>
    <CopyNewResourcesIntoCache error="Mac/Windows 7/Ubuntu 13.10: It is not stored in ArbilWorkingFiles. See ticket #3590;Windows 7 and Ubuntu 13.10: error, cannot copy jpg into local corpus.">Fails</CopyNewResourcesIntoCache>
    <CopyNewResourcesIntoCacheN error="Windows 7/Ubuntu 13.10: As consequence of error described above not possible #3622">Mostly</CopyNewResourcesIntoCacheN>
    <CheckPermisForRemoteResources error="No icon is shown. See ticket #3667.">Fails</CheckPermisForRemoteResources>
    <AlwaysCheckLocalMetdatFilesForXMLConformance>Works</AlwaysCheckLocalMetdatFilesForXMLConformance>
    <ShowLanguageInColumnName>Works</ShowLanguageInColumnName>
    <ColumnViewForNewTables>Works</ColumnViewForNewTables>
    <CloseAllWindows>Works</CloseAllWindows>
    <TrackTableSelectionInTree>Works</TrackTableSelectionInTree>
    <ShowVerbatimXMLstructureInTree>Works</ShowVerbatimXMLstructureInTree>
  </OptionsMenuTest>
  <HelpMenuTest>
    <AboutHelpMenu>Works</AboutHelpMenu>
    <HelpMenu>Works</HelpMenu>
    <HelpMenuF1>Works</HelpMenuF1>
    <ArbilForumHelpMenu>Works</ArbilForumHelpMenu>
    <HelpMenuInSyncManual error="only &quot;note.png&quot; image missing">Mostly</HelpMenuInSyncManual>
    <RunSetUpWizard>Works</RunSetUpWizard>
    <ErrorHelpMenu>Works</ErrorHelpMenu>
    <CheckUpdatesHelpMenu>Works</CheckUpdatesHelpMenu>
    <ShortCutKeysHelpMenu>Works</ShortCutKeysHelpMenu>
    <LogConsoleLevels>Works</LogConsoleLevels>
  </HelpMenuTest>
  <MultiLanguageTest>
    <DescriptionChoice>Works</DescriptionChoice>
    <LongfieldEditor>Works</LongfieldEditor>
    <ControlledVocabularies1>Works</ControlledVocabularies1>
    <ControlledVocabularies2>Works</ControlledVocabularies2>
    <ControlledVocabularies3>Works</ControlledVocabularies3>
    <ControlledVocabularies4>Works</ControlledVocabularies4>
    <ClosedVocabularies>Works</ClosedVocabularies>
    <ControlledVocabulariesLongFE>Works</ControlledVocabulariesLongFE>
  </MultiLanguageTest>
  <AddResourcesTest>
    <AddWorkingDirectories>Works</AddWorkingDirectories>
    <AddResources>Works</AddResources>
    <AddResources2>Works</AddResources2>
    <AddNotArchivableFile>Works</AddNotArchivableFile>
    <AddResourceLocation>Works</AddResourceLocation>
  </AddResourcesTest>
  <ExternalUseTest>
    <MetadataCopytoExcel>Works</MetadataCopytoExcel>
    <MetadataCopytoExcel2>Works</MetadataCopytoExcel2>
  </ExternalUseTest>
  <TypeCheckerTest>
    <TypecheckerConfiguration1>Works</TypecheckerConfiguration1>
    <TypecheckerConfiguration2>Works</TypecheckerConfiguration2>
    <TypecheckerConfiguration3>Works</TypecheckerConfiguration3>
    <TypecheckerConfiguration4>Works</TypecheckerConfiguration4>
    <TypecheckerConfiguration5>Works</TypecheckerConfiguration5>
    <TypecheckerConfiguration6>Works</TypecheckerConfiguration6>
    <TypecheckerConfiguration6a>Works</TypecheckerConfiguration6a>
    <TypecheckerConfiguration6b>Works</TypecheckerConfiguration6b>
    <TypecheckerConfiguration7>Works</TypecheckerConfiguration7>
    <TypecheckerConfiguration8>Works</TypecheckerConfiguration8>
    <NewMimetype>Works</NewMimetype>
    <NewMimetype2>Works</NewMimetype2>
    <NewMimetype3>Works</NewMimetype3>
  </TypeCheckerTest>
  <HandleNodesTests>
    <DeleteNodeKey>Works</DeleteNodeKey>
    <DeleteNodeMenu>Works</DeleteNodeMenu>
  </HandleNodesTests>
</ArbilBugCheck>
