<?xml version="1.0" encoding="UTF-8"?>
<ArbilBugCheck xmlns:xsi="http://www.w3.org/2001/XMLSchema-instance" xsi:schemaLocation="https://idp.mpi.nl/testing https://idp.mpi.nl/testing/xsd_out.php?file=plans/arbil_CMDI.xml">
  <DateTime>2012-02-09</DateTime>
  <ArbilVersion>2.3.29</ArbilVersion>
  <OSVersion>Windows 7 (64 bit) Clean system</OSVersion>
  <Tester>geosaa</Tester>
  <IMDIWizardTest>
    <SA1></SA1>
    <SA1A></SA1A>
    <SA1B></SA1B>
    <SA1B1></SA1B1>
    <SA1B2></SA1B2>
    <SA1B3></SA1B3>
    <SA2></SA2>
    <SA2A></SA2A>
    <SA2B></SA2B>
    <SA2B1></SA2B1>
    <SA2B2></SA2B2>
  </IMDIWizardTest>
  <CMDIWizardTest>
    <SA1>Works</SA1>
    <SA1A>Works</SA1A>
    <CMDITestWizard1>Works</CMDITestWizard1>
    <CMDITestWizard2>Works</CMDITestWizard2>
    <CMDITestWizard3>Works</CMDITestWizard3>
    <CMDITestWizard4>Works</CMDITestWizard4>
    <CMDITestWizard5>Works</CMDITestWizard5>
    <CMDITestWizard6>Works</CMDITestWizard6>
  </CMDIWizardTest>
  <CMDI_Profiles>
    <AddCMDIProfileToLocalCorpus>Works</AddCMDIProfileToLocalCorpus>
    <ProfileFiltering>Works</ProfileFiltering>
    <ProfileFilteringLanuageSignSession>Works</ProfileFilteringLanuageSignSession>
    <ProfileFiltering1>Works</ProfileFiltering1>
    <ProfileFiltering2>Works</ProfileFiltering2>
    <ProfileFiltering3>Works</ProfileFiltering3>
    <ProfileFiltering4>Works</ProfileFiltering4>
    <ProfileFiltering5 error="#147">Mostly</ProfileFiltering5>
    <ProfileFiltering6>Works</ProfileFiltering6>
    <ArbitraryResourceProxyReferences>Works</ArbitraryResourceProxyReferences>
    <CMDIExportImportLocalSchema1>Works</CMDIExportImportLocalSchema1>
    <CMDIExportImportLocalSchema2>Works</CMDIExportImportLocalSchema2>
    <CMDIExportImportLocalSchema3>Works</CMDIExportImportLocalSchema3>
    <CMDIExportImportLocalSchema4>Works</CMDIExportImportLocalSchema4>
    <CMDIExportImportLocalSchema5>Works</CMDIExportImportLocalSchema5>
    <CMDIErroneousResourceTypeValue>Works</CMDIErroneousResourceTypeValue>
    <CMDIEditAttributes>Works</CMDIEditAttributes>
  </CMDI_Profiles>
  <GetMetadataTest>
    <IMDIAddCorpus></IMDIAddCorpus>
    <IMDIAddCorpusConName></IMDIAddCorpusConName>
    <IMDIAddCorpusNode></IMDIAddCorpusNode>
    <IMDIMaximumNumberNodesReached></IMDIMaximumNumberNodesReached>
    <IMDIAddSessionConName1></IMDIAddSessionConName1>
    <IMDIAddInvalidElements></IMDIAddInvalidElements>
    <SaveMenuChanges>Works</SaveMenuChanges>
    <IMDIChangesNodeSortingNS></IMDIChangesNodeSortingNS>
    <IMDIChangesTableOrdering></IMDIChangesTableOrdering>
    <IMDIChangesMetadataStr></IMDIChangesMetadataStr>
    <IMDIChangesTableandPreviewArea></IMDIChangesTableandPreviewArea>
    <CMDIChangesTableandPreviewArea>Works</CMDIChangesTableandPreviewArea>
    <FollowUpVoc>Works</FollowUpVoc>
    <IMDIMultipleValuesAdd></IMDIMultipleValuesAdd>
    <ImportExistinBrnchSavN>Works</ImportExistinBrnchSavN>
    <ImportExistinBrnchSve>Works</ImportExistinBrnchSve>
    <ImprtExistinBrnch>Works</ImprtExistinBrnch>
    <ImprtExistinBrnch1>Works</ImprtExistinBrnch1>
    <ImprtExistinBrnch2>Works</ImprtExistinBrnch2>
    <ImprtExistinBrnchDragDrop>Works</ImprtExistinBrnchDragDrop>
    <ImprtExistinBrnchDragDrop1>Works</ImprtExistinBrnchDragDrop1>
    <MovingMultipleSessions></MovingMultipleSessions>
    <ProfileFilteringMD1></ProfileFilteringMD1>
    <ProfileFilteringMD2></ProfileFilteringMD2>
    <ProfileFilteringMD3></ProfileFilteringMD3>
  </GetMetadataTest>
  <NodeSearchTest>
    <IMDIStartSearch></IMDIStartSearch>
    <DropNode>Works</DropNode>
    <OpenSearchWindow>Works</OpenSearchWindow>
    <CheckSearchWindow>Works</CheckSearchWindow>
    <IMDILocalSearch></IMDILocalSearch>
    <IMDILocalSearch2></IMDILocalSearch2>
    <IMDILocalSearch3></IMDILocalSearch3>
    <IMDIAdditionSearchAS></IMDIAdditionSearchAS>
    <IMDIAdditionSearchAS1></IMDIAdditionSearchAS1>
    <IMDIAdditionSearchAS2></IMDIAdditionSearchAS2>
    <IMDIAdditionSearchAS3></IMDIAdditionSearchAS3>
    <IMDIAdditionSearchAS4></IMDIAdditionSearchAS4>
    <IMDIAdditionSearchAS5></IMDIAdditionSearchAS5>
    <DroppingInTheSearchField>Works</DroppingInTheSearchField>
    <RemoteSearch error="#651">Strange</RemoteSearch>
  </NodeSearchTest>
  <NodeRightMouseMenu>
    <OpenInExternalApp error="#1372">Strange</OpenInExternalApp>
    <IMDIOpenInEnternalAppSession></IMDIOpenInEnternalAppSession>
    <IMDIOpenInEnternalAppMedia></IMDIOpenInEnternalAppMedia>
    <IMDIReImportBranch1></IMDIReImportBranch1>
    <IMDIReImportBranch2></IMDIReImportBranch2>
    <IMDIReImportBranch3></IMDIReImportBranch3>
    <ReImportMultipleNodes></ReImportMultipleNodes>
    <ViewXML>Works</ViewXML>
    <ViewImdiFormatted></ViewImdiFormatted>
    <OpenImdiFormatted></OpenImdiFormatted>
    <ExportImdiToHtml></ExportImdiToHtml>
    <CheckXmlConformance></CheckXmlConformance>
    <ExportIMDI></ExportIMDI>
    <ReimportIMDI></ReimportIMDI>
  </NodeRightMouseMenu>
  <ColumnsTests>
    <ArrangeColumns>Works</ArrangeColumns>
    <ArrangementColumns1>Works</ArrangementColumns1>
    <ArrangementMultipleColumns>Works</ArrangementMultipleColumns>
    <SaveColumnView>Works</SaveColumnView>
    <EditColumnView>Works</EditColumnView>
    <ShowOnlyCurrent>Works</ShowOnlyCurrent>
    <ColumnViewForThis>Works</ColumnViewForThis>
    <CopyTableWeb>Works</CopyTableWeb>
    <Embed error="slow">Mostly</Embed>
    <FindAndReplace>Works</FindAndReplace>
  </ColumnsTests>
  <FilesTest>
    <AddWorkingDirectory>Works</AddWorkingDirectory>
    <AddJpegImage>Works</AddJpegImage>
    <AddWAV error="problem with Windows 7 only">Mostly</AddWAV>
    <FilesShowHidden>Works</FilesShowHidden>
  </FilesTest>
  <FavouritesTest>
    <AddToFavourites></AddToFavourites>
    <AddFromFavourites></AddFromFavourites>
    <CMDIAddtoFavourites>Works</CMDIAddtoFavourites>
    <CMDIaddfromFavourites>Works</CMDIaddfromFavourites>
    <Remove>Works</Remove>
    <IMDIAddRechangeFav></IMDIAddRechangeFav>
    <IMDIAddIntoDiffSubnodeFav></IMDIAddIntoDiffSubnodeFav>
    <EditMetaData>Works</EditMetaData>
    <EditMetaData1>Works</EditMetaData1>
    <EditMeteData1>Works</EditMeteData1>
    <AddToElemInFav></AddToElemInFav>
    <AddToElemInFav2></AddToElemInFav2>
    <LongFieldEd>Works</LongFieldEd>
    <LongFieldEd1>Works</LongFieldEd1>
    <AddNewSessions>Works</AddNewSessions>
  </FavouritesTest>
  <FileMenuTest>
    <FileMenuSaveChanges>Works</FileMenuSaveChanges>
    <FileMenuSaveChanges1>Works</FileMenuSaveChanges1>
    <FileMenuShowModifiedNodes>Works</FileMenuShowModifiedNodes>
    <FileMenuImport>Works</FileMenuImport>
    <FileMenuExit>Works</FileMenuExit>
    <ExitMacOS1>Works</ExitMacOS1>
    <ExitMacOS2>Works</ExitMacOS2>
  </FileMenuTest>
  <OptionsMenuTest>
    <TemplatesAndProfiles>Works</TemplatesAndProfiles>
    <LocalCorpusStorageDirectory error="Ticket #1553 The files could not be moved to the requested location">Strange</LocalCorpusStorageDirectory>
    <EditLanguageList></EditLanguageList>
    <IMDIRe-downloadCurrentVocabulary></IMDIRe-downloadCurrentVocabulary>
    <Re-downloadCurrentVocabulary1></Re-downloadCurrentVocabulary1>
    <Re-downloadCurrentVocabulary2></Re-downloadCurrentVocabulary2>
    <SaveWindowsOnExit>Works</SaveWindowsOnExit>
    <SaveWindowsOnExit1>Works</SaveWindowsOnExit1>
    <ShowSelectionPreview>Works</ShowSelectionPreview>
    <CopyNewResourcesIntoCache></CopyNewResourcesIntoCache>
    <CopyNewResourcesIntoCacheN></CopyNewResourcesIntoCacheN>
    <CheckPermisForRemoteResources>Works</CheckPermisForRemoteResources>
    <AlwaysCheckLocalMetdatFilesForXMLConformance>Works</AlwaysCheckLocalMetdatFilesForXMLConformance>
    <ShowLanguageInColumnName>Works</ShowLanguageInColumnName>
    <ColumnViewForNewTables>Works</ColumnViewForNewTables>
    <CloseAllWindows>Works</CloseAllWindows>
  </OptionsMenuTest>
  <HelpMenuTest>
    <AboutHelpMenu>Works</AboutHelpMenu>
    <HelpMenu>Works</HelpMenu>
    <HelpMenuF1>Works</HelpMenuF1>
    <ArbilForumHelpMenu>Works</ArbilForumHelpMenu>
    <HelpMenuInSyncManual>Works</HelpMenuInSyncManual>
    <RunSetUpWizard>Works</RunSetUpWizard>
    <ErrorHelpMenu>Works</ErrorHelpMenu>
    <CheckUpdatesHelpMenu>Works</CheckUpdatesHelpMenu>
    <ShortCutKeysHelpMenu>Works</ShortCutKeysHelpMenu>
  </HelpMenuTest>
  <MultiLanguageTest>
    <DescriptionChoice>Works</DescriptionChoice>
    <LongfieldEditor>Works</LongfieldEditor>
    <ControlledVocabularies1>Works</ControlledVocabularies1>
    <ControlledVocabularies2>Works</ControlledVocabularies2>
    <ClosedVocabularies>Works</ClosedVocabularies>
    <ControlledVocabulariesLongFE>Works</ControlledVocabulariesLongFE>
    <IMDIMPILanguagesDescription1></IMDIMPILanguagesDescription1>
    <IMDIMPILanguagesDescription2></IMDIMPILanguagesDescription2>
  </MultiLanguageTest>
  <TypeCheckerTest>
    <TypecheckerConfiguration1>Works</TypecheckerConfiguration1>
    <TypecheckerConfiguration2>Works</TypecheckerConfiguration2>
    <TypecheckerConfiguration3>Works</TypecheckerConfiguration3>
    <TypecheckerConfiguration4>Works</TypecheckerConfiguration4>
    <TypecheckerConfiguration5>Works</TypecheckerConfiguration5>
    <TypecheckerConfiguration6>Works</TypecheckerConfiguration6>
    <TypecheckerConfiguration6a>Works</TypecheckerConfiguration6a>
    <TypecheckerConfiguration6b>Works</TypecheckerConfiguration6b>
    <TypecheckerConfiguration7>Works</TypecheckerConfiguration7>
    <TypecheckerConfiguration8>Works</TypecheckerConfiguration8>
    <Resource_TypeNotInferredFromMimetype></Resource_TypeNotInferredFromMimetype>
  </TypeCheckerTest>
  <HandleNodesTests>
    <DeleteNodeKey>Works</DeleteNodeKey>
    <DeleteNodeMenu>Works</DeleteNodeMenu>
  </HandleNodesTests>
</ArbilBugCheck>
