<?xml version="1.0" encoding="UTF-8"?>
<ArbilBugCheck xmlns:xsi="http://www.w3.org/2001/XMLSchema-instance" xsi:schemaLocation="https://lux15.mpi.nl/testing https://lux15.mpi.nl/testing/xsd_out.php?file=plans/arbil_clarin.xml">
  <DateTime>2013-01-21</DateTime>
  <ArbilVersion>2.4</ArbilVersion>
  <OSVersion>windows 7, firefox</OSVersion>
  <Tester>sauciv</Tester>
  <TestPlanRevision>34742</TestPlanRevision>
  <CMDIWizardTest>
    <SA1>Works</SA1>
    <SA1A>Works</SA1A>
    <CMDITestWizard1>Works</CMDITestWizard1>
    <CMDITestWizard2>Works</CMDITestWizard2>
    <CMDITestWizard3>Works</CMDITestWizard3>
    <CMDITestWizard4>Works</CMDITestWizard4>
    <CMDITestWizard5>Works</CMDITestWizard5>
    <CMDITestWizard6>Works</CMDITestWizard6>
  </CMDIWizardTest>
  <CMDI_Profiles>
    <AddCMDIProfileToLocalCorpus>Works</AddCMDIProfileToLocalCorpus>
    <ProfileFiltering>Works</ProfileFiltering>
    <ProfileFilteringLanuageSignSession>Works</ProfileFilteringLanuageSignSession>
    <ProfileFiltering1>Works</ProfileFiltering1>
    <ProfileFiltering2>Works</ProfileFiltering2>
    <ProfileFiltering3>Works</ProfileFiltering3>
    <ProfileFiltering4>Works</ProfileFiltering4>
    <ProfileFiltering5 error="It does not matter whether &quot;Only load profiles selected for manual editing&quot; is Checked or unchecked. I got the same list in either ways. ">Strange</ProfileFiltering5>
    <ProfileFiltering6>Works</ProfileFiltering6>
    <ArbitraryResourceProxyReferences>Works</ArbitraryResourceProxyReferences>
    <CMDIExportImportLocalSchema1>Works</CMDIExportImportLocalSchema1>
    <CMDIExportImportLocalSchema2>Works</CMDIExportImportLocalSchema2>
    <CMDIExportImportLocalSchema3 error="'Boedelbank' and 'TextCorpusProfile' are actually exported in a directory of my system. However, a window pops up showing the follow message: 'Processed 2 Metadatafiles. There were 2 files that validate and have xml errors.' ">Strange</CMDIExportImportLocalSchema3>
    <CMDIExportImportLocalSchema4>Works</CMDIExportImportLocalSchema4>
    <CMDIProfilesRefreshBotton>Works</CMDIProfilesRefreshBotton>
    <CMDIExportImportLocalSchema5 error="It works, namely the node has been re-imported in the local corpus and in the right hierarchy, but I got the same message in the window (see item 13)">Strange</CMDIExportImportLocalSchema5>
    <CMDIErroneousResourceTypeValue error="When adding the work directory in which I want to selcet a text file, it does not work or to better say it only shows 'loading node' with no results. ">Strange</CMDIErroneousResourceTypeValue>
    <CMDIEditAttributes>Works</CMDIEditAttributes>
  </CMDI_Profiles>
  <GetMetadataTest>
    <CMDIAddProfile error="Although the profile which I created is in the list Templates and Profiles, when I add the profile, a different one is added in the local corpus. At the same time a window pops up with the actual profile!">Strange</CMDIAddProfile>
    <CMDAddProfileConName>Works</CMDAddProfileConName>
    <CMDIAddProfileNode error="The component is added in the window which shows the characteristics of the profile but not in the local corpus.">Strange</CMDIAddProfileNode>
    <CMDIMaximumNumberNodesReached>Works</CMDIMaximumNumberNodesReached>
    <CMDIAddComponentConName1>Works</CMDIAddComponentConName1>
    <SaveMenuChanges>Works</SaveMenuChanges>
    <CMDIChangesNodeSortingNS>Works</CMDIChangesNodeSortingNS>
    <CMDIChangesTableOrdering>Works</CMDIChangesTableOrdering>
    <CMDIChangesMetadataStr>Works</CMDIChangesMetadataStr>
    <CMDIChangesTableandPreviewArea>Works</CMDIChangesTableandPreviewArea>
    <CMDIMultipleValuesAdd>Works</CMDIMultipleValuesAdd>
    <ImportExistinBrnchSavN>Works</ImportExistinBrnchSavN>
    <ImportExistinBrnchSve>Works</ImportExistinBrnchSve>
    <ImprtExistinBrnch>Works</ImprtExistinBrnch>
    <ImprtExistinBrnch1>Works</ImprtExistinBrnch1>
    <ImprtExistinBrnch2>Works</ImprtExistinBrnch2>
    <ImprtExistinBrnchDragDrop>Works</ImprtExistinBrnchDragDrop>
    <ImprtExistinBrnchDragDrop1>Works</ImprtExistinBrnchDragDrop1>
    <MovingMultipleSessions>Works</MovingMultipleSessions>
  </GetMetadataTest>
  <NodeSearchTest>
    <CMDIStartSearch error="It works although I got a message: 'There were 1 files to validate and have xml errors'.">Mostly</CMDIStartSearch>
    <DropNode>Works</DropNode>
    <OpenSearchWindow>Works</OpenSearchWindow>
    <CheckSearchWindow>Works</CheckSearchWindow>
    <CMDILocalSearch>Works</CMDILocalSearch>
    <CMDILocalSearch2>Works</CMDILocalSearch2>
    <CMDILocalSearch3 error="Results found: 6083.">Strange</CMDILocalSearch3>
    <CMDIAdditionSearchAS>Works</CMDIAdditionSearchAS>
    <CMDIAdditionSearchAS1>Works</CMDIAdditionSearchAS1>
    <CMDIAdditionSearchAS2>Works</CMDIAdditionSearchAS2>
    <CMDIAdditionSearchAS3 error="Results found: 0.">Strange</CMDIAdditionSearchAS3>
    <IMDIAdditionSearchAS5 error="The are actually 8 options because also the previous 'Code' has been added.">Mostly</IMDIAdditionSearchAS5>
    <DroppingInTheSearchField></DroppingInTheSearchField>
  </NodeSearchTest>
  <NodeRightMouseMenu>
    <OpenInExternalApp></OpenInExternalApp>
    <CMDIOpenInEnternalAppSession></CMDIOpenInEnternalAppSession>
    <CMDIOpenInEnternalAppMedia></CMDIOpenInEnternalAppMedia>
    <CMDIReImportBranch1></CMDIReImportBranch1>
    <CMDIReImportBranch2></CMDIReImportBranch2>
    <IMDIReImportBranch3></IMDIReImportBranch3>
    <ReImportMultipleNodes></ReImportMultipleNodes>
    <ViewXML></ViewXML>
    <ExportMetadata1></ExportMetadata1>
    <ExportMetadata2></ExportMetadata2>
    <ExportMetadata3></ExportMetadata3>
    <ExportMetadataWithResources></ExportMetadataWithResources>
    <ExportMetadataHierarchy></ExportMetadataHierarchy>
    <CheckXmlConformance></CheckXmlConformance>
    <CMDICheckXmlConformance1></CMDICheckXmlConformance1>
    <CMDICheckXmlConformance2></CMDICheckXmlConformance2>
  </NodeRightMouseMenu>
  <ColumnsTests>
    <ArrangeColumns></ArrangeColumns>
    <ArrangementColumns1></ArrangementColumns1>
    <ArrangementMultipleColumns></ArrangementMultipleColumns>
    <SaveColumnView></SaveColumnView>
    <EditColumnView></EditColumnView>
    <ShowOnlyCurrent></ShowOnlyCurrent>
    <ColumnViewForThis></ColumnViewForThis>
    <CopyTableWeb></CopyTableWeb>
    <Embed></Embed>
    <FindAndReplace></FindAndReplace>
  </ColumnsTests>
  <FilesTest>
    <AddWorkingDirectory></AddWorkingDirectory>
    <AddJpegImage></AddJpegImage>
    <AddWAV></AddWAV>
    <FilesShowHidden></FilesShowHidden>
  </FilesTest>
  <FavouritesTest>
    <AddToFavourites></AddToFavourites>
    <AddFromFavourites></AddFromFavourites>
    <CMDIAddtoFavourites></CMDIAddtoFavourites>
    <CMDIaddfromFavourites></CMDIaddfromFavourites>
    <Remove></Remove>
    <CMDIAddRechangeFav></CMDIAddRechangeFav>
    <CMDIAddIntoDiffSubnodeFav></CMDIAddIntoDiffSubnodeFav>
    <EditMetaData></EditMetaData>
    <EditMetaData1></EditMetaData1>
    <EditMeteData1></EditMeteData1>
    <AddToElemInFav></AddToElemInFav>
    <AddToElemInFav2></AddToElemInFav2>
    <LongFieldEd></LongFieldEd>
    <LongFieldEd1></LongFieldEd1>
  </FavouritesTest>
  <FileMenuTest>
    <FileMenuSaveChanges></FileMenuSaveChanges>
    <FileMenuSaveChanges1></FileMenuSaveChanges1>
    <FileMenuShowModifiedNodes></FileMenuShowModifiedNodes>
    <FileMenuImport></FileMenuImport>
    <FileMenuExit></FileMenuExit>
    <ExitMacOS1></ExitMacOS1>
    <ExitMacOS2></ExitMacOS2>
  </FileMenuTest>
  <OptionsMenuTest>
    <TemplatesAndProfiles></TemplatesAndProfiles>
    <LocalCorpusStorageDirectory></LocalCorpusStorageDirectory>
    <SaveWindowsOnExit></SaveWindowsOnExit>
    <SaveWindowsOnExit1></SaveWindowsOnExit1>
    <ShowSelectionPreview></ShowSelectionPreview>
    <CopyNewResourcesIntoCache></CopyNewResourcesIntoCache>
    <CopyNewResourcesIntoCacheN></CopyNewResourcesIntoCacheN>
    <CheckPermisForRemoteResources></CheckPermisForRemoteResources>
    <AlwaysCheckLocalMetdatFilesForXMLConformance></AlwaysCheckLocalMetdatFilesForXMLConformance>
    <ShowLanguageInColumnName></ShowLanguageInColumnName>
    <ColumnViewForNewTables></ColumnViewForNewTables>
    <CloseAllWindows></CloseAllWindows>
  </OptionsMenuTest>
  <HelpMenuTest>
    <AboutHelpMenu></AboutHelpMenu>
    <HelpMenu></HelpMenu>
    <HelpMenuF1></HelpMenuF1>
    <ArbilForumHelpMenu></ArbilForumHelpMenu>
    <HelpMenuInSyncManual></HelpMenuInSyncManual>
    <RunSetUpWizard></RunSetUpWizard>
    <ErrorHelpMenu></ErrorHelpMenu>
    <CheckUpdatesHelpMenu></CheckUpdatesHelpMenu>
    <ShortCutKeysHelpMenu></ShortCutKeysHelpMenu>
  </HelpMenuTest>
  <MultiLanguageTest>
    <DescriptionChoice></DescriptionChoice>
    <LongfieldEditor></LongfieldEditor>
    <ControlledVocabularies1></ControlledVocabularies1>
    <ControlledVocabularies2></ControlledVocabularies2>
    <ControlledVocabularies3></ControlledVocabularies3>
    <ControlledVocabularies4></ControlledVocabularies4>
    <ClosedVocabularies></ClosedVocabularies>
    <ControlledVocabulariesLongFE></ControlledVocabulariesLongFE>
  </MultiLanguageTest>
  <AddResourcesTest>
    <AddWorkingDirectories></AddWorkingDirectories>
    <AddResources></AddResources>
    <AddResources2></AddResources2>
    <AddNotArchivableFile></AddNotArchivableFile>
    <AddResourceLocation></AddResourceLocation>
  </AddResourcesTest>
  <TypeCheckerTest>
    <TypecheckerConfiguration1></TypecheckerConfiguration1>
    <TypecheckerConfiguration2></TypecheckerConfiguration2>
    <TypecheckerConfiguration3></TypecheckerConfiguration3>
    <TypecheckerConfiguration4></TypecheckerConfiguration4>
    <TypecheckerConfiguration5></TypecheckerConfiguration5>
    <TypecheckerConfiguration6></TypecheckerConfiguration6>
    <TypecheckerConfiguration6a></TypecheckerConfiguration6a>
    <TypecheckerConfiguration6b></TypecheckerConfiguration6b>
    <TypecheckerConfiguration7></TypecheckerConfiguration7>
    <TypecheckerConfiguration8></TypecheckerConfiguration8>
  </TypeCheckerTest>
  <HandleNodesTests>
    <DeleteNodeKey></DeleteNodeKey>
    <DeleteNodeMenu></DeleteNodeMenu>
  </HandleNodesTests>
</ArbilBugCheck>
