<?xml version="1.0" encoding="UTF-8"?>
<Arbil-IMDIBugCheck xmlns:xsi="http://www.w3.org/2001/XMLSchema-instance" xsi:schemaLocation="https://lux15.mpi.nl/testing https://lux15.mpi.nl/testing/xsd_out.php?file=plans/arbil-IMDI.xml">
  <DateTime>2014-06-12</DateTime>
  <Arbil-IMDIVersion>2.5.1035</Arbil-IMDIVersion>
  <OSVersion>Mac OS X 10.6.8; Windows 7 64 bit</OSVersion>
  <Tester>frabec</Tester>
  <TestPlanRevision>41113</TestPlanRevision>
  <IMDIWizardTest>
    <SA1>Works</SA1>
    <LanguageSelection>Works</LanguageSelection>
    <SA1A>Works</SA1A>
    <SA1B>Works</SA1B>
    <SA1B1>Works</SA1B1>
    <SA1B2>Works</SA1B2>
    <SA1B3>Works</SA1B3>
    <LanguageSelection2>Works</LanguageSelection2>
    <SA2>Works</SA2>
    <SA2A>Works</SA2A>
    <SA2B>Works</SA2B>
    <SA2B1>Works</SA2B1>
    <SA2B2>Works</SA2B2>
  </IMDIWizardTest>
  <Node_loading>
    <Observe_loading error="The loading is so slow that it gets stuck. Ref. ticket #3998. ">Fails</Observe_loading>
    <Observe_loading2>Works</Observe_loading2>
  </Node_loading>
  <GetMetadataTest>
    <IMDIAddCorpus>Works</IMDIAddCorpus>
    <IMDIAddCorpusConName>Works</IMDIAddCorpusConName>
    <IMDIAddCorpusNode>Works</IMDIAddCorpusNode>
    <IMDIMaximumNumberNodesReached>Works</IMDIMaximumNumberNodesReached>
    <IMDIDisabledItems>Works</IMDIDisabledItems>
    <IMDIAddSessionConName1>Works</IMDIAddSessionConName1>
    <SaveMenuChanges>Works</SaveMenuChanges>
    <IMDIChangesNodeSortingNS>Works</IMDIChangesNodeSortingNS>
    <IMDIChangesTableOrdering>Works</IMDIChangesTableOrdering>
    <IMDIChangesMetadataStr>Works</IMDIChangesMetadataStr>
    <IMDIChangesTableandPreviewArea>Works</IMDIChangesTableandPreviewArea>
    <FollowUpVoc>Works</FollowUpVoc>
    <IMDIMultipleValuesAdd>Works</IMDIMultipleValuesAdd>
    <ImportExistinBrnchSavN>Works</ImportExistinBrnchSavN>
    <ImportExistinBrnchSve>Works</ImportExistinBrnchSve>
    <ImprtExistinBrnch>Works</ImprtExistinBrnch>
    <ImprtExistinBrnch1>Works</ImprtExistinBrnch1>
    <ImprtExistinBrnch2>Works</ImprtExistinBrnch2>
    <ImprtExistinBrnchDragDrop>Works</ImprtExistinBrnchDragDrop>
    <ImprtExistinBrnchDragDrop1>Works</ImprtExistinBrnchDragDrop1>
    <MovingMultipleSessions>Works</MovingMultipleSessions>
    <ProfileFilteringMD1>Works</ProfileFilteringMD1>
    <ProfileFilteringMD3>Works</ProfileFilteringMD3>
  </GetMetadataTest>
  <NodeSearchTest>
    <IMDIStartSearch>Works</IMDIStartSearch>
    <DropNode>Works</DropNode>
    <OpenSearchWindow>Works</OpenSearchWindow>
    <CheckSearchWindow>Works</CheckSearchWindow>
    <IMDILocalSearch>Works</IMDILocalSearch>
    <IMDILocalSearch2>Works</IMDILocalSearch2>
    <IMDILocalSearch3>Works</IMDILocalSearch3>
    <IMDIAdditionSearchAS>Works</IMDIAdditionSearchAS>
    <IMDIAdditionSearchAS1>Works</IMDIAdditionSearchAS1>
    <IMDIAdditionSearchAS2>Works</IMDIAdditionSearchAS2>
    <IMDIAdditionSearchAS3 error="See ticket #3989 about cell highlighting and case (in)sensitiveness of the search results (2.6 release).">Mostly</IMDIAdditionSearchAS3>
    <IMDIAdditionSearchAS4>Works</IMDIAdditionSearchAS4>
    <IMDIAdditionSearchAS5>Works</IMDIAdditionSearchAS5>
    <DroppingInTheSearchField>Works</DroppingInTheSearchField>
    <RemoteSearch>Works</RemoteSearch>
    <RemoteSearchFiltered>Works</RemoteSearchFiltered>
    <DisplayOfSearchResults1>Works</DisplayOfSearchResults1>
    <DisplayOfSearchResults2>Works</DisplayOfSearchResults2>
    <DisplayOfSearchResults3>Works</DisplayOfSearchResults3>
  </NodeSearchTest>
  <NodeRightMouseMenu>
    <ViewSelectedChangeLabels>Works</ViewSelectedChangeLabels>
    <ViewSelectedChangeLabelsB>Works</ViewSelectedChangeLabelsB>
    <OpenInExternalApp>Works</OpenInExternalApp>
    <IMDIOpenInEnternalAppSession>Works</IMDIOpenInEnternalAppSession>
    <IMDIOpenInEnternalAppMedia>Works</IMDIOpenInEnternalAppMedia>
    <IMDIReImportBranch1>Works</IMDIReImportBranch1>
    <IMDIReImportBranch2>Works</IMDIReImportBranch2>
    <IMDIReImportBranch3>Works</IMDIReImportBranch3>
    <ReImportMultipleNodes>Works</ReImportMultipleNodes>
    <ViewXML>Works</ViewXML>
    <ViewImdiFormatted>Works</ViewImdiFormatted>
    <OpenImdiFormatted>Works</OpenImdiFormatted>
    <IMDIExportImdiToHtml>Works</IMDIExportImdiToHtml>
    <IMDIExportImdiToHtml2>Works</IMDIExportImdiToHtml2>
    <ExportMetadata1>Works</ExportMetadata1>
    <ExportMetadata2>Works</ExportMetadata2>
    <ExportMetadata3>Works</ExportMetadata3>
    <ExportMetadataWithResources>Works</ExportMetadataWithResources>
    <ExportExternally>Works</ExportExternally>
    <ImportExternally>Works</ImportExternally>
    <ExportMetadataHierarchy>Works</ExportMetadataHierarchy>
    <ExportMetadataHierarchy2>Works</ExportMetadataHierarchy2>
    <ExportMetadataHierarchy3>Works</ExportMetadataHierarchy3>
    <ReimportMetadataHierarchy>Works</ReimportMetadataHierarchy>
    <CheckXmlConformance>Works</CheckXmlConformance>
    <IMDICheckXmlConformance2>Works</IMDICheckXmlConformance2>
    <AddRemoteNodeToRoot>Works</AddRemoteNodeToRoot>
  </NodeRightMouseMenu>
  <ColumnsTests>
    <ArrangeColumns>Works</ArrangeColumns>
    <ArrangementColumns1 error="(Mac/Windows/Ubuntu) Columns are not re-arranged in a systematic way. See CMDI ticket #3577 (2.6 release).">Fails</ArrangementColumns1>
    <ArrangementMultipleColumns>Works</ArrangementMultipleColumns>
    <SaveColumnView>Works</SaveColumnView>
    <EditColumnView>Works</EditColumnView>
    <ShowOnlyCurrent>Works</ShowOnlyCurrent>
    <CopyTableWeb>Works</CopyTableWeb>
    <Embed error="(Mac/Windows/Ubuntu) It seems to open the website but it does nothing. I get a Java error message saying I lack permission. See ticket #3600 (set to 2.6 release).">Fails</Embed>
    <FindAndReplace>Works</FindAndReplace>
    <DeleteFields>Works</DeleteFields>
    <DeleteFields2>Works</DeleteFields2>
    <DeleteFields3>Works</DeleteFields3>
    <DeleteNodes>Works</DeleteNodes>
    <DeleteField>Works</DeleteField>
  </ColumnsTests>
  <FilesTest>
    <AddWorkingDirectory>Works</AddWorkingDirectory>
    <AddJpegImage>Works</AddJpegImage>
    <AddJpegImage2>Works</AddJpegImage2>
    <AddWAV>Works</AddWAV>
    <FilesShowHidden>Works</FilesShowHidden>
  </FilesTest>
  <FavouritesTest>
    <AddToFavourites>Works</AddToFavourites>
    <AddFromFavourites>Works</AddFromFavourites>
    <Remove>Works</Remove>
    <IMDIAddRechangeFav>Works</IMDIAddRechangeFav>
    <IMDIAddIntoDiffSubnodeFav error="(Mac/Windows/Ubuntu) When I try to add the actor to the node I get a + icon and the node reloads as if it were effectively adding the actor (which is not the case in the end though). Ref. ticket #3999 (2.6 release).">Fails</IMDIAddIntoDiffSubnodeFav>
    <EditMetaData>Works</EditMetaData>
    <EditMetaData1>Works</EditMetaData1>
    <AddToElemInFav>Works</AddToElemInFav>
    <AddToElemInFav2>Works</AddToElemInFav2>
    <LongFieldEd>Works</LongFieldEd>
    <LongFieldEd1>Works</LongFieldEd1>
    <GroupedByType>Works</GroupedByType>
    <AddNewSessions>Works</AddNewSessions>
    <ExportFavourites>Works</ExportFavourites>
    <ExportFavourites2>Works</ExportFavourites2>
    <ImportFavourites>Works</ImportFavourites>
    <ImportFavourites2>Works</ImportFavourites2>
  </FavouritesTest>
  <FileMenuTest>
    <FileMenuSaveChanges>Works</FileMenuSaveChanges>
    <FileMenuSaveChanges1>Works</FileMenuSaveChanges1>
    <FileMenuShowModifiedNodes>Works</FileMenuShowModifiedNodes>
    <FileMenuImport>Works</FileMenuImport>
    <FileMenuExit>Works</FileMenuExit>
    <ExitMacOS1>Works</ExitMacOS1>
    <ExitMacOS2>Works</ExitMacOS2>
  </FileMenuTest>
  <OptionsMenuTest>
    <TemplatesAndProfiles>Works</TemplatesAndProfiles>
    <EditLanguageList>Works</EditLanguageList>
    <IMDIRe-downloadCurrentVocabulary>Works</IMDIRe-downloadCurrentVocabulary>
    <Re-downloadCurrentVocabulary1>Works</Re-downloadCurrentVocabulary1>
    <Re-downloadCurrentVocabulary2>Works</Re-downloadCurrentVocabulary2>
    <SaveWindowsOnExit>Works</SaveWindowsOnExit>
    <SaveWindowsOnExit1>Works</SaveWindowsOnExit1>
    <WindowsPixelSize error="TO TEST ON WINDOWS">Empty</WindowsPixelSize>
    <WindowsPixelSize1 error="TO TEST ON WINDOWS">Empty</WindowsPixelSize1>
    <CopyNewResourcesIntoCache error="(Mac/Windows/Ubuntu) The jpg file cannot be pasted into the session. See ticket #3622 (2.6 release). It can be dragged and dropped, though, and the resource link is stored in the ArbilWorkingFiles directory.">Mostly</CopyNewResourcesIntoCache>
    <CopyNewResourcesIntoCacheN error="(Mac/Windows/Ubuntu) The jpg file cannot be pasted into the session. See ticket #3622 (2.6 release). It can be dragged and dropped, though, and the resource link is stored in the working directory.">Mostly</CopyNewResourcesIntoCacheN>
    <CheckPermisForRemoteResources error="Impossible to check because the loading is so slow that it gets stuck. Ref. ticket #3998. ">Fails</CheckPermisForRemoteResources>
    <CheckPermisForRemoteResources2 error="Impossible to check because the loading is so slow that it gets stuck. Ref. ticket #3998. ">Fails</CheckPermisForRemoteResources2>
    <AlwaysCheckLocalMetdatFilesForXMLConformance>Works</AlwaysCheckLocalMetdatFilesForXMLConformance>
    <ShowLanguageInColumnName>Works</ShowLanguageInColumnName>
    <ColumnViewForNewTables>Works</ColumnViewForNewTables>
    <CloseAllWindows>Works</CloseAllWindows>
    <LocalCorpusStorageDirect_ error="Ref. ticket #3580. The nodes do remain in the local corpus, but what is in the Favorites is still moved to the Files tab.">Mostly</LocalCorpusStorageDirect_>
    <TrackTableSelectionInTree>Works</TrackTableSelectionInTree>
    <VerbatimStructure>Works</VerbatimStructure>
  </OptionsMenuTest>
  <ViewMenuTest>
    <ShowSelectionPreview>Works</ShowSelectionPreview>
    <ShowSelectionPreview2>Works</ShowSelectionPreview2>
    <FontSize>Works</FontSize>
    <FontSize2>Works</FontSize2>
    <FontSize3>Works</FontSize3>
  </ViewMenuTest>
  <HelpMenuTest>
    <AboutHelpMenu>Works</AboutHelpMenu>
    <HelpMenu>Works</HelpMenu>
    <HelpMenuF1>Works</HelpMenuF1>
    <ArbilForumHelpMenu>Works</ArbilForumHelpMenu>
    <HelpMenuInSyncManual error="Only &quot;note.png&quot; image missing. Ref. ticket #3631.">Mostly</HelpMenuInSyncManual>
    <RunSetUpWizard>Works</RunSetUpWizard>
    <ErrorHelpMenu>Works</ErrorHelpMenu>
    <CheckUpdatesHelpMenu>Works</CheckUpdatesHelpMenu>
    <ShortCutKeysHelpMenu>Works</ShortCutKeysHelpMenu>
    <LogConsoleLevels>Works</LogConsoleLevels>
  </HelpMenuTest>
  <MultiLanguageTest>
    <DescriptionChoice>Works</DescriptionChoice>
    <LongfieldEditor>Works</LongfieldEditor>
    <ControlledVocabularies1>Works</ControlledVocabularies1>
    <ControlledVocabularies2>Works</ControlledVocabularies2>
    <ControlledVocabularies3 error="This is Arbil IMDI.">Empty</ControlledVocabularies3>
    <ControlledVocabularies4>Works</ControlledVocabularies4>
    <ClosedVocabularies>Works</ClosedVocabularies>
    <ControlledVocabulariesLongFE>Works</ControlledVocabulariesLongFE>
    <IMDIMPILanguagesDescription1>Works</IMDIMPILanguagesDescription1>
    <IMDIMPILanguagesDescription2>Works</IMDIMPILanguagesDescription2>
  </MultiLanguageTest>
  <AddResourcesTest>
    <AddWorkingDirectories>Works</AddWorkingDirectories>
    <AddResources>Works</AddResources>
    <AddResources2>Works</AddResources2>
    <AddNotArchivableFile>Works</AddNotArchivableFile>
    <AddResourceLocation>Works</AddResourceLocation>
  </AddResourcesTest>
  <ExternalUseTest>
    <MetadataCopytoExcel>Works</MetadataCopytoExcel>
    <MetadataCopytoExcel2>Works</MetadataCopytoExcel2>
  </ExternalUseTest>
  <TypeCheckerTest>
    <TypecheckerConfiguration1>Works</TypecheckerConfiguration1>
    <TypecheckerConfiguration2>Works</TypecheckerConfiguration2>
    <TypecheckerConfiguration3>Works</TypecheckerConfiguration3>
    <TypecheckerConfiguration4>Works</TypecheckerConfiguration4>
    <TypecheckerConfiguration5>Works</TypecheckerConfiguration5>
    <TypecheckerConfiguration6>Works</TypecheckerConfiguration6>
    <TypecheckerConfiguration6a>Works</TypecheckerConfiguration6a>
    <TypecheckerConfiguration6b>Works</TypecheckerConfiguration6b>
    <TypecheckerConfiguration6c>Works</TypecheckerConfiguration6c>
    <TypecheckerConfiguration7>Works</TypecheckerConfiguration7>
    <TypecheckerConfiguration8>Works</TypecheckerConfiguration8>
    <NewMimetype>Works</NewMimetype>
    <NewMimetype2>Works</NewMimetype2>
    <NewMimetype3>Works</NewMimetype3>
    <NewMimetype4>Works</NewMimetype4>
    <NewMimetype5>Works</NewMimetype5>
  </TypeCheckerTest>
  <HandleNodesTests>
    <DeleteNodeKey>Works</DeleteNodeKey>
    <DeleteNodeMenu>Works</DeleteNodeMenu>
  </HandleNodesTests>
</Arbil-IMDIBugCheck>
