<?xml version="1.0" encoding="UTF-8"?>
<ArbilBugCheck xmlns:xsi="http://www.w3.org/2001/XMLSchema-instance" xsi:schemaLocation="https://lux15.mpi.nl/testing https://lux15.mpi.nl/testing/xsd_out.php?file=plans/arbil_IMDI.xml">
  <DateTime>2013-01-30</DateTime>
  <ArbilVersion>2.4</ArbilVersion>
  <OSVersion>windows 7, firefox</OSVersion>
  <Tester>sauciv</Tester>
  <TestPlanRevision>35471</TestPlanRevision>
  <IMDIWizardTest>
    <SA1>Works</SA1>
    <SA1A>Works</SA1A>
    <SA1B>Works</SA1B>
    <SA1B1>Works</SA1B1>
    <SA1B2>Works</SA1B2>
    <SA1B3>Works</SA1B3>
    <SA2>Works</SA2>
    <SA2A>Works</SA2A>
    <SA2B>Works</SA2B>
    <SA2B1>Works</SA2B1>
    <SA2B2>Works</SA2B2>
  </IMDIWizardTest>
  <GetMetadataTest>
    <IMDIAddCorpus>Works</IMDIAddCorpus>
    <IMDIAddCorpusConName>Works</IMDIAddCorpusConName>
    <IMDIAddCorpusNode>Works</IMDIAddCorpusNode>
    <IMDIMaximumNumberNodesReached>Works</IMDIMaximumNumberNodesReached>
    <IMDIAddSessionConName1>Works</IMDIAddSessionConName1>
    <IMDIAddInvalidElements>Works</IMDIAddInvalidElements>
    <SaveMenuChanges>Works</SaveMenuChanges>
    <IMDIChangesNodeSortingNS>Works</IMDIChangesNodeSortingNS>
    <IMDIChangesTableOrdering>Works</IMDIChangesTableOrdering>
    <IMDIChangesMetadataStr>Works</IMDIChangesMetadataStr>
    <IMDIChangesTableandPreviewArea>Works</IMDIChangesTableandPreviewArea>
    <FollowUpVoc>Works</FollowUpVoc>
    <IMDIMultipleValuesAdd>Works</IMDIMultipleValuesAdd>
    <ImportExistinBrnchSavN error="I did not get any message about saving the changes. The import has been made.">Mostly</ImportExistinBrnchSavN>
    <ImportExistinBrnchSve error="Same as before.">Mostly</ImportExistinBrnchSve>
    <ImprtExistinBrnch>Works</ImprtExistinBrnch>
    <ImprtExistinBrnch1>Works</ImprtExistinBrnch1>
    <ImprtExistinBrnch2>Works</ImprtExistinBrnch2>
    <ImprtExistinBrnchDragDrop>Works</ImprtExistinBrnchDragDrop>
    <ImprtExistinBrnchDragDrop1>Works</ImprtExistinBrnchDragDrop1>
    <MovingMultipleSessions>Works</MovingMultipleSessions>
    <ProfileFilteringMD1>Works</ProfileFilteringMD1>
    <ProfileFilteringMD2>Works</ProfileFilteringMD2>
    <ProfileFilteringMD3 error="">Empty</ProfileFilteringMD3>
  </GetMetadataTest>
  <NodeSearchTest>
    <IMDIStartSearch>Works</IMDIStartSearch>
    <DropNode>Works</DropNode>
    <OpenSearchWindow>Works</OpenSearchWindow>
    <CheckSearchWindow>Works</CheckSearchWindow>
    <IMDILocalSearch>Works</IMDILocalSearch>
    <IMDILocalSearch2>Works</IMDILocalSearch2>
    <IMDILocalSearch3>Works</IMDILocalSearch3>
    <IMDIAdditionSearchAS>Works</IMDIAdditionSearchAS>
    <IMDIAdditionSearchAS1>Works</IMDIAdditionSearchAS1>
    <IMDIAdditionSearchAS2>Works</IMDIAdditionSearchAS2>
    <IMDIAdditionSearchAS3>Works</IMDIAdditionSearchAS3>
    <IMDIAdditionSearchAS4>Works</IMDIAdditionSearchAS4>
    <IMDIAdditionSearchAS5>Works</IMDIAdditionSearchAS5>
    <DroppingInTheSearchField>Works</DroppingInTheSearchField>
    <RemoteSearch>Works</RemoteSearch>
    <RemoteSearchFiltered>Works</RemoteSearchFiltered>
  </NodeSearchTest>
  <NodeRightMouseMenu>
    <OpenInExternalApp>Works</OpenInExternalApp>
    <IMDIOpenInEnternalAppSession>Works</IMDIOpenInEnternalAppSession>
    <IMDIOpenInEnternalAppMedia>Works</IMDIOpenInEnternalAppMedia>
    <IMDIReImportBranch1>Works</IMDIReImportBranch1>
    <IMDIReImportBranch2>Works</IMDIReImportBranch2>
    <IMDIReImportBranch3 error="">Empty</IMDIReImportBranch3>
    <ReImportMultipleNodes error="">Empty</ReImportMultipleNodes>
    <ViewXML>Works</ViewXML>
    <ViewImdiFormatted>Works</ViewImdiFormatted>
    <OpenImdiFormatted error="">Empty</OpenImdiFormatted>
    <IMDIExportImdiToHtml>Works</IMDIExportImdiToHtml>
    <IMDIExportImdiToHtml2>Works</IMDIExportImdiToHtml2>
    <ExportMetadata1>Works</ExportMetadata1>
    <ExportMetadata2>Works</ExportMetadata2>
    <ExportMetadata3>Works</ExportMetadata3>
    <ExportMetadataWithResources>Works</ExportMetadataWithResources>
    <ExportMetadataHierarchy>Works</ExportMetadataHierarchy>
    <CheckXmlConformance>Works</CheckXmlConformance>
    <IMDICheckXmlConformance2 error="">Empty</IMDICheckXmlConformance2>
  </NodeRightMouseMenu>
  <ColumnsTests>
    <ArrangeColumns>Works</ArrangeColumns>
    <ArrangementColumns1>Works</ArrangementColumns1>
    <ArrangementMultipleColumns error="">Empty</ArrangementMultipleColumns>
    <SaveColumnView>Works</SaveColumnView>
    <EditColumnView>Works</EditColumnView>
    <ShowOnlyCurrent error="">Empty</ShowOnlyCurrent>
    <ColumnViewForThis error="">Empty</ColumnViewForThis>
    <CopyTableWeb>Works</CopyTableWeb>
    <Embed>Works</Embed>
    <FindAndReplace>Works</FindAndReplace>
  </ColumnsTests>
  <FilesTest>
    <AddWorkingDirectory error="">Empty</AddWorkingDirectory>
    <AddJpegImage></AddJpegImage>
    <AddWAV></AddWAV>
    <FilesShowHidden></FilesShowHidden>
  </FilesTest>
  <FavouritesTest>
    <AddToFavourites>Works</AddToFavourites>
    <AddFromFavourites>Works</AddFromFavourites>
    <Remove>Works</Remove>
    <IMDIAddRechangeFav>Works</IMDIAddRechangeFav>
    <IMDIAddIntoDiffSubnodeFav>Works</IMDIAddIntoDiffSubnodeFav>
    <EditMetaData>Works</EditMetaData>
    <EditMetaData1>Works</EditMetaData1>
    <EditMeteData1>Works</EditMeteData1>
    <AddToElemInFav>Works</AddToElemInFav>
    <AddToElemInFav2>Works</AddToElemInFav2>
    <LongFieldEd>Works</LongFieldEd>
    <LongFieldEd1>Works</LongFieldEd1>
    <AddNewSessions>Works</AddNewSessions>
  </FavouritesTest>
  <FileMenuTest>
    <FileMenuSaveChanges>Works</FileMenuSaveChanges>
    <FileMenuSaveChanges1>Works</FileMenuSaveChanges1>
    <FileMenuShowModifiedNodes>Works</FileMenuShowModifiedNodes>
    <FileMenuImport>Works</FileMenuImport>
    <FileMenuExit>Works</FileMenuExit>
    <ExitMacOS1 error="">Empty</ExitMacOS1>
    <ExitMacOS2 error="">Empty</ExitMacOS2>
  </FileMenuTest>
  <OptionsMenuTest>
    <TemplatesAndProfiles>Works</TemplatesAndProfiles>
    <EditLanguageList>Works</EditLanguageList>
    <IMDIRe-downloadCurrentVocabulary>Works</IMDIRe-downloadCurrentVocabulary>
    <Re-downloadCurrentVocabulary1>Works</Re-downloadCurrentVocabulary1>
    <Re-downloadCurrentVocabulary2>Works</Re-downloadCurrentVocabulary2>
    <SaveWindowsOnExit>Works</SaveWindowsOnExit>
    <SaveWindowsOnExit1>Works</SaveWindowsOnExit1>
    <ShowSelectionPreview>Works</ShowSelectionPreview>
    <CopyNewResourcesIntoCache>Works</CopyNewResourcesIntoCache>
    <CopyNewResourcesIntoCacheN error="">Empty</CopyNewResourcesIntoCacheN>
    <CheckPermisForRemoteResources error="">Empty</CheckPermisForRemoteResources>
    <AlwaysCheckLocalMetdatFilesForXMLConformance>Works</AlwaysCheckLocalMetdatFilesForXMLConformance>
    <ShowLanguageInColumnName>Works</ShowLanguageInColumnName>
    <ColumnViewForNewTables>Works</ColumnViewForNewTables>
    <CloseAllWindows>Works</CloseAllWindows>
    <LocalCorpusStorageDirect_>Works</LocalCorpusStorageDirect_>
  </OptionsMenuTest>
  <HelpMenuTest>
    <AboutHelpMenu>Works</AboutHelpMenu>
    <HelpMenu>Works</HelpMenu>
    <HelpMenuF1>Works</HelpMenuF1>
    <ArbilForumHelpMenu>Works</ArbilForumHelpMenu>
    <HelpMenuInSyncManual>Works</HelpMenuInSyncManual>
    <RunSetUpWizard>Works</RunSetUpWizard>
    <ErrorHelpMenu>Works</ErrorHelpMenu>
    <CheckUpdatesHelpMenu>Works</CheckUpdatesHelpMenu>
    <ShortCutKeysHelpMenu>Works</ShortCutKeysHelpMenu>
  </HelpMenuTest>
  <MultiLanguageTest>
    <DescriptionChoice></DescriptionChoice>
    <LongfieldEditor></LongfieldEditor>
    <ControlledVocabularies1></ControlledVocabularies1>
    <ControlledVocabularies2></ControlledVocabularies2>
    <ControlledVocabularies3></ControlledVocabularies3>
    <ControlledVocabularies4></ControlledVocabularies4>
    <ClosedVocabularies></ClosedVocabularies>
    <ControlledVocabulariesLongFE></ControlledVocabulariesLongFE>
    <IMDIMPILanguagesDescription1></IMDIMPILanguagesDescription1>
    <IMDIMPILanguagesDescription2></IMDIMPILanguagesDescription2>
  </MultiLanguageTest>
  <AddResourcesTest>
    <AddWorkingDirectories>Works</AddWorkingDirectories>
    <AddResources>Works</AddResources>
    <AddResources2>Works</AddResources2>
    <AddNotArchivableFile>Works</AddNotArchivableFile>
    <AddResourceLocation error="">Empty</AddResourceLocation>
  </AddResourcesTest>
  <TypeCheckerTest>
    <TypecheckerConfiguration1></TypecheckerConfiguration1>
    <TypecheckerConfiguration2></TypecheckerConfiguration2>
    <TypecheckerConfiguration3></TypecheckerConfiguration3>
    <TypecheckerConfiguration4></TypecheckerConfiguration4>
    <TypecheckerConfiguration5></TypecheckerConfiguration5>
    <TypecheckerConfiguration6></TypecheckerConfiguration6>
    <TypecheckerConfiguration6a></TypecheckerConfiguration6a>
    <TypecheckerConfiguration6b></TypecheckerConfiguration6b>
    <TypecheckerConfiguration7></TypecheckerConfiguration7>
    <TypecheckerConfiguration8></TypecheckerConfiguration8>
    <Resource_TypeNotInferredFromMimetype></Resource_TypeNotInferredFromMimetype>
  </TypeCheckerTest>
  <HandleNodesTests>
    <DeleteNodeKey></DeleteNodeKey>
    <DeleteNodeMenu></DeleteNodeMenu>
  </HandleNodesTests>
</ArbilBugCheck>
