<?xml version="1.0" encoding="UTF-8"?>
<IMDIBugCheck xmlns:xsi="http://www.w3.org/2001/XMLSchema-instance" xsi:schemaLocation="https://lux15.mpi.nl/testing https://lux15.mpi.nl/testing/xsd_out.php?file=plans/IMDI_METADATABROWSER_2.xml">
  <DateTime>2014-04-22</DateTime>
  <IMDIVersion></IMDIVersion>
  <OSVersion></OSVersion>
  <Tester>sauciv</Tester>
  <TestPlanRevision>40581</TestPlanRevision>
  <Starting_Metadata_Browser>
    <Starting></Starting>
  </Starting_Metadata_Browser>
  <NavigatonTest>
    <ExpansionTest></ExpansionTest>
    <CollapseTest></CollapseTest>
    <MultipleSelectionTest></MultipleSelectionTest>
    <MultipleSelectionTestOptions></MultipleSelectionTestOptions>
    <MultipleSelectionTestMetadata></MultipleSelectionTestMetadata>
    <MultipleSelectionTestAnnotation></MultipleSelectionTestAnnotation>
    <MultipleSelectionTestAccessRights></MultipleSelectionTestAccessRights>
    <MultipleSelectionTestResourceRequest></MultipleSelectionTestResourceRequest>
    <TreeCorrespondentLevel></TreeCorrespondentLevel>
  </NavigatonTest>
  <AccessLevelTest>
    <VisualConfirmationTest></VisualConfirmationTest>
    <AccessTest></AccessTest>
    <AccessLevelTest></AccessLevelTest>
    <AccessLevelTest2></AccessLevelTest2>
    <AccessLevelTest3></AccessLevelTest3>
    <AccessLevelTest4></AccessLevelTest4>
  </AccessLevelTest>
  <ContextMenuTest>
    <ViewCorpusNode></ViewCorpusNode>
    <ViewCorpusNode2></ViewCorpusNode2>
    <ViewSessionNode></ViewSessionNode>
    <ViewSessionNode2></ViewSessionNode2>
    <ViewWrittenResourceFile></ViewWrittenResourceFile>
    <ViewImageResourceFile></ViewImageResourceFile>
    <ViewVideoResourceFile></ViewVideoResourceFile>
    <ViewAudioResourceFile></ViewAudioResourceFile>
    <ViewInfoFile></ViewInfoFile>
    <MetadataSearch></MetadataSearch>
    <MetadataSearch2></MetadataSearch2>
    <AnnotationContentSearch></AnnotationContentSearch>
    <SetAccessRights></SetAccessRights>
    <DownloadCorpusFile></DownloadCorpusFile>
    <AccessCorpusFile></AccessCorpusFile>
    <DownloadSessionFile></DownloadSessionFile>
    <AccessSessionFile></AccessSessionFile>
    <DownloadAllResources></DownloadAllResources>
    <AccessZippedResources></AccessZippedResources>
    <DownloadAllResources2></DownloadAllResources2>
    <DowloadResourceFile></DowloadResourceFile>
    <AccessResourceFile></AccessResourceFile>
    <DownloadAllResources3></DownloadAllResources3>
    <AccessResourceFile2></AccessResourceFile2>
    <ResourcesAccess></ResourcesAccess>
    <ResourcesAccess2></ResourcesAccess2>
    <ResourcesAccess3></ResourcesAccess3>
    <VersionTest></VersionTest>
    <VersionTest2></VersionTest2>
    <CitationTest></CitationTest>
    <CitationTest2></CitationTest2>
  </ContextMenuTest>
  <ManualAboutTest>
    <HomeDIrectory></HomeDIrectory>
    <ManualLink></ManualLink>
    <AboutMetadata></AboutMetadata>
  </ManualAboutTest>
  <RegisterTest>
    <RegisterTest1></RegisterTest1>
    <ExistingUserCheck></ExistingUserCheck>
    <ExistingUserRegistration></ExistingUserRegistration>
  </RegisterTest>
  <LogInTest>
    <LogInTest></LogInTest>
  </LogInTest>
  <LogOutTest>
    <LogOutTest></LogOutTest>
  </LogOutTest>
</IMDIBugCheck>
