<?xml version="1.0" encoding="UTF-8"?>
<ImdibrowserBugCheck xmlns:xsi="http://www.w3.org/2001/XMLSchema-instance" xsi:schemaLocation="https://lux15.mpi.nl/testing https://lux15.mpi.nl/testing/xsd_out.php?file=plans/imdibrowser_1.xml">
  <DateTime>2013-04-19</DateTime>
  <ImdibrowserVersion>1.3.6.2</ImdibrowserVersion>
  <OSVersion>demoserver 0.66.tar.bz2, Firefox</OSVersion>
  <Tester>sauciv</Tester>
  <TestPlanRevision>35893</TestPlanRevision>
  <StartingIMDI_Browser>
    <Starting>Works</Starting>
  </StartingIMDI_Browser>
  <NavigationTest>
    <ExpansionTest>Works</ExpansionTest>
    <ExpansionTest2>Works</ExpansionTest2>
    <CollapseTest>Works</CollapseTest>
    <CollapseTest2>Works</CollapseTest2>
  </NavigationTest>
  <AccessLevelTest>
    <VisualConfirmationTest error="">Empty</VisualConfirmationTest>
    <AccessTest error="">Empty</AccessTest>
  </AccessLevelTest>
  <SettingsTest>
    <ShowAccessibleResourcesTest>Works</ShowAccessibleResourcesTest>
    <BracketsAccessibleNodes>Works</BracketsAccessibleNodes>
  </SettingsTest>
  <ContextMenuTest>
    <ViewCorpusNode>Works</ViewCorpusNode>
    <ViewSessionNode>Works</ViewSessionNode>
    <ViewSessionNode2>Works</ViewSessionNode2>
    <ViewWrttnResourceFile>Works</ViewWrttnResourceFile>
    <ViewImageResourceFile>Works</ViewImageResourceFile>
    <ViewVideoResourceFile>Works</ViewVideoResourceFile>
    <ViewAudioResourceFile>Works</ViewAudioResourceFile>
    <ViewInformationFile>Works</ViewInformationFile>
    <CreateBookmark>Works</CreateBookmark>
    <Links>Works</Links>
    <MetadataSearch1>Works</MetadataSearch1>
    <MetadataSearch2></MetadataSearch2>
    <AnnotationContentSearch1></AnnotationContentSearch1>
    <SetAccessRights></SetAccessRights>
    <DownloadCorpusFile></DownloadCorpusFile>
    <AccessCorpusFile></AccessCorpusFile>
    <DownloadSessionFile></DownloadSessionFile>
    <AccessSessionFile></AccessSessionFile>
    <DownloadAllResources></DownloadAllResources>
    <AccessZippedResources></AccessZippedResources>
    <DownloadAllResources2></DownloadAllResources2>
    <DownloadResourceFile></DownloadResourceFile>
    <AccessResourceFile></AccessResourceFile>
    <RequestResourceAccess></RequestResourceAccess>
    <SessNodeVersionInfo></SessNodeVersionInfo>
    <InfoFileVersionInfo></InfoFileVersionInfo>
    <View_Images></View_Images>
  </ContextMenuTest>
  <ManualTest>
    <ManualTest1></ManualTest1>
  </ManualTest>
  <RegisterTest>
    <RegisterTest1></RegisterTest1>
    <ExistingUserCheck></ExistingUserCheck>
    <ExistingUserRegistration></ExistingUserRegistration>
  </RegisterTest>
  <LogInTest>
    <LogInTest1></LogInTest1>
  </LogInTest>
  <AccessLevelTest2>
    <AccessLevelTest2a></AccessLevelTest2a>
    <AccessLevelTest2b></AccessLevelTest2b>
    <AccessLevelTest2c></AccessLevelTest2c>
    <AccessLevelTest2d></AccessLevelTest2d>
  </AccessLevelTest2>
  <LogOutTest>
    <LogOutTest1></LogOutTest1>
  </LogOutTest>
</ImdibrowserBugCheck>
