<?xml version="1.0" encoding="UTF-8"?>
<ImexBugCheck xmlns:xsi="http://www.w3.org/2001/XMLSchema-instance" xsi:schemaLocation="https://idp.mpi.nl/testing https://idp.mpi.nl/testing/xsd_out.php?file=plans/imex_2012-02-17.xml">
  <DateTime></DateTime>
  <ImexVersion></ImexVersion>
  <OSVersion>Mac Osx, Firefox 3.6.22, Flash 10.3.183.7</OSVersion>
  <Tester>anavog</Tester>
  <NodeSearchTest>
    <OpenMdSession>Works</OpenMdSession>
  </NodeSearchTest>
  <OpenThumbnails>
    <OpenThumbnail error="see #1561">Mostly</OpenThumbnail>
  </OpenThumbnails>
  <PreviousButton>
    <PreviousButton>Works</PreviousButton>
  </PreviousButton>
  <NextButton>
    <NextButton>Works</NextButton>
  </NextButton>
  <LoggedOutTest>
    <DragAndDrop error="can see thumbnails clear on desktop in some of the cases examined. see ticket #1568  ">Mostly</DragAndDrop>
    <FullView>Works</FullView>
    <ViewThumbnails>Works</ViewThumbnails>
  </LoggedOutTest>
</ImexBugCheck>
