<?xml version="1.0" encoding="UTF-8"?>
<ImexBugCheck xmlns:xsi="http://www.w3.org/2001/XMLSchema-instance" xsi:schemaLocation="https://lux15.mpi.nl/testing https://lux15.mpi.nl/testing/xsd_out.php?file=plans/imex_2012-02-17.xml">
  <DateTime>2012-12-13</DateTime>
  <ImexVersion>1.1.34548</ImexVersion>
  <OSVersion></OSVersion>
  <Tester>sauciv</Tester>
  <TestPlanRevision>34804</TestPlanRevision>
  <NodeSearchTest>
    <OpenFreeMdSession></OpenFreeMdSession>
    <OpenFreeMdSession1></OpenFreeMdSession1>
    <OpenRestrictedMdSession></OpenRestrictedMdSession>
    <OpenRestrictedMdSession1></OpenRestrictedMdSession1>
  </NodeSearchTest>
  <OpenThumbnails>
    <OpenThumbnail></OpenThumbnail>
  </OpenThumbnails>
  <PreviousButton>
    <PreviousButton></PreviousButton>
  </PreviousButton>
  <NextButton>
    <NextButton></NextButton>
  </NextButton>
  <LoggedOutTest>
    <DragAndDrop1></DragAndDrop1>
    <DragAndDrop2></DragAndDrop2>
    <FullView></FullView>
    <ViewThumbnails></ViewThumbnails>
  </LoggedOutTest>
</ImexBugCheck>
