<?xml version="1.0" encoding="UTF-8"?>
<ImexBugCheck xmlns:xsi="http://www.w3.org/2001/XMLSchema-instance" xsi:schemaLocation="https://idp.mpi.nl/testing https://idp.mpi.nl/testing/xsd_out.php?file=plans/imex_2012-02-17.xml">
  <DateTime>2012-08-09</DateTime>
  <ImexVersion>Imex 1.0.4</ImexVersion>
  <OSVersion>Mac os x version 10.6.8 Firefox 13.0.1</OSVersion>
  <Tester>clazab</Tester>
  <TestPlanRevision>32554</TestPlanRevision>
  <NodeSearchTest>
    <OpenMdSession>Works</OpenMdSession>
  </NodeSearchTest>
  <OpenThumbnails>
    <OpenThumbnail>Works</OpenThumbnail>
  </OpenThumbnails>
  <PreviousButton>
    <PreviousButton>Works</PreviousButton>
  </PreviousButton>
  <NextButton>
    <NextButton>Works</NextButton>
  </NextButton>
  <LoggedOutTest>
    <DragAndDrop1>Works</DragAndDrop1>
    <DragAndDrop2>Works</DragAndDrop2>
    <FullView>Works</FullView>
    <ViewThumbnails>Works</ViewThumbnails>
  </LoggedOutTest>
</ImexBugCheck>
