<?xml version="1.0" encoding="UTF-8"?>
<KinoathBugCheck xmlns:xsi="http://www.w3.org/2001/XMLSchema-instance" xsi:schemaLocation="https://lux15.mpi.nl/testing https://lux15.mpi.nl/testing/xsd_out.php?file=plans/kinoath_2012-04-04.xml">
  <DateTime>2013-03-27</DateTime>
  <KinoathVersion>1.2.36</KinoathVersion>
  <OSVersion>Linux, Firefox, Ubutu 64bit Sun JDK</OSVersion>
  <Tester>sauciv</Tester>
  <TestPlanRevision>36167</TestPlanRevision>
  <StartKinOath>
    <Start>Works</Start>
    <InfoFile>Works</InfoFile>
    <InstallWindow error="">Empty</InstallWindow>
    <InstallLinux error="">Empty</InstallLinux>
    <InstallMac error="">Empty</InstallMac>
  </StartKinOath>
  <SampleDiagramsTest>
    <FreeformDiagramSyntax1>Works</FreeformDiagramSyntax1>
    <FreeformDiagramSyntax2>Works</FreeformDiagramSyntax2>
    <FreeformDiagramSyntax3>Works</FreeformDiagramSyntax3>
    <FreeformDiagramSyntax4>Works</FreeformDiagramSyntax4>
    <QueryDiagramSyntax1>Works</QueryDiagramSyntax1>
    <QueryDiagramSyntax2 error="Several errors were found but the import was completed.">Fails</QueryDiagramSyntax2>
    <QueryDiagramSyntax3 error="">Empty</QueryDiagramSyntax3>
    <QueryDiagramSyntax4 error="">Empty</QueryDiagramSyntax4>
    <QueryDiagramSyntax5 error="">Empty</QueryDiagramSyntax5>
    <QueryDiagramSyntax6 error="">Empty</QueryDiagramSyntax6>
    <HawaiianKinTerms1>Works</HawaiianKinTerms1>
    <HawaiianKinTerms2>Works</HawaiianKinTerms2>
    <HawaiianKinTerms3>Works</HawaiianKinTerms3>
    <HawaiianKinTerms3b>Works</HawaiianKinTerms3b>
    <HawaiianKinTerms4>Works</HawaiianKinTerms4>
    <HawaiianKinTerms5>Works</HawaiianKinTerms5>
    <HawaiianKinTerms6>Works</HawaiianKinTerms6>
    <HawaiianKinTerms7 error="The diagram disappear but when I check back Generate example entities the diagram appear with a strange layout (not the same as was before)">Mostly</HawaiianKinTerms7>
    <JapaneseKinTerms1>Works</JapaneseKinTerms1>
    <JapaneseKinTerms2>Works</JapaneseKinTerms2>
    <JapaneseKinTerms3>Works</JapaneseKinTerms3>
    <JapaneseKinTerms4 error="Same as the previous. Initially only part of the diagram did go away, then after trying again it did disappear but when it's back looks really different from the original one.">Mostly</JapaneseKinTerms4>
    <JapaneseKinTerms5>Works</JapaneseKinTerms5>
    <JapaneseKinTerms5b>Works</JapaneseKinTerms5b>
    <JapaneseKinTerms6>Works</JapaneseKinTerms6>
    <JapaneseKinTerms7 error="It doesn't go away at all.">Fails</JapaneseKinTerms7>
    <SwedishKinTerms1></SwedishKinTerms1>
    <SwedishKinTerms2></SwedishKinTerms2>
    <SwedishKinTerms3></SwedishKinTerms3>
    <SwedishKinTerms4></SwedishKinTerms4>
    <SwedishKinTerms5></SwedishKinTerms5>
    <SwedishKinTerms5b></SwedishKinTerms5b>
    <SwedishKinTerms6></SwedishKinTerms6>
    <SwedishKinTerms7></SwedishKinTerms7>
    <NamedTransientEntities1></NamedTransientEntities1>
    <NamedTransientEntities2></NamedTransientEntities2>
    <NamedTransientEntities3></NamedTransientEntities3>
    <NamedTransientEntities4></NamedTransientEntities4>
    <MatrimonialRingsExamples1></MatrimonialRingsExamples1>
    <MatrimonialRingsExamples2></MatrimonialRingsExamples2>
    <CharlesIIOfSpain1></CharlesIIOfSpain1>
    <CharlesIIOfSpain2></CharlesIIOfSpain2>
    <CharlesIIOfSpain3></CharlesIIOfSpain3>
    <CharlesIIOfSpain4></CharlesIIOfSpain4>
    <HaemophiliaEu1></HaemophiliaEu1>
    <HaemophiliaEu2></HaemophiliaEu2>
    <HaemophiliaEu3></HaemophiliaEu3>
    <HaemophiliaEu4></HaemophiliaEu4>
    <HaemophiliaEu5></HaemophiliaEu5>
    <HaemophiliaEu6></HaemophiliaEu6>
  </SampleDiagramsTest>
  <NewDiagramsTest>
    <StandardDiagram1></StandardDiagram1>
    <StandardDiagram2></StandardDiagram2>
    <StandardDiagram3></StandardDiagram3>
    <StandardDiagram4></StandardDiagram4>
    <StandardDiagram4b></StandardDiagram4b>
    <StandardDiagram5></StandardDiagram5>
    <ChromosomeType></ChromosomeType>
    <Geometry1></Geometry1>
    <Geometry2></Geometry2>
    <Delete></Delete>
    <Merge></Merge>
    <Duplicate></Duplicate>
    <SetEgo></SetEgo>
    <AddEgoList></AddEgoList>
    <RemoveEgoList></RemoveEgoList>
    <Keep></Keep>
    <Release></Release>
    <ResetZoom></ResetZoom>
    <ResetLayout></ResetLayout>
    <SaveChanges></SaveChanges>
    <StandardDiagram6></StandardDiagram6>
    <StandardDiagram6b></StandardDiagram6b>
    <FreeformDiagram1></FreeformDiagram1>
    <FreeformDiagram2></FreeformDiagram2>
    <FreeformDiagram3></FreeformDiagram3>
    <KinTerms1></KinTerms1>
    <KinTerms2></KinTerms2>
    <KinTerms2b></KinTerms2b>
    <KinTerms3></KinTerms3>
    <KinTerms4></KinTerms4>
    <KinTerms4b></KinTerms4b>
    <KinTerms5></KinTerms5>
    <KinTerms6></KinTerms6>
    <QueryDiagram1></QueryDiagram1>
    <QueryDiagram2></QueryDiagram2>
    <QueryDiagram3></QueryDiagram3>
    <ArchiveLinker1></ArchiveLinker1>
    <ArchiveLinker2></ArchiveLinker2>
    <ArchiveLinker3></ArchiveLinker3>
    <ArchiveLinker4></ArchiveLinker4>
  </NewDiagramsTest>
  <Menus>
    <RecentDiagram></RecentDiagram>
    <RecentDiagram2></RecentDiagram2>
    <Gedcom_CSV></Gedcom_CSV>
    <GedcomResources></GedcomResources>
    <GedcomResources2></GedcomResources2>
    <EntityUpload></EntityUpload>
    <SaveFile></SaveFile>
    <OpenDiagram></OpenDiagram>
    <ExportPDF></ExportPDF>
    <ExportJPEG></ExportJPEG>
    <ExportPNG></ExportPNG>
    <ExportTIFF></ExportTIFF>
    <ExportR_SPSS></ExportR_SPSS>
    <Close></Close>
    <SetDefaultDiagram></SetDefaultDiagram>
    <NewDefaultDiagram></NewDefaultDiagram>
    <Edit></Edit>
    <DiagramOptions></DiagramOptions>
    <KinTerms></KinTerms>
    <KinTerms2></KinTerms2>
    <Export></Export>
    <Import></Import>
    <ArchiveLinker></ArchiveLinker>
    <Panels></Panels>
    <DiagramSettings1></DiagramSettings1>
    <DiagramSettings2></DiagramSettings2>
    <DiagramSettings3></DiagramSettings3>
    <DiagramSettings3b></DiagramSettings3b>
    <DiagramSettings4></DiagramSettings4>
    <DiagramSettings5></DiagramSettings5>
    <DiagramSettings6></DiagramSettings6>
    <CustomName></CustomName>
    <DataCategory></DataCategory>
    <RelationType></RelationType>
    <LineColour></LineColour>
    <LineWidth></LineWidth>
    <LineDash></LineDash>
    <LineOrientation></LineOrientation>
    <DeleteSelected></DeleteSelected>
    <Window></Window>
    <Help></Help>
    <Exit></Exit>
  </Menus>
  <Other_Platforms>
    <Different_OS_Install></Different_OS_Install>
    <Opening_Diagram></Opening_Diagram>
    <Import_Data></Import_Data>
    <Query></Query>
    <Select_and_Expand></Select_and_Expand>
    <Modify_Diagram></Modify_Diagram>
  </Other_Platforms>
</KinoathBugCheck>
