<?xml version="1.0" encoding="UTF-8"?>
<KinoathBugCheck xmlns:xsi="http://www.w3.org/2001/XMLSchema-instance" xsi:schemaLocation="https://lux15.mpi.nl/testing https://lux15.mpi.nl/testing/xsd_out.php?file=plans/kinoath_2012-04-04.xml">
  <DateTime>2013-04-04</DateTime>
  <KinoathVersion>1.2.36</KinoathVersion>
  <OSVersion>MacOs, Safari.</OSVersion>
  <Tester>sauciv</Tester>
  <TestPlanRevision>36167</TestPlanRevision>
  <StartKinOath>
    <Start>Works</Start>
    <InfoFile>Works</InfoFile>
    <InstallWindow error="">Empty</InstallWindow>
    <InstallLinux error="">Empty</InstallLinux>
    <InstallMac error="">Empty</InstallMac>
  </StartKinOath>
  <SampleDiagramsTest>
    <FreeformDiagramSyntax1>Works</FreeformDiagramSyntax1>
    <FreeformDiagramSyntax2>Works</FreeformDiagramSyntax2>
    <FreeformDiagramSyntax3>Works</FreeformDiagramSyntax3>
    <FreeformDiagramSyntax4>Works</FreeformDiagramSyntax4>
    <QueryDiagramSyntax1>Works</QueryDiagramSyntax1>
    <QueryDiagramSyntax2 error="The import works but it was extremely slow and several errors were found.">Fails</QueryDiagramSyntax2>
    <QueryDiagramSyntax3>Works</QueryDiagramSyntax3>
    <QueryDiagramSyntax4>Works</QueryDiagramSyntax4>
    <QueryDiagramSyntax5>Works</QueryDiagramSyntax5>
    <QueryDiagramSyntax6>Works</QueryDiagramSyntax6>
    <HawaiianKinTerms1>Works</HawaiianKinTerms1>
    <HawaiianKinTerms2>Works</HawaiianKinTerms2>
    <HawaiianKinTerms3>Works</HawaiianKinTerms3>
    <HawaiianKinTerms3b>Works</HawaiianKinTerms3b>
    <HawaiianKinTerms4>Works</HawaiianKinTerms4>
    <HawaiianKinTerms5>Works</HawaiianKinTerms5>
    <HawaiianKinTerms6>Works</HawaiianKinTerms6>
    <HawaiianKinTerms7 error="The same issue as in the virtual machine. Once the diagram appears again, it looks wired and not as the original one">Strange</HawaiianKinTerms7>
    <JapaneseKinTerms1>Works</JapaneseKinTerms1>
    <JapaneseKinTerms2>Works</JapaneseKinTerms2>
    <JapaneseKinTerms3>Works</JapaneseKinTerms3>
    <JapaneseKinTerms4>Works</JapaneseKinTerms4>
    <JapaneseKinTerms5>Works</JapaneseKinTerms5>
    <JapaneseKinTerms5b>Works</JapaneseKinTerms5b>
    <JapaneseKinTerms6>Works</JapaneseKinTerms6>
    <JapaneseKinTerms7 error="The diagram does not disappear but it is just displayed in a different way.">Fails</JapaneseKinTerms7>
    <SwedishKinTerms1>Works</SwedishKinTerms1>
    <SwedishKinTerms2>Works</SwedishKinTerms2>
    <SwedishKinTerms3>Works</SwedishKinTerms3>
    <SwedishKinTerms4>Works</SwedishKinTerms4>
    <SwedishKinTerms5>Works</SwedishKinTerms5>
    <SwedishKinTerms5b>Works</SwedishKinTerms5b>
    <SwedishKinTerms6>Works</SwedishKinTerms6>
    <SwedishKinTerms7 error="Same error as the Hawaiian diagram.">Fails</SwedishKinTerms7>
    <NamedTransientEntities1>Works</NamedTransientEntities1>
    <NamedTransientEntities2>Works</NamedTransientEntities2>
    <NamedTransientEntities3>Works</NamedTransientEntities3>
    <NamedTransientEntities4>Works</NamedTransientEntities4>
    <MatrimonialRingsExamples1>Works</MatrimonialRingsExamples1>
    <MatrimonialRingsExamples2>Works</MatrimonialRingsExamples2>
    <CharlesIIOfSpain1>Works</CharlesIIOfSpain1>
    <CharlesIIOfSpain2>Works</CharlesIIOfSpain2>
    <CharlesIIOfSpain3>Works</CharlesIIOfSpain3>
    <CharlesIIOfSpain4>Works</CharlesIIOfSpain4>
    <HaemophiliaEu1>Works</HaemophiliaEu1>
    <HaemophiliaEu2>Works</HaemophiliaEu2>
    <HaemophiliaEu3 error="">Fails</HaemophiliaEu3>
    <HaemophiliaEu4>Works</HaemophiliaEu4>
    <HaemophiliaEu5>Works</HaemophiliaEu5>
    <HaemophiliaEu6>Works</HaemophiliaEu6>
  </SampleDiagramsTest>
  <NewDiagramsTest>
    <StandardDiagram1>Works</StandardDiagram1>
    <StandardDiagram2>Works</StandardDiagram2>
    <StandardDiagram3>Works</StandardDiagram3>
    <StandardDiagram4>Works</StandardDiagram4>
    <StandardDiagram4b>Works</StandardDiagram4b>
    <StandardDiagram5>Works</StandardDiagram5>
    <ChromosomeType>Works</ChromosomeType>
    <Geometry1>Works</Geometry1>
    <Geometry2>Works</Geometry2>
    <Delete>Works</Delete>
    <Merge></Merge>
    <Duplicate></Duplicate>
    <SetEgo></SetEgo>
    <AddEgoList></AddEgoList>
    <RemoveEgoList></RemoveEgoList>
    <Keep></Keep>
    <Release></Release>
    <ResetZoom></ResetZoom>
    <ResetLayout></ResetLayout>
    <SaveChanges></SaveChanges>
    <StandardDiagram6></StandardDiagram6>
    <StandardDiagram6b></StandardDiagram6b>
    <FreeformDiagram1></FreeformDiagram1>
    <FreeformDiagram2></FreeformDiagram2>
    <FreeformDiagram3></FreeformDiagram3>
    <KinTerms1></KinTerms1>
    <KinTerms2></KinTerms2>
    <KinTerms2b></KinTerms2b>
    <KinTerms3></KinTerms3>
    <KinTerms4></KinTerms4>
    <KinTerms4b></KinTerms4b>
    <KinTerms5></KinTerms5>
    <KinTerms6></KinTerms6>
    <QueryDiagram1></QueryDiagram1>
    <QueryDiagram2></QueryDiagram2>
    <QueryDiagram3></QueryDiagram3>
    <ArchiveLinker1></ArchiveLinker1>
    <ArchiveLinker2></ArchiveLinker2>
    <ArchiveLinker3></ArchiveLinker3>
    <ArchiveLinker4></ArchiveLinker4>
  </NewDiagramsTest>
  <Menus>
    <RecentDiagram></RecentDiagram>
    <RecentDiagram2></RecentDiagram2>
    <Gedcom_CSV></Gedcom_CSV>
    <GedcomResources></GedcomResources>
    <GedcomResources2></GedcomResources2>
    <EntityUpload></EntityUpload>
    <SaveFile></SaveFile>
    <OpenDiagram></OpenDiagram>
    <ExportPDF></ExportPDF>
    <ExportJPEG></ExportJPEG>
    <ExportPNG></ExportPNG>
    <ExportTIFF></ExportTIFF>
    <ExportR_SPSS></ExportR_SPSS>
    <Close></Close>
    <SetDefaultDiagram></SetDefaultDiagram>
    <NewDefaultDiagram></NewDefaultDiagram>
    <Edit></Edit>
    <DiagramOptions></DiagramOptions>
    <KinTerms></KinTerms>
    <KinTerms2></KinTerms2>
    <Export></Export>
    <Import></Import>
    <ArchiveLinker></ArchiveLinker>
    <Panels></Panels>
    <DiagramSettings1></DiagramSettings1>
    <DiagramSettings2></DiagramSettings2>
    <DiagramSettings3></DiagramSettings3>
    <DiagramSettings3b></DiagramSettings3b>
    <DiagramSettings4></DiagramSettings4>
    <DiagramSettings5></DiagramSettings5>
    <DiagramSettings6></DiagramSettings6>
    <CustomName></CustomName>
    <DataCategory></DataCategory>
    <RelationType></RelationType>
    <LineColour></LineColour>
    <LineWidth></LineWidth>
    <LineDash></LineDash>
    <LineOrientation></LineOrientation>
    <DeleteSelected></DeleteSelected>
    <Window></Window>
    <Help></Help>
    <Exit></Exit>
  </Menus>
  <Other_Platforms>
    <Different_OS_Install></Different_OS_Install>
    <Opening_Diagram></Opening_Diagram>
    <Import_Data></Import_Data>
    <Query></Query>
    <Select_and_Expand></Select_and_Expand>
    <Modify_Diagram></Modify_Diagram>
  </Other_Platforms>
</KinoathBugCheck>
