<?xml version="1.0" encoding="UTF-8"?>
<LamusBugCheck xmlns:xsi="http://www.w3.org/2001/XMLSchema-instance" xsi:schemaLocation="https://lux15.mpi.nl/testing https://lux15.mpi.nl/testing/xsd_out.php?file=plans/lamus_2011-11-17.xml">
  <DateTime>2014-05-21</DateTime>
  <LamusVersion>1.2.2</LamusVersion>
  <OSVersion>Mac OS X 10.9.2, Firefox 14.0.1, Java 1.7</OSVersion>
  <Tester>frabec</Tester>
  <TestPlanRevision>40847</TestPlanRevision>
  <LamusMainPageTest>
    <RegisterAsANewUsersTest>Works</RegisterAsANewUsersTest>
    <NUT2>Works</NUT2>
    <NUT1>Works</NUT1>
    <CreateNewWorkSpaceTest1>Works</CreateNewWorkSpaceTest1>
    <CNWS1>Works</CNWS1>
    <CNWS2>Works</CNWS2>
    <SelectTopNode1>Works</SelectTopNode1>
    <STN1a>Works</STN1a>
    <STN1b>Works</STN1b>
    <STN1c>Works</STN1c>
    <SelectExistingWorkspace1>Works</SelectExistingWorkspace1>
    <CreateNewWorkSpaceTest1>Works</CreateNewWorkSpaceTest1>
    <SelectExistingWorkspace2>Works</SelectExistingWorkspace2>
    <CreateNewWorkSpaceTest2>Works</CreateNewWorkSpaceTest2>
    <CreateNewWorkSpaceTest3>Works</CreateNewWorkSpaceTest3>
    <CreateNewWorkSpaceTest4>Works</CreateNewWorkSpaceTest4>
    <CreateNewWorkSpaceTest5>Works</CreateNewWorkSpaceTest5>
    <RequestStorageSpaceTest>Works</RequestStorageSpaceTest>
    <RSST1>Works</RSST1>
    <ManagementConsoleTest>Works</ManagementConsoleTest>
    <MCT1>Works</MCT1>
    <MCT2>Works</MCT2>
    <MCT3>Works</MCT3>
    <Lux17LAMUSOn-lineManualTest>Works</Lux17LAMUSOn-lineManualTest>
    <AboutLux17LAMUSTest>Works</AboutLux17LAMUSTest>
    <AL17LT1>Works</AL17LT1>
  </LamusMainPageTest>
  <WorkspaceManagmentTest>
    <StartWorkingWithYourWorkspace>Works</StartWorkingWithYourWorkspace>
    <TopNodeMenu1>Works</TopNodeMenu1>
    <TopNodeMenu2>Works</TopNodeMenu2>
    <AddCorpusNodeTest>Works</AddCorpusNodeTest>
    <CancelAddNode>Works</CancelAddNode>
    <ResetAddNode>Works</ResetAddNode>
    <SubmitNewCorpusNode>Works</SubmitNewCorpusNode>
    <TMT2>Works</TMT2>
    <ModifyNodeTest>Works</ModifyNodeTest>
    <ResetChangeNode>Works</ResetChangeNode>
    <CancelChangeNode>Works</CancelChangeNode>
    <SubmitModifiedNode>Works</SubmitModifiedNode>
    <ViewNodeTest>Works</ViewNodeTest>
    <AddChildNode>Works</AddChildNode>
    <DeleteNodeTest>Works</DeleteNodeTest>
    <CancelDeleteNode>Works</CancelDeleteNode>
    <DeleteDeleteNode>Works</DeleteDeleteNode>
    <CreateCorpusStructure>Works</CreateCorpusStructure>
    <UploadFiles>Works</UploadFiles>
    <UploadingSessionNodesTest1>Works</UploadingSessionNodesTest1>
    <UF2>Works</UF2>
    <UF3>Works</UF3>
    <UF5>Works</UF5>
    <UploadingSessionNodesTest2>Works</UploadingSessionNodesTest2>
  </WorkspaceManagmentTest>
  <Link_UnlinkInfoFileTest>
    <LinkCorpusNodeTest>Works</LinkCorpusNodeTest>
    <TMT5>Works</TMT5>
    <LinkInfoFile>Works</LinkInfoFile>
    <LIF1>Works</LIF1>
    <LIF2>Works</LIF2>
    <LIF3>Works</LIF3>
    <LIF4>Works</LIF4>
    <LIF5>Works</LIF5>
    <LIF6>Works</LIF6>
    <LIF7>Works</LIF7>
    <InfoFile>Works</InfoFile>
    <ViewInfoFile>Works</ViewInfoFile>
    <ChangeDescription>Works</ChangeDescription>
    <CD1>Works</CD1>
    <CD2>Works</CD2>
    <CD3>Works</CD3>
  </Link_UnlinkInfoFileTest>
  <RenameInfoFileTest>
    <RenameInfoFile>Works</RenameInfoFile>
    <RRT1>Works</RRT1>
    <RRT2>Works</RRT2>
    <RRT3>Works</RRT3>
    <RRT4>Works</RRT4>
    <RRT5>Works</RRT5>
    <RRT52>Works</RRT52>
    <RRT6>Works</RRT6>
    <RRT7>Works</RRT7>
    <RRT8>Works</RRT8>
    <RRT9>Works</RRT9>
    <RRT10>Works</RRT10>
    <RRT11>Works</RRT11>
  </RenameInfoFileTest>
  <UnlinkInfo_WrittenResourcesTest>
    <UnlinkNodeTest>Works</UnlinkNodeTest>
    <CancelUnlinkNode>Works</CancelUnlinkNode>
    <UN1>Works</UN1>
    <UN1a>Works</UN1a>
    <MultipleUnlinkTest>Works</MultipleUnlinkTest>
    <MUL1>Works</MUL1>
    <MUL2>Works</MUL2>
    <MUL3>Works</MUL3>
    <MUL4>Works</MUL4>
  </UnlinkInfo_WrittenResourcesTest>
  <SessionNodeTest>
    <LinkSessionNode>Works</LinkSessionNode>
    <LSN1>Works</LSN1>
    <LinkMediaFile>Works</LinkMediaFile>
    <LIM1>Works</LIM1>
    <LIM2>Works</LIM2>
    <LIM3>Works</LIM3>
    <LIM4>Works</LIM4>
    <LIM5>Works</LIM5>
    <LIM6>Works</LIM6>
    <LIM7>Works</LIM7>
    <LIM8>Works</LIM8>
    <LinkInfoFileForSessionNodes>Works</LinkInfoFileForSessionNodes>
    <LIFFSN1>Works</LIFFSN1>
    <LIFFSN2>Works</LIFFSN2>
    <LIFFSN3>Works</LIFFSN3>
    <LIFFSN4>Works</LIFFSN4>
    <LIFFSN5>Works</LIFFSN5>
  </SessionNodeTest>
  <Unlink_LinkCorpusNode>
    <UnlinkCorpusNode>Works</UnlinkCorpusNode>
    <UCN1>Works</UCN1>
    <UCN2>Works</UCN2>
    <LinkCorpusNode>Works</LinkCorpusNode>
    <LCN1>Works</LCN1>
    <LinkCatalogueNode>Works</LinkCatalogueNode>
    <LCN1>Works</LCN1>
    <LinkExternalNode>Works</LinkExternalNode>
    <LEN1>Works</LEN1>
    <LEN2>Works</LEN2>
    <LEN3>Works</LEN3>
    <LinkArchiveNode>Works</LinkArchiveNode>
    <LAN1>Works</LAN1>
    <LAN2>Works</LAN2>
    <LAN3>Works</LAN3>
    <LAN4>Works</LAN4>
    <LAN5>Works</LAN5>
    <LAN6>Works</LAN6>
  </Unlink_LinkCorpusNode>
  <UnlinkNodeWithMultipleParentsTest>
    <UNMP1>Works</UNMP1>
    <UNMP2>Works</UNMP2>
    <UNMP3>Works</UNMP3>
    <UNMP4 error="The node A1 was successfully linked to the node B in the tree, but the two A1 nodes are NOT in bold italic. Ticket #3955.">Mostly</UNMP4>
    <UNMP5>Works</UNMP5>
    <UNMP6>Works</UNMP6>
    <UNMP7>Works</UNMP7>
    <UNMP8>Works</UNMP8>
    <UNMP9>Works</UNMP9>
    <UNMP10>Works</UNMP10>
  </UnlinkNodeWithMultipleParentsTest>
  <DeleteNodeTest>
    <DNT1>Works</DNT1>
    <DNT2>Works</DNT2>
    <DNT3>Works</DNT3>
  </DeleteNodeTest>
  <MoreOnSessionNodeTest>
    <MOSNT1>Works</MOSNT1>
  </MoreOnSessionNodeTest>
  <DuplicateNodeTest>
    <DuplicateNode>Works</DuplicateNode>
    <DSNT1>Works</DSNT1>
    <DSNT2>Works</DSNT2>
    <DSNT3>Works</DSNT3>
  </DuplicateNodeTest>
  <ReplaceTreeTest>
    <RTTforSessionNode>Works</RTTforSessionNode>
    <RTT2>Works</RTT2>
    <RRT3>Works</RRT3>
    <RRT4>Works</RRT4>
  </ReplaceTreeTest>
  <NeurobiologyOfLanguageTest>
    <ViewNBLtestNode1>Works</ViewNBLtestNode1>
    <ViewNBLtestNode2>Works</ViewNBLtestNode2>
    <ViewNBLtestNode3>Works</ViewNBLtestNode3>
    <UploadFilesNBLtestNode1 error="Upload failed. I got an error message saying that the file is unarchivable.">Fails</UploadFilesNBLtestNode1>
    <UploadFilesNBLtestNode2>Works</UploadFilesNBLtestNode2>
    <UploadFilesNBLtestNode3 error="Upload failed. I got an error message saying that the file is unarchivable.">Fails</UploadFilesNBLtestNode3>
    <UploadFilesNBLtestNode4>Works</UploadFilesNBLtestNode4>
    <UploadFilesNBLtestNode5>Works</UploadFilesNBLtestNode5>
    <UploadFilesNBLtestNode6>Works</UploadFilesNBLtestNode6>
    <UploadFilesNBLtestNode7>Works</UploadFilesNBLtestNode7>
    <UploadFilesNBLtestNode8>Works</UploadFilesNBLtestNode8>
    <UploadFilesNBLtestNode9>Works</UploadFilesNBLtestNode9>
    <UploadFilesNBLtestNode10>Works</UploadFilesNBLtestNode10>
    <UploadFilesNBLtestNode11>Works</UploadFilesNBLtestNode11>
    <UploadFilesNBLtestNode12>Works</UploadFilesNBLtestNode12>
    <UploadFilesTextNBLtestNode1>Works</UploadFilesTextNBLtestNode1>
    <UploadFilesTextNBLtestNode2>Works</UploadFilesTextNBLtestNode2>
    <UploadFilesTextNBLtestNode3>Works</UploadFilesTextNBLtestNode3>
    <UploadFilesTextNBLtestNode4>Works</UploadFilesTextNBLtestNode4>
    <UploadFilesTextNBLtestNode5 error="A file with this extension could not be found at the moment.">Empty</UploadFilesTextNBLtestNode5>
    <UploadFilesTextNBLtestNode6>Works</UploadFilesTextNBLtestNode6>
  </NeurobiologyOfLanguageTest>
  <LanguageAndGeneticTest>
    <ViewLanguageAndGeneticTestNode1>Works</ViewLanguageAndGeneticTestNode1>
    <ViewLanguageAndGeneticTestNode2>Works</ViewLanguageAndGeneticTestNode2>
    <ViewLanguageAndGeneticTestNode3>Works</ViewLanguageAndGeneticTestNode3>
    <UploadFilesLanguageAndGeneticTestNode1 error="Upload failed. I got an error message saying that the file is unarchivable.">Fails</UploadFilesLanguageAndGeneticTestNode1>
    <UploadFilesLanguageAndGeneticTestNode2>Works</UploadFilesLanguageAndGeneticTestNode2>
    <UploadFilesLanguageAndGeneticTestNode3>Works</UploadFilesLanguageAndGeneticTestNode3>
    <UploadFilesLanguageAndGeneticTestNode4 error="Upload failed. I got an error message saying that the file is unarchivable.">Fails</UploadFilesLanguageAndGeneticTestNode4>
    <UploadFilesLanguageAndGeneticTestNode5>Works</UploadFilesLanguageAndGeneticTestNode5>
    <UploadFilesLanguageAndGeneticTestNode6>Works</UploadFilesLanguageAndGeneticTestNode6>
    <UploadFilesLanguageAndGeneticTestNode7>Works</UploadFilesLanguageAndGeneticTestNode7>
    <UploadFilesLanguageAndGeneticTestNode8>Works</UploadFilesLanguageAndGeneticTestNode8>
    <UploadFilesLanguageAndGeneticTestNode9>Works</UploadFilesLanguageAndGeneticTestNode9>
    <UploadFilesLanguageAndGeneticTestNode10>Works</UploadFilesLanguageAndGeneticTestNode10>
    <UploadFilesLanguageAndGeneticTestNode11>Works</UploadFilesLanguageAndGeneticTestNode11>
    <UploadFilesLanguageAndGeneticTestNode12>Works</UploadFilesLanguageAndGeneticTestNode12>
    <UploadFilesTextLanguageAndGeneticTestNode1>Works</UploadFilesTextLanguageAndGeneticTestNode1>
    <UploadFilesTextLanguageAndGeneticTestNode2>Works</UploadFilesTextLanguageAndGeneticTestNode2>
    <UploadFilesTextLanguageAndGeneticTestNode3>Works</UploadFilesTextLanguageAndGeneticTestNode3>
    <UploadFilesTextLanguageAndGeneticTestNode4>Works</UploadFilesTextLanguageAndGeneticTestNode4>
    <UploadFilesTextLanguageAndGeneticTestNode5 error="A file with this extension could not be found at the moment.">Empty</UploadFilesTextLanguageAndGeneticTestNode5>
    <UploadFilesTextLanguageAndGeneticTestNode6>Works</UploadFilesTextLanguageAndGeneticTestNode6>
  </LanguageAndGeneticTest>
  <ManagementInterface>
    <AccessManagementConsole error="I am able to log in but next to &quot;user&quot; I still see &quot;anonymous&quot;. Ticket #3956.">Mostly</AccessManagementConsole>
    <ManagementConsoleMainDisplay>Works</ManagementConsoleMainDisplay>
    <ManagementConsoleMainDisplay2>Works</ManagementConsoleMainDisplay2>
    <RequestHistoryList>Works</RequestHistoryList>
    <ActiveRequestsList>Works</ActiveRequestsList>
    <EditIngestRequest>Works</EditIngestRequest>
    <DeleteWorkspace>Works</DeleteWorkspace>
    <UserIdFilter>Works</UserIdFilter>
    <MailAllTest>Works</MailAllTest>
    <EditIngestRequest2>Works</EditIngestRequest2>
    <DeleteIngestRequest>Works</DeleteIngestRequest>
    <SendEmailWithLux17>Works</SendEmailWithLux17>
    <BarOptions>Works</BarOptions>
    <BarOptions2>Works</BarOptions2>
    <BarOptions3>Works</BarOptions3>
    <SystemLog>Works</SystemLog>
    <SystemState>Works</SystemState>
    <LockedNodes>Works</LockedNodes>
    <Lux17LamusMain>Works</Lux17LamusMain>
  </ManagementInterface>
  <RefreshDBoption>
    <RefreshDBoptionStart>Works</RefreshDBoptionStart>
    <RefreshDBoptionInfoNode>Works</RefreshDBoptionInfoNode>
    <RefreshDBCrawlerOptions>Works</RefreshDBCrawlerOptions>
    <RefreshDBoptionLogLevel>Works</RefreshDBoptionLogLevel>
    <RefreshDBoptionLogLevel2 error="You get the layout of a table with column headers, but with nothing in it. No output is produced for none of the tracks. ">Strange</RefreshDBoptionLogLevel2>
    <RefreshDBoptionClose>Works</RefreshDBoptionClose>
  </RefreshDBoption>
  <CreateNewTopNode>
    <OpenTopNodeOption>Works</OpenTopNodeOption>
    <TopNodeOptionReset>Works</TopNodeOptionReset>
    <TopNodeOptionCancel>Works</TopNodeOptionCancel>
    <TopNodeOptionSubmit>Works</TopNodeOptionSubmit>
    <TopNodeCreated>Works</TopNodeCreated>
  </CreateNewTopNode>
  <LAMUSFunctionButtonsTest>
    <RequestStorage>Works</RequestStorage>
    <RS1>Works</RS1>
    <RS2>Works</RS2>
    <Help>Works</Help>
    <ReportABug>Works</ReportABug>
    <SaveAndLogout>Works</SaveAndLogout>
    <SAL1>Works</SAL1>
    <SAL2>Works</SAL2>
    <About>Works</About>
  </LAMUSFunctionButtonsTest>
</LamusBugCheck>
