<?xml version="1.0" encoding="UTF-8"?>
<LamusBugCheck xmlns:xsi="http://www.w3.org/2001/XMLSchema-instance" xsi:schemaLocation="https://lux15.mpi.nl/testing https://lux15.mpi.nl/testing/xsd_out.php?file=plans/lamus_2011-11-17.xml">
  <DateTime>2013-02-13</DateTime>
  <LamusVersion>1.1.7.7</LamusVersion>
  <OSVersion>windows 7, firefox</OSVersion>
  <Tester>sauciv</Tester>
  <TestPlanRevision>34922</TestPlanRevision>
  <LamusMainPageTest>
    <RegisterAsANewUsersTest error="">Empty</RegisterAsANewUsersTest>
    <NUT2 error="">Empty</NUT2>
    <NUT1 error="">Empty</NUT1>
    <NUT3 error="">Empty</NUT3>
    <CreateNewWorkSpaceTest1>Works</CreateNewWorkSpaceTest1>
    <CNWS1>Works</CNWS1>
    <CNWS2>Works</CNWS2>
    <SelectTopNode1>Works</SelectTopNode1>
    <STN1a>Works</STN1a>
    <STN1b>Works</STN1b>
    <STN1c>Works</STN1c>
    <SelectExistingWorkspace1>Works</SelectExistingWorkspace1>
    <CreateNewWorkSpaceTest1>Works</CreateNewWorkSpaceTest1>
    <SelectExistingWorkspace2>Works</SelectExistingWorkspace2>
    <CreateNewWorkSpaceTest2>Works</CreateNewWorkSpaceTest2>
    <CreateNewWorkSpaceTest3>Works</CreateNewWorkSpaceTest3>
    <CreateNewWorkSpaceTest4>Works</CreateNewWorkSpaceTest4>
    <CreateNewWorkSpaceTest5>Works</CreateNewWorkSpaceTest5>
    <RequestStorageSpaceTest>Works</RequestStorageSpaceTest>
    <RSST1>Works</RSST1>
    <ManagementConsoleTest>Works</ManagementConsoleTest>
    <MCT1>Works</MCT1>
    <MCT2>Works</MCT2>
    <MCT3>Works</MCT3>
    <Lux17LAMUSOn-lineManualTest>Works</Lux17LAMUSOn-lineManualTest>
    <AboutLux17LAMUSTest>Works</AboutLux17LAMUSTest>
    <AL17LT1>Works</AL17LT1>
  </LamusMainPageTest>
  <WorkspaceManagmentTest>
    <StartWorkingWithYourWorkspace>Works</StartWorkingWithYourWorkspace>
    <TopNodeMenu1>Works</TopNodeMenu1>
    <TopNodeMenu2>Works</TopNodeMenu2>
    <AddCorpusNodeTest>Works</AddCorpusNodeTest>
    <CancelAddNode>Works</CancelAddNode>
    <ResetAddNode>Works</ResetAddNode>
    <SubmitNewCorpusNode>Works</SubmitNewCorpusNode>
    <TMT2>Works</TMT2>
    <ModifyNodeTest>Works</ModifyNodeTest>
    <ResetChangeNode>Works</ResetChangeNode>
    <CancelChangeNode>Works</CancelChangeNode>
    <SubmitModifiedNode>Works</SubmitModifiedNode>
    <ViewNodeTest>Works</ViewNodeTest>
    <AddChildNode>Works</AddChildNode>
    <DeleteNodeTest>Works</DeleteNodeTest>
    <CancelDeleteNode>Works</CancelDeleteNode>
    <DeleteDeleteNode>Works</DeleteDeleteNode>
    <CreateCorpusStructure>Works</CreateCorpusStructure>
    <UploadFiles>Works</UploadFiles>
    <UploadingSessionNodesTest1>Works</UploadingSessionNodesTest1>
    <UF2>Works</UF2>
    <UF3>Works</UF3>
    <UF5>Works</UF5>
    <UploadingSessionNodesTest2>Works</UploadingSessionNodesTest2>
    <FileBrowsersTest1>Works</FileBrowsersTest1>
    <FileBrowsersTest2>Works</FileBrowsersTest2>
    <FileBrowsersTest3>Works</FileBrowsersTest3>
    <FileBrowsersTest4>Works</FileBrowsersTest4>
  </WorkspaceManagmentTest>
  <Link_UnlinkInfoFileTest>
    <LinkCorpusNodeTest></LinkCorpusNodeTest>
    <TMT5></TMT5>
    <LinkInfoFile></LinkInfoFile>
    <LIF1></LIF1>
    <LIF2></LIF2>
    <LIF3></LIF3>
    <LIF4></LIF4>
    <LIF5></LIF5>
    <LIF6></LIF6>
    <LIF7></LIF7>
    <InfoFile></InfoFile>
    <ViewInfoFile></ViewInfoFile>
    <ChangeDescription></ChangeDescription>
    <CD1></CD1>
    <CD2></CD2>
    <CD3></CD3>
  </Link_UnlinkInfoFileTest>
  <RenameInfoFileTest>
    <RenameInfoFile></RenameInfoFile>
    <RRT1></RRT1>
    <RRT2></RRT2>
    <RRT3></RRT3>
    <RRT4></RRT4>
    <RRT5></RRT5>
    <RRT52></RRT52>
    <RRT6></RRT6>
    <RRT7></RRT7>
    <RRT8></RRT8>
    <RRT9></RRT9>
    <RRT10></RRT10>
    <RRT11></RRT11>
  </RenameInfoFileTest>
  <UnlinkInfo_WrittenResourcesTest>
    <UnlinkNodeTest></UnlinkNodeTest>
    <CancelUnlinkNode></CancelUnlinkNode>
    <UN1></UN1>
    <UN1a></UN1a>
    <MultipleUnlinkTest></MultipleUnlinkTest>
    <MUL1></MUL1>
    <MUL2></MUL2>
    <MUL3></MUL3>
    <MUL4></MUL4>
  </UnlinkInfo_WrittenResourcesTest>
  <SessionNodeTest>
    <LinkSessionNode></LinkSessionNode>
    <LSN1></LSN1>
    <LinkMediaFile></LinkMediaFile>
    <LIM1></LIM1>
    <LIM2></LIM2>
    <LIM3></LIM3>
    <LIM4></LIM4>
    <LIM5></LIM5>
    <LIM6></LIM6>
    <LIM7></LIM7>
    <LIM8></LIM8>
    <LinkInfoFileForSessionNodes></LinkInfoFileForSessionNodes>
    <LIFFSN1></LIFFSN1>
    <LIFFSN2></LIFFSN2>
    <LIFFSN3></LIFFSN3>
    <LIFFSN4></LIFFSN4>
    <LIFFSN5></LIFFSN5>
  </SessionNodeTest>
  <Unlink_LinkCorpusNode>
    <UnlinkCorpusNode></UnlinkCorpusNode>
    <UCN1></UCN1>
    <UCN2></UCN2>
    <LinkCorpusNode></LinkCorpusNode>
    <LCN1></LCN1>
    <LinkCatalogueNode></LinkCatalogueNode>
    <LCN1></LCN1>
    <LinkExternalNode></LinkExternalNode>
    <LEN1></LEN1>
    <LEN2></LEN2>
    <LEN3></LEN3>
    <LinkArchiveNode></LinkArchiveNode>
    <LAN1></LAN1>
    <LAN2></LAN2>
    <LAN3></LAN3>
    <LAN4></LAN4>
    <LAN5></LAN5>
    <LAN6></LAN6>
  </Unlink_LinkCorpusNode>
  <UnlinkNodeWithMultipleParentsTest>
    <UNMP1></UNMP1>
    <UNMP2></UNMP2>
    <UNMP3></UNMP3>
    <UNMP4></UNMP4>
    <UNMP5></UNMP5>
    <UNMP6></UNMP6>
    <UNMP7></UNMP7>
    <UNMP8></UNMP8>
    <UNMP9></UNMP9>
    <UNMP10></UNMP10>
  </UnlinkNodeWithMultipleParentsTest>
  <DeleteNodeTest>
    <DNT1></DNT1>
    <DNT2></DNT2>
    <DNT3></DNT3>
  </DeleteNodeTest>
  <MoreOnSessionNodeTest>
    <MOSNT1></MOSNT1>
  </MoreOnSessionNodeTest>
  <DuplicateNodeTest>
    <DuplicateNode></DuplicateNode>
    <DSNT1></DSNT1>
    <DSNT2></DSNT2>
    <DSNT3></DSNT3>
  </DuplicateNodeTest>
  <ReplaceTreeTest>
    <RTTforSessionNode></RTTforSessionNode>
    <RTT2></RTT2>
    <RRT3></RRT3>
    <RRT4></RRT4>
  </ReplaceTreeTest>
  <LAMUSFunctionButtonsTest>
    <RequestStorage></RequestStorage>
    <RS1></RS1>
    <RS3></RS3>
    <Help></Help>
    <ReportABug></ReportABug>
    <SaveAndLogout></SaveAndLogout>
    <SAL1></SAL1>
    <SAL2></SAL2>
    <About></About>
    <A2></A2>
    <A1></A1>
  </LAMUSFunctionButtonsTest>
</LamusBugCheck>
