<?xml version="1.0" encoding="UTF-8"?>
<LamusBugCheck xmlns:xsi="http://www.w3.org/2001/XMLSchema-instance" xsi:schemaLocation="https://lux15.mpi.nl/testing https://lux15.mpi.nl/testing/xsd_out.php?file=plans/lamus_2011-11-17.xml">
  <DateTime>2014-04-22</DateTime>
  <LamusVersion>1.2 Build:	1397722434387</LamusVersion>
  <OSVersion>MAC OS X 10.6.8, firefox 21, lux 17.</OSVersion>
  <Tester>sauciv</Tester>
  <TestPlanRevision>40622</TestPlanRevision>
  <LamusMainPageTest>
    <RegisterAsANewUsersTest>Works</RegisterAsANewUsersTest>
    <NUT2>Works</NUT2>
    <NUT1>Works</NUT1>
    <CreateNewWorkSpaceTest1>Works</CreateNewWorkSpaceTest1>
    <CNWS1>Works</CNWS1>
    <CNWS2>Works</CNWS2>
    <SelectTopNode1>Works</SelectTopNode1>
    <STN1a>Works</STN1a>
    <STN1b>Works</STN1b>
    <STN1c>Works</STN1c>
    <SelectExistingWorkspace1>Works</SelectExistingWorkspace1>
    <CreateNewWorkSpaceTest1>Works</CreateNewWorkSpaceTest1>
    <SelectExistingWorkspace2>Works</SelectExistingWorkspace2>
    <CreateNewWorkSpaceTest2>Works</CreateNewWorkSpaceTest2>
    <CreateNewWorkSpaceTest3>Works</CreateNewWorkSpaceTest3>
    <CreateNewWorkSpaceTest4>Works</CreateNewWorkSpaceTest4>
    <CreateNewWorkSpaceTest5>Works</CreateNewWorkSpaceTest5>
    <RequestStorageSpaceTest>Works</RequestStorageSpaceTest>
    <RSST1 error="I get the following error message: Your connection may have timed out.">Fails</RSST1>
    <ManagementConsoleTest>Works</ManagementConsoleTest>
    <MCT1>Works</MCT1>
    <MCT2>Works</MCT2>
    <MCT3>Works</MCT3>
    <Lux17LAMUSOn-lineManualTest>Works</Lux17LAMUSOn-lineManualTest>
    <AboutLux17LAMUSTest>Works</AboutLux17LAMUSTest>
    <AL17LT1>Works</AL17LT1>
  </LamusMainPageTest>
  <WorkspaceManagmentTest>
    <StartWorkingWithYourWorkspace>Works</StartWorkingWithYourWorkspace>
    <TopNodeMenu1>Works</TopNodeMenu1>
    <TopNodeMenu2>Works</TopNodeMenu2>
    <AddCorpusNodeTest>Works</AddCorpusNodeTest>
    <CancelAddNode>Works</CancelAddNode>
    <ResetAddNode>Works</ResetAddNode>
    <SubmitNewCorpusNode error="The node is indeed added, but not after click 'Submit'. I need to refresh the page in order to see the tree upoladed.">Mostly</SubmitNewCorpusNode>
    <TMT2>Works</TMT2>
    <ModifyNodeTest>Works</ModifyNodeTest>
    <ResetChangeNode>Works</ResetChangeNode>
    <CancelChangeNode>Works</CancelChangeNode>
    <SubmitModifiedNode error="The same problem as before. I need to refresh the page to see the changes that I made.">Mostly</SubmitModifiedNode>
    <ViewNodeTest>Works</ViewNodeTest>
    <AddChildNode>Works</AddChildNode>
    <DeleteNodeTest>Works</DeleteNodeTest>
    <CancelDeleteNode>Works</CancelDeleteNode>
    <DeleteDeleteNode error="The same as before.">Mostly</DeleteDeleteNode>
    <CreateCorpusStructure error="The same problem as before. Each time I upoloaded a new node, I had to refresh the page in order to see the changes in the tree. ">Mostly</CreateCorpusStructure>
    <UploadFiles>Works</UploadFiles>
    <UploadingSessionNodesTest1>Works</UploadingSessionNodesTest1>
    <UF2>Works</UF2>
    <UF3>Works</UF3>
    <UF5>Works</UF5>
    <UploadingSessionNodesTest2>Works</UploadingSessionNodesTest2>
  </WorkspaceManagmentTest>
  <Link_UnlinkInfoFileTest>
    <LinkCorpusNodeTest>Works</LinkCorpusNodeTest>
    <TMT5>Works</TMT5>
    <LinkInfoFile>Works</LinkInfoFile>
    <LIF1>Works</LIF1>
    <LIF2>Works</LIF2>
    <LIF3>Works</LIF3>
    <LIF4>Works</LIF4>
    <LIF5>Works</LIF5>
    <LIF6>Works</LIF6>
    <LIF7 error="The same problem as before.">Mostly</LIF7>
    <InfoFile>Works</InfoFile>
    <ViewInfoFile>Works</ViewInfoFile>
    <ChangeDescription>Works</ChangeDescription>
    <CD1>Works</CD1>
    <CD2>Works</CD2>
    <CD3>Works</CD3>
  </Link_UnlinkInfoFileTest>
  <RenameInfoFileTest>
    <RenameInfoFile>Works</RenameInfoFile>
    <RRT1>Works</RRT1>
    <RRT2>Works</RRT2>
    <RRT3>Works</RRT3>
    <RRT4>Works</RRT4>
    <RRT5>Works</RRT5>
    <RRT52 error="When I click 'Back' the page goes off line.">Mostly</RRT52>
    <RRT6>Works</RRT6>
    <RRT7>Works</RRT7>
    <RRT8>Works</RRT8>
    <RRT9>Works</RRT9>
    <RRT10>Works</RRT10>
    <RRT11 error="The same problem as before.">Mostly</RRT11>
  </RenameInfoFileTest>
  <UnlinkInfo_WrittenResourcesTest>
    <UnlinkNodeTest>Works</UnlinkNodeTest>
    <CancelUnlinkNode>Works</CancelUnlinkNode>
    <UN1>Works</UN1>
    <UN1a error="The same problem as before.">Mostly</UN1a>
    <MultipleUnlinkTest>Works</MultipleUnlinkTest>
    <MUL1>Works</MUL1>
    <MUL2>Works</MUL2>
    <MUL3>Works</MUL3>
    <MUL4 error="The same problem as before.">Mostly</MUL4>
  </UnlinkInfo_WrittenResourcesTest>
  <SessionNodeTest>
    <LinkSessionNode>Works</LinkSessionNode>
    <LSN1>Works</LSN1>
    <LinkMediaFile>Works</LinkMediaFile>
    <LIM1>Works</LIM1>
    <LIM2>Works</LIM2>
    <LIM3>Works</LIM3>
    <LIM4>Works</LIM4>
    <LIM5>Works</LIM5>
    <LIM6>Works</LIM6>
    <LIM7 error="">Mostly</LIM7>
    <LIM8>Works</LIM8>
    <LinkInfoFileForSessionNodes>Works</LinkInfoFileForSessionNodes>
    <LIFFSN1>Works</LIFFSN1>
    <LIFFSN2 error="">Mostly</LIFFSN2>
    <LIFFSN3>Works</LIFFSN3>
    <LIFFSN4 error="The 'Link node' window did not appear.">Mostly</LIFFSN4>
    <LIFFSN5>Works</LIFFSN5>
  </SessionNodeTest>
  <Unlink_LinkCorpusNode>
    <UnlinkCorpusNode>Works</UnlinkCorpusNode>
    <UCN1>Works</UCN1>
    <UCN2>Works</UCN2>
    <LinkCorpusNode>Works</LinkCorpusNode>
    <LCN1>Works</LCN1>
    <LinkCatalogueNode>Works</LinkCatalogueNode>
    <LCN1>Works</LCN1>
    <LinkExternalNode>Works</LinkExternalNode>
    <LEN1>Works</LEN1>
    <LEN2>Works</LEN2>
    <LEN3>Works</LEN3>
    <LinkArchiveNode>Works</LinkArchiveNode>
    <LAN1>Works</LAN1>
    <LAN2>Works</LAN2>
    <LAN3>Works</LAN3>
    <LAN4>Works</LAN4>
    <LAN5>Works</LAN5>
    <LAN6>Works</LAN6>
  </Unlink_LinkCorpusNode>
  <UnlinkNodeWithMultipleParentsTest>
    <UNMP1>Works</UNMP1>
    <UNMP2>Works</UNMP2>
    <UNMP3>Works</UNMP3>
    <UNMP4>Works</UNMP4>
    <UNMP5>Works</UNMP5>
    <UNMP6>Works</UNMP6>
    <UNMP7>Works</UNMP7>
    <UNMP8>Works</UNMP8>
    <UNMP9>Works</UNMP9>
    <UNMP10>Works</UNMP10>
  </UnlinkNodeWithMultipleParentsTest>
  <DeleteNodeTest>
    <DNT1>Works</DNT1>
    <DNT2>Works</DNT2>
    <DNT3>Works</DNT3>
  </DeleteNodeTest>
  <MoreOnSessionNodeTest>
    <MOSNT1>Works</MOSNT1>
  </MoreOnSessionNodeTest>
  <DuplicateNodeTest>
    <DuplicateNode>Works</DuplicateNode>
    <DSNT1>Works</DSNT1>
    <DSNT2>Works</DSNT2>
    <DSNT3>Works</DSNT3>
  </DuplicateNodeTest>
  <ReplaceTreeTest>
    <RTTforSessionNode>Works</RTTforSessionNode>
    <RTT2 error="I don't get any error message. The node is indeed replaced by Ramarro2Marrone.">Fails</RTT2>
    <RRT3>Works</RRT3>
    <RRT4>Works</RRT4>
  </ReplaceTreeTest>
  <NeurobiologyOfLanguageTest>
    <ViewNBLtestNode1 error="">Empty</ViewNBLtestNode1>
    <ViewNBLtestNode2 error="">Empty</ViewNBLtestNode2>
    <ViewNBLtestNode3 error="">Empty</ViewNBLtestNode3>
    <UploadFilesNBLtestNode1 error="">Empty</UploadFilesNBLtestNode1>
    <UploadFilesNBLtestNode2 error="">Empty</UploadFilesNBLtestNode2>
    <UploadFilesNBLtestNode3 error="">Empty</UploadFilesNBLtestNode3>
    <UploadFilesNBLtestNode4 error="">Empty</UploadFilesNBLtestNode4>
    <UploadFilesNBLtestNode5 error="">Empty</UploadFilesNBLtestNode5>
    <UploadFilesNBLtestNode6 error="">Empty</UploadFilesNBLtestNode6>
    <UploadFilesNBLtestNode7 error="">Empty</UploadFilesNBLtestNode7>
    <UploadFilesNBLtestNode8 error="">Empty</UploadFilesNBLtestNode8>
    <UploadFilesNBLtestNode9 error="">Empty</UploadFilesNBLtestNode9>
    <UploadFilesNBLtestNode10 error="">Empty</UploadFilesNBLtestNode10>
    <UploadFilesNBLtestNode11 error="">Empty</UploadFilesNBLtestNode11>
    <UploadFilesNBLtestNode12 error="">Empty</UploadFilesNBLtestNode12>
    <UploadFilesTextNBLtestNode1 error="">Empty</UploadFilesTextNBLtestNode1>
    <UploadFilesTextNBLtestNode2 error="">Empty</UploadFilesTextNBLtestNode2>
    <UploadFilesTextNBLtestNode3 error="">Empty</UploadFilesTextNBLtestNode3>
    <UploadFilesTextNBLtestNode4 error="">Empty</UploadFilesTextNBLtestNode4>
    <UploadFilesTextNBLtestNode5 error="">Empty</UploadFilesTextNBLtestNode5>
    <UploadFilesTextNBLtestNode6 error="">Empty</UploadFilesTextNBLtestNode6>
  </NeurobiologyOfLanguageTest>
  <LanguageAndGeneticTest>
    <ViewLanguageAndGeneticTestNode1 error="">Empty</ViewLanguageAndGeneticTestNode1>
    <ViewLanguageAndGeneticTestNode2 error="">Empty</ViewLanguageAndGeneticTestNode2>
    <ViewLanguageAndGeneticTestNode3 error="">Empty</ViewLanguageAndGeneticTestNode3>
    <UploadFilesLanguageAndGeneticTestNode1 error="">Empty</UploadFilesLanguageAndGeneticTestNode1>
    <UploadFilesLanguageAndGeneticTestNode2 error="">Empty</UploadFilesLanguageAndGeneticTestNode2>
    <UploadFilesLanguageAndGeneticTestNode3 error="">Empty</UploadFilesLanguageAndGeneticTestNode3>
    <UploadFilesLanguageAndGeneticTestNode4 error="">Empty</UploadFilesLanguageAndGeneticTestNode4>
    <UploadFilesLanguageAndGeneticTestNode5 error="">Empty</UploadFilesLanguageAndGeneticTestNode5>
    <UploadFilesLanguageAndGeneticTestNode6 error="">Empty</UploadFilesLanguageAndGeneticTestNode6>
    <UploadFilesLanguageAndGeneticTestNode7 error="">Empty</UploadFilesLanguageAndGeneticTestNode7>
    <UploadFilesLanguageAndGeneticTestNode8 error="">Empty</UploadFilesLanguageAndGeneticTestNode8>
    <UploadFilesLanguageAndGeneticTestNode9 error="">Empty</UploadFilesLanguageAndGeneticTestNode9>
    <UploadFilesLanguageAndGeneticTestNode10 error="">Empty</UploadFilesLanguageAndGeneticTestNode10>
    <UploadFilesLanguageAndGeneticTestNode11 error="">Empty</UploadFilesLanguageAndGeneticTestNode11>
    <UploadFilesLanguageAndGeneticTestNode12 error="">Empty</UploadFilesLanguageAndGeneticTestNode12>
    <UploadFilesTextLanguageAndGeneticTestNode1 error="">Empty</UploadFilesTextLanguageAndGeneticTestNode1>
    <UploadFilesTextLanguageAndGeneticTestNode2 error="">Empty</UploadFilesTextLanguageAndGeneticTestNode2>
    <UploadFilesTextLanguageAndGeneticTestNode3 error="">Empty</UploadFilesTextLanguageAndGeneticTestNode3>
    <UploadFilesTextLanguageAndGeneticTestNode4 error="">Empty</UploadFilesTextLanguageAndGeneticTestNode4>
    <UploadFilesTextLanguageAndGeneticTestNode5 error="">Empty</UploadFilesTextLanguageAndGeneticTestNode5>
    <UploadFilesTextLanguageAndGeneticTestNode6 error="">Empty</UploadFilesTextLanguageAndGeneticTestNode6>
  </LanguageAndGeneticTest>
  <ManagementInterface>
    <AccessManagementConsole>Works</AccessManagementConsole>
    <ManagementConsoleMainDisplay>Works</ManagementConsoleMainDisplay>
    <ManagementConsoleMainDisplay2>Works</ManagementConsoleMainDisplay2>
    <RequestHistoryList>Works</RequestHistoryList>
    <ActiveRequestsList>Works</ActiveRequestsList>
    <EditIngestRequest>Works</EditIngestRequest>
    <DeleteWorkspace>Works</DeleteWorkspace>
    <UserIdFilter>Works</UserIdFilter>
    <MailAllTest>Works</MailAllTest>
    <EditIngestRequest2>Works</EditIngestRequest2>
    <DeleteIngestRequest>Works</DeleteIngestRequest>
    <SendEmailWithLux17>Works</SendEmailWithLux17>
    <BarOptions>Works</BarOptions>
    <BarOptions2>Works</BarOptions2>
    <BarOptions3>Works</BarOptions3>
    <SystemLog>Works</SystemLog>
    <SystemState>Works</SystemState>
    <LockedNodes>Works</LockedNodes>
    <Lux17LamusMain>Works</Lux17LamusMain>
  </ManagementInterface>
  <RefreshDBoption>
    <RefreshDBoptionStart>Works</RefreshDBoptionStart>
    <RefreshDBoptionInfoNode>Works</RefreshDBoptionInfoNode>
    <RefreshDBCrawlerOptions>Works</RefreshDBCrawlerOptions>
    <RefreshDBoptionLogLevel>Works</RefreshDBoptionLogLevel>
    <RefreshDBoptionLogLevel2>Works</RefreshDBoptionLogLevel2>
    <RefreshDBoptionClose>Works</RefreshDBoptionClose>
  </RefreshDBoption>
  <CreateNewTopNode>
    <OpenTopNodeOption>Works</OpenTopNodeOption>
    <TopNodeOptionReset>Works</TopNodeOptionReset>
    <TopNodeOptionCancel>Works</TopNodeOptionCancel>
    <TopNodeOptionSubmit>Works</TopNodeOptionSubmit>
    <TopNodeCreated>Works</TopNodeCreated>
  </CreateNewTopNode>
  <LAMUSFunctionButtonsTest>
    <RequestStorage>Works</RequestStorage>
    <RS1>Works</RS1>
    <RS2>Works</RS2>
    <Help error="Clicking 'Help' does not produce any result.">Fails</Help>
    <ReportABug>Works</ReportABug>
    <SaveAndLogout>Works</SaveAndLogout>
    <SAL1>Works</SAL1>
    <SAL2>Works</SAL2>
    <About>Works</About>
  </LAMUSFunctionButtonsTest>
</LamusBugCheck>
