<?xml version="1.0" encoding="UTF-8"?>
<LamusBugCheck xmlns:xsi="http://www.w3.org/2001/XMLSchema-instance" xsi:schemaLocation="https://lux15.mpi.nl/testing https://lux15.mpi.nl/testing/xsd_out.php?file=plans/lamus_2011-11-17.xml">
  <DateTime>2012-12-21</DateTime>
  <LamusVersion>1.1.3</LamusVersion>
  <OSVersion>Demoserver Firefox MacIOS</OSVersion>
  <Tester>sauciv</Tester>
  <TestPlanRevision>34922</TestPlanRevision>
  <LamusMainPageTest>
    <RegisterAsANewUsersTest>Works</RegisterAsANewUsersTest>
    <NUT2>Works</NUT2>
    <NUT1>Works</NUT1>
    <NUT3>Works</NUT3>
    <CreateNewWorkSpaceTest1>Works</CreateNewWorkSpaceTest1>
    <CNWS1>Works</CNWS1>
    <CNWS2>Works</CNWS2>
    <SelectTopNode1>Works</SelectTopNode1>
    <STN1a>Works</STN1a>
    <STN1b>Works</STN1b>
    <STN1c>Works</STN1c>
    <SelectExistingWorkspace1>Works</SelectExistingWorkspace1>
    <CreateNewWorkSpaceTest1>Works</CreateNewWorkSpaceTest1>
    <SelectExistingWorkspace2>Works</SelectExistingWorkspace2>
    <CreateNewWorkSpaceTest2>Works</CreateNewWorkSpaceTest2>
    <CreateNewWorkSpaceTest3>Works</CreateNewWorkSpaceTest3>
    <CreateNewWorkSpaceTest4>Works</CreateNewWorkSpaceTest4>
    <CreateNewWorkSpaceTest5>Works</CreateNewWorkSpaceTest5>
    <RequestStorageSpaceTest>Works</RequestStorageSpaceTest>
    <RSST1>Works</RSST1>
    <ManagementConsoleTest>Works</ManagementConsoleTest>
    <MCT1>Works</MCT1>
    <MCT2>Works</MCT2>
    <MCT3>Works</MCT3>
    <Lux17LAMUSOn-lineManualTest>Works</Lux17LAMUSOn-lineManualTest>
    <AboutLux17LAMUSTest>Works</AboutLux17LAMUSTest>
    <AL17LT1>Works</AL17LT1>
  </LamusMainPageTest>
  <WorkspaceManagmentTest>
    <StartWorkingWithYourWorkspace>Works</StartWorkingWithYourWorkspace>
    <TopNodeMenu1>Works</TopNodeMenu1>
    <TopNodeMenu2>Works</TopNodeMenu2>
    <AddCorpusNodeTest>Works</AddCorpusNodeTest>
    <CancelAddNode>Works</CancelAddNode>
    <ResetAddNode>Works</ResetAddNode>
    <SubmitNewCorpusNode>Works</SubmitNewCorpusNode>
    <TMT2>Works</TMT2>
    <ModifyNodeTest>Works</ModifyNodeTest>
    <ResetChangeNode>Works</ResetChangeNode>
    <CancelChangeNode>Works</CancelChangeNode>
    <SubmitModifiedNode>Works</SubmitModifiedNode>
    <ViewNodeTest>Works</ViewNodeTest>
    <AddChildNode>Works</AddChildNode>
    <DeleteNodeTest>Works</DeleteNodeTest>
    <CancelDeleteNode>Works</CancelDeleteNode>
    <DeleteDeleteNode>Works</DeleteDeleteNode>
    <CreateCorpusStructure>Works</CreateCorpusStructure>
    <UploadFiles>Works</UploadFiles>
    <UploadingSessionNodesTest1>Works</UploadingSessionNodesTest1>
    <UF2>Works</UF2>
    <UF3>Works</UF3>
    <UF5>Works</UF5>
    <UploadingSessionNodesTest2>Works</UploadingSessionNodesTest2>
    <FileBrowsersTest1>Works</FileBrowsersTest1>
    <FileBrowsersTest2>Works</FileBrowsersTest2>
    <FileBrowsersTest3>Works</FileBrowsersTest3>
    <FileBrowsersTest4>Works</FileBrowsersTest4>
  </WorkspaceManagmentTest>
  <Link_UnlinkInfoFileTest>
    <LinkCorpusNodeTest>Works</LinkCorpusNodeTest>
    <TMT5>Works</TMT5>
    <LinkInfoFile>Works</LinkInfoFile>
    <LIF1>Works</LIF1>
    <LIF2>Works</LIF2>
    <LIF3>Works</LIF3>
    <LIF4>Works</LIF4>
    <LIF5>Works</LIF5>
    <LIF6>Works</LIF6>
    <LIF7>Works</LIF7>
    <InfoFile>Works</InfoFile>
    <ViewInfoFile>Works</ViewInfoFile>
    <ChangeDescription>Works</ChangeDescription>
    <CD1>Works</CD1>
    <CD2>Works</CD2>
    <CD3>Works</CD3>
  </Link_UnlinkInfoFileTest>
  <RenameInfoFileTest>
    <RenameInfoFile>Works</RenameInfoFile>
    <RRT1>Works</RRT1>
    <RRT2>Works</RRT2>
    <RRT3>Works</RRT3>
    <RRT4>Works</RRT4>
    <RRT5>Works</RRT5>
    <RRT52>Works</RRT52>
    <RRT6>Works</RRT6>
    <RRT7>Works</RRT7>
    <RRT8>Works</RRT8>
    <RRT9>Works</RRT9>
    <RRT10>Works</RRT10>
    <RRT11>Works</RRT11>
  </RenameInfoFileTest>
  <UnlinkInfo_WrittenResourcesTest>
    <UnlinkNodeTest>Works</UnlinkNodeTest>
    <CancelUnlinkNode>Works</CancelUnlinkNode>
    <UN1>Works</UN1>
    <UN1a>Works</UN1a>
    <MultipleUnlinkTest>Works</MultipleUnlinkTest>
    <MUL1>Works</MUL1>
    <MUL2>Works</MUL2>
    <MUL3>Works</MUL3>
    <MUL4>Works</MUL4>
  </UnlinkInfo_WrittenResourcesTest>
  <SessionNodeTest>
    <LinkSessionNode>Works</LinkSessionNode>
    <LSN1>Works</LSN1>
    <LinkMediaFile>Works</LinkMediaFile>
    <LIM1>Works</LIM1>
    <LIM2>Works</LIM2>
    <LIM3>Works</LIM3>
    <LIM4>Works</LIM4>
    <LIM5>Works</LIM5>
    <LIM6>Works</LIM6>
    <LIM7>Works</LIM7>
    <LIM8>Works</LIM8>
    <LinkInfoFileForSessionNodes>Works</LinkInfoFileForSessionNodes>
    <LIFFSN1>Works</LIFFSN1>
    <LIFFSN2>Works</LIFFSN2>
    <LIFFSN3>Works</LIFFSN3>
    <LIFFSN4>Works</LIFFSN4>
    <LIFFSN5>Works</LIFFSN5>
  </SessionNodeTest>
  <Unlink_LinkCorpusNode>
    <UnlinkCorpusNode>Works</UnlinkCorpusNode>
    <UCN1>Works</UCN1>
    <UCN2>Works</UCN2>
    <LinkCorpusNode>Works</LinkCorpusNode>
    <LCN1>Works</LCN1>
    <LinkCatalogueNode>Works</LinkCatalogueNode>
    <LCN1>Works</LCN1>
    <LinkExternalNode>Works</LinkExternalNode>
    <LEN1>Works</LEN1>
    <LEN2>Works</LEN2>
    <LEN3>Works</LEN3>
    <LinkArchiveNode>Works</LinkArchiveNode>
    <LAN1>Works</LAN1>
    <LAN2>Works</LAN2>
    <LAN3>Works</LAN3>
    <LAN4>Works</LAN4>
    <LAN5>Works</LAN5>
    <LAN6>Works</LAN6>
  </Unlink_LinkCorpusNode>
  <UnlinkNodeWithMultipleParentsTest>
    <UNMP1></UNMP1>
    <UNMP2></UNMP2>
    <UNMP3></UNMP3>
    <UNMP4></UNMP4>
    <UNMP5></UNMP5>
    <UNMP6></UNMP6>
    <UNMP7></UNMP7>
    <UNMP8></UNMP8>
    <UNMP9></UNMP9>
    <UNMP10></UNMP10>
  </UnlinkNodeWithMultipleParentsTest>
  <DeleteNodeTest>
    <DNT1></DNT1>
    <DNT2></DNT2>
    <DNT3></DNT3>
  </DeleteNodeTest>
  <MoreOnSessionNodeTest>
    <MOSNT1></MOSNT1>
  </MoreOnSessionNodeTest>
  <DuplicateNodeTest>
    <DuplicateNode></DuplicateNode>
    <DSNT1></DSNT1>
    <DSNT2></DSNT2>
    <DSNT3></DSNT3>
  </DuplicateNodeTest>
  <ReplaceTreeTest>
    <RTTforSessionNode></RTTforSessionNode>
    <RTT2></RTT2>
    <RRT3></RRT3>
    <RRT4></RRT4>
  </ReplaceTreeTest>
  <LAMUSFunctionButtonsTest>
    <RequestStorage></RequestStorage>
    <RS1></RS1>
    <RS3></RS3>
    <Help></Help>
    <ReportABug></ReportABug>
    <SaveAndLogout></SaveAndLogout>
    <SAL1></SAL1>
    <SAL2></SAL2>
    <About></About>
    <A2></A2>
    <A1></A1>
  </LAMUSFunctionButtonsTest>
</LamusBugCheck>
