<?xml version="1.0" encoding="UTF-8"?>
<LexusBugCheck xmlns:xsi="http://www.w3.org/2001/XMLSchema-instance" xsi:schemaLocation="https://idp.mpi.nl/testing https://idp.mpi.nl/testing/xsd_out.php?file=plans/lexus_2011-12-15.xml">
  <DateTime>16.02.2012</DateTime>
  <LexusVersion>r29162</LexusVersion>
  <OSVersion>Windows7</OSVersion>
  <Tester>katwoj</Tester>
  <LoginTest>
    <LTDemoLogin>Works</LTDemoLogin>
    <FileTabLogOutIn>Works</FileTabLogOutIn>
    <LTTestLogin>Works</LTTestLogin>
  </LoginTest>
  <SwitchTabTest>
    <STSchemaAndViewEditor>Works</STSchemaAndViewEditor>
    <SToLexiconEditor>Works</SToLexiconEditor>
    <SToWorkspace>Works</SToWorkspace>
    <SToWorkspaceVicos>Works</SToWorkspaceVicos>
  </SwitchTabTest>
  <WorkspaceLexicaTabTest>
    <WLAddNewLexicon>Works</WLAddNewLexicon>
    <WLSaveNewLexicon>Works</WLSaveNewLexicon>
    <WLRemoveLexicon>Works</WLRemoveLexicon>
    <WLSelectLexicon>Works</WLSelectLexicon>
    <WLChangeNameExistingLexicon>Works</WLChangeNameExistingLexicon>
    <WLChangeDescriptionExistingLexicon>Works</WLChangeDescriptionExistingLexicon>
    <WLChangeNoteExistingLexicon>Works</WLChangeNoteExistingLexicon>
    <WLSaveChangeExistingLexicon>Works</WLSaveChangeExistingLexicon>
    <WLDeleteChanges>Works</WLDeleteChanges>
    <WLLoadLexusUsers1>Works</WLLoadLexusUsers1>
    <WLDragAndDropUsers1>Works</WLDragAndDropUsers1>
    <WLLogoutAndLoginAsWs1a>Works</WLLogoutAndLoginAsWs1a>
    <WLRemoveWs1AsDemoUser>Works</WLRemoveWs1AsDemoUser>
    <WLLogoutAndLoginAsWs1b>Works</WLLogoutAndLoginAsWs1b>
    <WLLoadLexusUsers2>Works</WLLoadLexusUsers2>
    <WLDragAndDropUsers2>Works</WLDragAndDropUsers2>
    <WLLogoutAndLoginAsWs2a>Works</WLLogoutAndLoginAsWs2a>
    <WLRemoveUserWs2>Works</WLRemoveUserWs2>
    <WLLogoutAndLoginAsWs2b>Works</WLLogoutAndLoginAsWs2b>
    <WLLLogInDemo>Works</WLLLogInDemo>
  </WorkspaceLexicaTabTest>
  <SortOrdersTabTest>
    <SOOpenSortOrdersTab>Works</SOOpenSortOrdersTab>
    <SOSelectSortOrder>Works</SOSelectSortOrder>
    <SOCreateNewSortOrder1>Works</SOCreateNewSortOrder1>
    <SOCreateNewSortOrder2>Works</SOCreateNewSortOrder2>
    <SOSelectNewSortOrder>Works</SOSelectNewSortOrder>
    <SORemoveInitialCharacters>Works</SORemoveInitialCharacters>
    <SOSaveAdjustedSortOrder>Works</SOSaveAdjustedSortOrder>
    <SOAddInitialCharacters1>Works</SOAddInitialCharacters1>
    <SOAddInitialCharacters2>Works</SOAddInitialCharacters2>
    <SORechangePositionCharacters>Works</SORechangePositionCharacters>
    <SODeteteSortOrder1 error="#1520">Mostly</SODeteteSortOrder1>
    <SOCreateNewSortOrderWithNonLatinCharacters>Works</SOCreateNewSortOrderWithNonLatinCharacters>
    <SOCreateInitialCharacters>Works</SOCreateInitialCharacters>
    <SOSaveAdjustedSortOrder>Works</SOSaveAdjustedSortOrder>
    <SODeteteSortOrder2>Works</SODeteteSortOrder2>
    <FileTabSaveTest>Works</FileTabSaveTest>
  </SortOrdersTabTest>
  <QueriesAndSearchingTabTestRightTab>
    <QSAdHocSearchDropDownLexiconList></QSAdHocSearchDropDownLexiconList>
    <QSAdHocSearchDropDownWhereList></QSAdHocSearchDropDownWhereList>
    <QSAdHocSearchDropDownListBeginWith1></QSAdHocSearchDropDownListBeginWith1>
    <QSAdHocSearchDropDownListBeginWith2></QSAdHocSearchDropDownListBeginWith2>
    <QSAdHocSearchLexicalEntryDetails></QSAdHocSearchLexicalEntryDetails>
    <QSAdHocSearchDeatailsTab></QSAdHocSearchDeatailsTab>
    <QSAdHocSearchChangeDetails></QSAdHocSearchChangeDetails>
    <QSAdHocSearchClosePop-up></QSAdHocSearchClosePop-up>
    <QSAdHocSearchLexicalEntryReDo></QSAdHocSearchLexicalEntryReDo>
    <QSAdHocSearchDropDownListEndsWith></QSAdHocSearchDropDownListEndsWith>
    <QSAdHocSearchCheckPreviousModifiedValue></QSAdHocSearchCheckPreviousModifiedValue>
    <QSAdHocSearchCheckPreviousModifiedValueReDo></QSAdHocSearchCheckPreviousModifiedValueReDo>
  </QueriesAndSearchingTabTestRightTab>
  <UnicodeInputTest>
    <UCChangeDescription></UCChangeDescription>
    <UCDescriptionSave></UCDescriptionSave>
    <UCRedoNonLatinDesc></UCRedoNonLatinDesc>
    <UCAddANewSortOrder></UCAddANewSortOrder>
    <UCDeleteUnicodeSortOrder></UCDeleteUnicodeSortOrder>
    <UCCreateANewQuery></UCCreateANewQuery>
    <UCDeleteANewQuery></UCDeleteANewQuery>
    <UCOpenATestLexica></UCOpenATestLexica>
    <UCSelectLexicalEntry></UCSelectLexicalEntry>
    <UCEnteringNonLatinCharacters1></UCEnteringNonLatinCharacters1>
    <UCEnteringNonLatinCharacters2></UCEnteringNonLatinCharacters2>
    <UCDeleteEnteringNonLatinCharacters></UCDeleteEnteringNonLatinCharacters>
  </UnicodeInputTest>
  <ReadOnlyTest>
    <ROLoginAsUserWs1>Works</ROLoginAsUserWs1>
    <RONotEditableFields1>Works</RONotEditableFields1>
    <RONotEditableFields2>Works</RONotEditableFields2>
    <RONotEditableFields3>Works</RONotEditableFields3>
    <ROSchemaElementsNotEditable1>Works</ROSchemaElementsNotEditable1>
    <ROSchemaElementsNotEditable2>Works</ROSchemaElementsNotEditable2>
    <ROLexiconEditorEntryFields>Works</ROLexiconEditorEntryFields>
    <ROLexiconEditorFiltersTab>Works</ROLexiconEditorFiltersTab>
  </ReadOnlyTest>
  <SchemaAndViewEditorSchemaElementTest>
    <SVENewLexiconInTheWorkspace>Works</SVENewLexiconInTheWorkspace>
    <SVEAddDataComponent>Works</SVEAddDataComponent>
    <SVEAddDataCategory>Works</SVEAddDataCategory>
    <SVEMoreElements>Works</SVEMoreElements>
    <SVEChangingtoISOCat>Works</SVEChangingtoISOCat>
    <SVEChangingToISOCat1>Works</SVEChangingToISOCat1>
    <SVEChangingToISOCat2>Works</SVEChangingToISOCat2>
    <SVEChangingToISOCat3>Works</SVEChangingToISOCat3>
    <SVEChangingToToolbox1>Works</SVEChangingToToolbox1>
    <SVEChangingToToolbox2>Works</SVEChangingToToolbox2>
    <SVEAssignSortOrder1>Works</SVEAssignSortOrder1>
    <SVEAutoSave>Works</SVEAutoSave>
    <SVEAutoSaveNo>Works</SVEAutoSaveNo>
    <SVEAssignSortOrder2>Works</SVEAssignSortOrder2>
  </SchemaAndViewEditorSchemaElementTest>
  <SchemaAndViewEditorViewEditorTest>
    <SVEOpenLexicon>Works</SVEOpenLexicon>
    <SVEOpenLexicon2></SVEOpenLexicon2>
    <SVEAddANewView>Works</SVEAddANewView>
    <SVESaveLexeme>Works</SVESaveLexeme>
    <SVEFormattingViewD1>Works</SVEFormattingViewD1>
    <SVEFormattingViewD2>Works</SVEFormattingViewD2>
    <SVEFormattingViewD3>Works</SVEFormattingViewD3>
    <SVEFormattingViewD4>Works</SVEFormattingViewD4>
    <SVEFormattingViewD5>Works</SVEFormattingViewD5>
    <SVEFormattingViewD6>Works</SVEFormattingViewD6>
    <SVEFormattingViewDCheck error="#1523">Mostly</SVEFormattingViewDCheck>
    <SVEFormattingViewSepBl>Works</SVEFormattingViewSepBl>
    <SVEFormattingViewAddNewEntries>Works</SVEFormattingViewAddNewEntries>
    <SVEFormattingViewDReDo>Works</SVEFormattingViewDReDo>
    <SVEFormattingViewClass1>Works</SVEFormattingViewClass1>
    <SVEFormattingViewClass2>Works</SVEFormattingViewClass2>
    <SVEFormattingViewClass3>Works</SVEFormattingViewClass3>
    <SVEFormattingViewClass4>Works</SVEFormattingViewClass4>
    <SVEFormattingViewClass5>Works</SVEFormattingViewClass5>
    <SVEFormattingViewClass6 error="background-color:#7722EE doesnt work">Fails</SVEFormattingViewClass6>
    <SVEFormattingViewTable1></SVEFormattingViewTable1>
    <SVEFormattingViewTable2></SVEFormattingViewTable2>
    <SVEFormattingViewTable3></SVEFormattingViewTable3>
    <SVEFormattingViewTable4></SVEFormattingViewTable4>
    <SVEFormattingViewTable5></SVEFormattingViewTable5>
    <SVEFormattingViewTable6></SVEFormattingViewTable6>
    <SVEFormattingViewTable7></SVEFormattingViewTable7>
    <SVEFormattingViewTable9></SVEFormattingViewTable9>
    <SVEFormattingViewTable10></SVEFormattingViewTable10>
    <SVEFormattingViewTable11></SVEFormattingViewTable11>
  </SchemaAndViewEditorViewEditorTest>
  <LexiconEditorTest>
    <LEAddLexicalEntry>Works</LEAddLexicalEntry>
    <LESaveModified1></LESaveModified1>
    <LENSaveModified></LENSaveModified>
    <LESaveModified2></LESaveModified2>
    <LEModifyPicture></LEModifyPicture>
    <LEUploadImage></LEUploadImage>
    <LESaveModified3></LESaveModified3>
    <LESaveModified4></LESaveModified4>
    <LEPictureEditBox></LEPictureEditBox>
    <LEArchivePopUp></LEArchivePopUp>
    <LEInstertMPINode></LEInstertMPINode>
    <LEResourceSave></LEResourceSave>
    <LEMagnifier></LEMagnifier>
    <LEWordListSorting1></LEWordListSorting1>
    <LEWordListSorting2></LEWordListSorting2>
    <LEChangePositioninSortOrder></LEChangePositioninSortOrder>
    <LETreeView></LETreeView>
    <LEAddFeatureSense></LEAddFeatureSense>
    <LEAddGloss></LEAddGloss>
    <LEAddValueGloss></LEAddValueGloss>
    <LEModifyNonLatin></LEModifyNonLatin>
    <LEChangeSortOrderCyrillic></LEChangeSortOrderCyrillic>
    <LECheckSortOrderAdjusted></LECheckSortOrderAdjusted>
    <LEChangingCyrillicLetterPosition></LEChangingCyrillicLetterPosition>
    <LESwitchLexicon></LESwitchLexicon>
    <LESelectingGrapheme1></LESelectingGrapheme1>
    <LEVideoImage></LEVideoImage>
    <LEVideoSound></LEVideoSound>
    <LELinkToArchive></LELinkToArchive>
    <LEOpenLinkToArchive></LEOpenLinkToArchive>
    <LELexiconWordCheck1></LELexiconWordCheck1>
    <LEFilterCheck></LEFilterCheck>
    <LEResultsFilterCheck></LEResultsFilterCheck>
    <LEResultsFilterDelete></LEResultsFilterDelete>
    <LELexiconWordCheck2></LELexiconWordCheck2>
    <LEdOpenWordList></LEdOpenWordList>
    <LEdDeleteEntry></LEdDeleteEntry>
    <LEdDeleteEntryCheck></LEdDeleteEntryCheck>
    <LEdDeleteLexicon></LEdDeleteLexicon>
  </LexiconEditorTest>
  <FilterTest>
    <FTOpen></FTOpen>
    <FTCreate></FTCreate>
    <FTCreate1></FTCreate1>
    <FTCreateFilter1></FTCreateFilter1>
    <FTCreateFilter2></FTCreateFilter2>
    <FTLexicon1></FTLexicon1>
    <FTLexicon2></FTLexicon2>
    <FTLexicon></FTLexicon>
    <FTDelete></FTDelete>
  </FilterTest>
  <ToolboxConvertTest>
    <TCSelectingFiles></TCSelectingFiles>
    <TCUploading1></TCUploading1>
    <TCUploading2></TCUploading2>
    <TCUploading3></TCUploading3>
    <TCFileErrorTest></TCFileErrorTest>
  </ToolboxConvertTest>
  <ImportXMLLexusTest>
    <IExistingLexica></IExistingLexica>
    <IExistingLexicaBrowseXML1></IExistingLexicaBrowseXML1>
    <IExistingLexicaBrowseXML2></IExistingLexicaBrowseXML2>
    <IExistingLexicaBrowseXML3></IExistingLexicaBrowseXML3>
    <IExistingLexicaLexiconInTheList></IExistingLexicaLexiconInTheList>
    <IExistingLexicaDelete></IExistingLexicaDelete>
  </ImportXMLLexusTest>
  <ExportTabTest>
    <ExpToPDF1></ExpToPDF1>
    <ExpToPDF2></ExpToPDF2>
    <ExpToPDF3></ExpToPDF3>
    <ExpToXML1></ExpToXML1>
    <ExpToXML2></ExpToXML2>
    <ExpToXML3></ExpToXML3>
  </ExportTabTest>
  <HelpTabTest>
    <HTLexusWebsite>Works</HTLexusWebsite>
    <HTActivateUnicodeInput>Works</HTActivateUnicodeInput>
  </HelpTabTest>
</LexusBugCheck>
