<?xml version="1.0" encoding="UTF-8"?>
<LexusBugCheck xmlns:xsi="http://www.w3.org/2001/XMLSchema-instance" xsi:schemaLocation="http://ems03.mpi.nl/testing http://ems03.mpi.nl/testing/xsd_out.php?file=plans/lexus_2011-12-15.xml">
  <DateTime>15-12-2011</DateTime>
  <LexusVersion>3.0 28139</LexusVersion>
  <OSVersion>Windows 7</OSVersion>
  <Tester>vlapla</Tester>
  <LoginTest>
    <LTDemoLogin>Works</LTDemoLogin>
    <LTTestLogin>Works</LTTestLogin>
  </LoginTest>
  <FileTabTest>
    <FTSafe error="modified to test TEST / can be changed">Strange</FTSafe>
    <FTLogOut></FTLogOut>
  </FileTabTest>
  <SwitchTabTest>
    <STSchemaAndViewEditor></STSchemaAndViewEditor>
    <SToLexiconEditor></SToLexiconEditor>
    <SToWorkspace></SToWorkspace>
    <SToWorkspaceVicos></SToWorkspaceVicos>
  </SwitchTabTest>
  <WorkspaceLexicaTabTest>
    <WLAddNewLexicon></WLAddNewLexicon>
    <WLSaveNewLexicon></WLSaveNewLexicon>
    <WLRemoveLexicon></WLRemoveLexicon>
    <WLSelectLexicon></WLSelectLexicon>
    <WLChangeNameExistingLexicon></WLChangeNameExistingLexicon>
    <WLChangeDescriptionExistingLexicon></WLChangeDescriptionExistingLexicon>
    <WLChangeNoteExistingLexicon></WLChangeNoteExistingLexicon>
    <WLSaveChangeExistingLexicon></WLSaveChangeExistingLexicon>
    <WLDeleteChanges></WLDeleteChanges>
    <WLLoadLexusUsers1></WLLoadLexusUsers1>
    <WLDragAndDropUsers1></WLDragAndDropUsers1>
    <WLLogoutAndLoginAsWs1a></WLLogoutAndLoginAsWs1a>
    <WLRemoveWs1AsDemoUser></WLRemoveWs1AsDemoUser>
    <WLLogoutAndLoginAsWs1b></WLLogoutAndLoginAsWs1b>
    <WLLoadLexusUsers2></WLLoadLexusUsers2>
    <WLDragAndDropUsers2></WLDragAndDropUsers2>
    <WLLogoutAndLoginAsWs2a></WLLogoutAndLoginAsWs2a>
    <WLRemoveUserWs2></WLRemoveUserWs2>
    <WLLogoutAndLoginAsWs2b></WLLogoutAndLoginAsWs2b>
  </WorkspaceLexicaTabTest>
  <SortOrdersTabTest>
    <SOOpenSortOrdersTab></SOOpenSortOrdersTab>
    <SOSelectSortOrder></SOSelectSortOrder>
    <SOCreateNewSortOrder1></SOCreateNewSortOrder1>
    <SOCreateNewSortOrder2></SOCreateNewSortOrder2>
    <SOSelectNewSortOrder></SOSelectNewSortOrder>
    <SORemoveInitialCharacters></SORemoveInitialCharacters>
    <SOSaveAdjustedSortOrder></SOSaveAdjustedSortOrder>
    <SOAddInitialCharacters1></SOAddInitialCharacters1>
    <SOAddInitialCharacters2></SOAddInitialCharacters2>
    <SOAddInitialCharacters3></SOAddInitialCharacters3>
    <SORechangePositionCharacters></SORechangePositionCharacters>
    <SODeteteSortOrder1></SODeteteSortOrder1>
    <SOCreateNewSortOrderWithNonLatinCharacters></SOCreateNewSortOrderWithNonLatinCharacters>
    <SOCreateInitialCharacters></SOCreateInitialCharacters>
    <SOSaveAdjustedSortOrder></SOSaveAdjustedSortOrder>
    <SODeteteSortOrder2></SODeteteSortOrder2>
  </SortOrdersTabTest>
  <QueriesAndSearchingTabTestRightTab>
    <QSAdHocSearchDropDownLexiconList></QSAdHocSearchDropDownLexiconList>
    <QSAdHocSearchDropDownWhereList></QSAdHocSearchDropDownWhereList>
    <QSAdHocSearchDropDownListBeginWith1></QSAdHocSearchDropDownListBeginWith1>
    <QSAdHocSearchDropDownListBeginWith2></QSAdHocSearchDropDownListBeginWith2>
    <QSAdHocSearchLexicalEntryDetails></QSAdHocSearchLexicalEntryDetails>
    <QSAdHocSearchDeatailsTab></QSAdHocSearchDeatailsTab>
    <QSAdHocSearchChangeDetails></QSAdHocSearchChangeDetails>
    <QSAdHocSearchClosePop-up></QSAdHocSearchClosePop-up>
    <QSAdHocSearchLexicalEntryReDo></QSAdHocSearchLexicalEntryReDo>
    <QSAdHocSearchDropDownListEndsWith></QSAdHocSearchDropDownListEndsWith>
    <QSAdHocSearchCheckPreviousModifiedValue></QSAdHocSearchCheckPreviousModifiedValue>
    <QSAdHocSearchCheckPreviousModifiedValueReDo></QSAdHocSearchCheckPreviousModifiedValueReDo>
  </QueriesAndSearchingTabTestRightTab>
  <UnicodeInputTest>
    <UCChangeDescription></UCChangeDescription>
    <UCDescriptionSave></UCDescriptionSave>
    <UCRedoNonLatinDesc></UCRedoNonLatinDesc>
    <UCAddANewSortOrder></UCAddANewSortOrder>
    <UCDeleteUnicodeSortOrder></UCDeleteUnicodeSortOrder>
    <UCCreateANewQuery></UCCreateANewQuery>
    <UCDeleteANewQuery></UCDeleteANewQuery>
    <UCOpenATestLexica></UCOpenATestLexica>
    <UCSelectLexicalEntry></UCSelectLexicalEntry>
    <UCEnteringNonLatinCharacters1></UCEnteringNonLatinCharacters1>
    <UCEnteringNonLatinCharacters2></UCEnteringNonLatinCharacters2>
    <UCDeleteEnteringNonLatinCharacters></UCDeleteEnteringNonLatinCharacters>
  </UnicodeInputTest>
  <ReadOnlyTest>
    <ROLoginAsUserWs1></ROLoginAsUserWs1>
    <RONotEditableFields1></RONotEditableFields1>
    <RONotEditableFields2></RONotEditableFields2>
    <RONotEditableFields3></RONotEditableFields3>
    <ROSchemaElementsNotEditable1></ROSchemaElementsNotEditable1>
    <ROSchemaElementsNotEditable2></ROSchemaElementsNotEditable2>
    <ROLexiconEditorEntryFields></ROLexiconEditorEntryFields>
    <ROLexiconEditorFiltersTab></ROLexiconEditorFiltersTab>
  </ReadOnlyTest>
  <SchemaAndViewEditorSchemaElementTest>
    <SVENewLexiconInTheWorkspace></SVENewLexiconInTheWorkspace>
    <SVEAddDataComponent></SVEAddDataComponent>
    <SVEAddDataCategory></SVEAddDataCategory>
    <SVEMoreElements></SVEMoreElements>
    <SVEChangingtoISOCat></SVEChangingtoISOCat>
    <SVEChangingToISOCat1></SVEChangingToISOCat1>
    <SVEChangingToISOCat2></SVEChangingToISOCat2>
    <SVEChangingToISOCat3></SVEChangingToISOCat3>
    <SVEChangingToToolbox1></SVEChangingToToolbox1>
    <SVEChangingToToolbox2></SVEChangingToToolbox2>
    <SVEAssignSortOrder1></SVEAssignSortOrder1>
    <SVEAutoSave></SVEAutoSave>
    <SVEAutoSaveNo></SVEAutoSaveNo>
    <SVEAssignSortOrder2></SVEAssignSortOrder2>
  </SchemaAndViewEditorSchemaElementTest>
  <SchemaAndViewEditorViewEditorTest>
    <SVEOpenLexicon></SVEOpenLexicon>
    <SVEAddANewView></SVEAddANewView>
    <SVESaveLexeme></SVESaveLexeme>
    <SVEFormattingViewD1></SVEFormattingViewD1>
    <SVEFormattingViewD2></SVEFormattingViewD2>
    <SVEFormattingViewD3></SVEFormattingViewD3>
    <SVEFormattingViewD4></SVEFormattingViewD4>
    <SVEFormattingViewD5></SVEFormattingViewD5>
    <SVEFormattingViewD6></SVEFormattingViewD6>
    <SVEFormattingViewDCheck></SVEFormattingViewDCheck>
    <SVEFormattingViewSepBl></SVEFormattingViewSepBl>
    <SVEFormattingViewDReDo></SVEFormattingViewDReDo>
    <SVEFormattingViewClass1></SVEFormattingViewClass1>
    <SVEFormattingViewClass2></SVEFormattingViewClass2>
    <SVEFormattingViewClass3></SVEFormattingViewClass3>
    <SVEFormattingViewClass4></SVEFormattingViewClass4>
    <SVEFormattingViewClass5></SVEFormattingViewClass5>
    <SVEFormattingViewTable1></SVEFormattingViewTable1>
    <SVEFormattingViewTable2></SVEFormattingViewTable2>
    <SVEFormattingViewTable3></SVEFormattingViewTable3>
    <SVEFormattingViewTable4></SVEFormattingViewTable4>
    <SVEFormattingViewTable5></SVEFormattingViewTable5>
    <SVEFormattingViewTable6></SVEFormattingViewTable6>
    <SVEFormattingViewTable7></SVEFormattingViewTable7>
    <SVEFormattingViewTable9></SVEFormattingViewTable9>
    <SVEFormattingViewTable10></SVEFormattingViewTable10>
    <SVEFormattingViewTable11></SVEFormattingViewTable11>
  </SchemaAndViewEditorViewEditorTest>
  <LexiconEditorTest>
    <LEAddLexicalEntry></LEAddLexicalEntry>
    <LESaveModified1></LESaveModified1>
    <LENSaveModified></LENSaveModified>
    <LESaveModified2></LESaveModified2>
    <LEModifyPicture></LEModifyPicture>
    <LEUploadImage></LEUploadImage>
    <LESaveModified3></LESaveModified3>
    <LESaveModified4></LESaveModified4>
    <LEPictureEditBox></LEPictureEditBox>
    <LEArchivePopUp></LEArchivePopUp>
    <LEInstertMPINode></LEInstertMPINode>
    <LEResourceSave></LEResourceSave>
    <LEMagnifier></LEMagnifier>
    <LEWordListSorting1></LEWordListSorting1>
    <LEWordListSorting2></LEWordListSorting2>
    <LEChangePositioninSortOrder></LEChangePositioninSortOrder>
    <LETreeView></LETreeView>
    <LEAddFeatureSense></LEAddFeatureSense>
    <LEAddGloss></LEAddGloss>
    <LEAddValueGloss></LEAddValueGloss>
    <LEModifyNonLatin></LEModifyNonLatin>
    <LEChangeSortOrderCyrillic></LEChangeSortOrderCyrillic>
    <LECheckSortOrderAdjusted></LECheckSortOrderAdjusted>
    <LEChangingCyrillicLetterPosition></LEChangingCyrillicLetterPosition>
    <LESwitchLexicon></LESwitchLexicon>
    <LESelectingGrapheme1></LESelectingGrapheme1>
    <LEVideoImage></LEVideoImage>
    <LEVideoSound></LEVideoSound>
    <LELinkToArchive></LELinkToArchive>
    <LEOpenLinkToArchive></LEOpenLinkToArchive>
    <LELexiconWordCheck1></LELexiconWordCheck1>
    <LEFilterCheck></LEFilterCheck>
    <LEResultsFilterCheck></LEResultsFilterCheck>
    <LEResultsFilterDelete></LEResultsFilterDelete>
    <LELexiconWordCheck2></LELexiconWordCheck2>
    <LEdOpenWordList></LEdOpenWordList>
    <LEdDeleteEntry></LEdDeleteEntry>
    <LEdDeleteEntryCheck></LEdDeleteEntryCheck>
    <LEdDeleteLexicon></LEdDeleteLexicon>
  </LexiconEditorTest>
  <FilterTest>
    <FTOpen></FTOpen>
    <FTCreateFilter1></FTCreateFilter1>
    <FTCreateFilter2></FTCreateFilter2>
    <FTLexicon1></FTLexicon1>
    <FTLexicon2></FTLexicon2>
    <FTLexicon></FTLexicon>
    <FTDelete></FTDelete>
  </FilterTest>
  <ToolboxConvertTest>
    <TCSelectingFiles></TCSelectingFiles>
    <TCUploading1></TCUploading1>
    <TCUploading2></TCUploading2>
    <TCUploading3></TCUploading3>
    <TCFileErrorTest></TCFileErrorTest>
  </ToolboxConvertTest>
  <ImportXMLLexusTest>
    <IExistingLexica></IExistingLexica>
    <IExistingLexicaBrowseXML1></IExistingLexicaBrowseXML1>
    <IExistingLexicaBrowseXML2></IExistingLexicaBrowseXML2>
    <IExistingLexicaBrowseXML3></IExistingLexicaBrowseXML3>
    <IExistingLexicaLexiconInTheList></IExistingLexicaLexiconInTheList>
    <IExistingLexicaDelete></IExistingLexicaDelete>
  </ImportXMLLexusTest>
  <ExportTabTest>
    <ExpToPDF1></ExpToPDF1>
    <ExpToPDF2></ExpToPDF2>
    <ExpToPDF3></ExpToPDF3>
    <ExpToXML1></ExpToXML1>
    <ExpToXML2></ExpToXML2>
    <ExpToXML3></ExpToXML3>
  </ExportTabTest>
  <HelpTabTest>
    <HTLexusWebsite></HTLexusWebsite>
    <HTActivateUnicodeInput></HTActivateUnicodeInput>
  </HelpTabTest>
</LexusBugCheck>
