<?xml version="1.0" encoding="UTF-8"?>
<LexusBugCheck xmlns:xsi="http://www.w3.org/2001/XMLSchema-instance" xsi:schemaLocation="https://idp.mpi.nl/testing https://idp.mpi.nl/testing/xsd_out.php?file=plans/lexus_28_06_2012.xml">
  <DateTime>16-07-2012</DateTime>
  <LexusVersion>Lexus 3.0</LexusVersion>
  <OSVersion>Windows 7 64bit</OSVersion>
  <Tester>clazab</Tester>
  <LoginTest>
    <LTDemoLogin>Works</LTDemoLogin>
    <LTDemoLogout>Works</LTDemoLogout>
    <LTDemoLogoutBack></LTDemoLogoutBack>
    <LTLoginFail>Works</LTLoginFail>
  </LoginTest>
  <SwitchTabTest>
    <STTSchemaAndViewEditor>Works</STTSchemaAndViewEditor>
    <STTLexiconEditor>Works</STTLexiconEditor>
    <STTWorkspace>Works</STTWorkspace>
    <STTVicos></STTVicos>
  </SwitchTabTest>
  <WorkspaceLexicaTabTest>
    <WLTTAddNewLexicon>Works</WLTTAddNewLexicon>
    <WLTTSaveNewLexicon></WLTTSaveNewLexicon>
    <WLTTRemoveLexicon>Works</WLTTRemoveLexicon>
    <WLTTSelectLexicon>Works</WLTTSelectLexicon>
    <WLTTChangeNameLexicon1>Works</WLTTChangeNameLexicon1>
    <WLTTChangeNameLexicon2>Works</WLTTChangeNameLexicon2>
    <WLTTChangeNameLexicon3>Works</WLTTChangeNameLexicon3>
    <WLTTChangeNameLexicon4>Works</WLTTChangeNameLexicon4>
    <WLChangeDescriptionExistingLexicon>Works</WLChangeDescriptionExistingLexicon>
    <WLChangeOwnerModificationField>Works</WLChangeOwnerModificationField>
    <WLChangeNoteExistingLexicon>Works</WLChangeNoteExistingLexicon>
    <WLChangeAutosaveNOT>Works</WLChangeAutosaveNOT>
    <WLDeleteChanges>Works</WLDeleteChanges>
    <WLLoadLexusUsers1>Works</WLLoadLexusUsers1>
    <WLDragAndDropUsers1>Works</WLDragAndDropUsers1>
    <WLLogoutAndLoginAsWs1a>Works</WLLogoutAndLoginAsWs1a>
    <ReadOnlyNotEditableFields1>Works</ReadOnlyNotEditableFields1>
    <ReadOnlyNotEditableFields2>Works</ReadOnlyNotEditableFields2>
    <ReadOnlyNotEditableFields3>Works</ReadOnlyNotEditableFields3>
    <ReadOnlyNotEditableFields4>Works</ReadOnlyNotEditableFields4>
    <ReadOnlyNotEditableFields5>Works</ReadOnlyNotEditableFields5>
    <ReadOnlyNotEditableFields6>Works</ReadOnlyNotEditableFields6>
    <ReadOnlyNotEditableFields7>Works</ReadOnlyNotEditableFields7>
    <ReadOnlyNotEditableFields8></ReadOnlyNotEditableFields8>
    <ReadOnlyNotEditableFields9>Works</ReadOnlyNotEditableFields9>
    <ReadOnlyNotEditableFields10>Works</ReadOnlyNotEditableFields10>
    <WriterRightsEditableFields1>Works</WriterRightsEditableFields1>
    <WriterRightsEditableFields2>Works</WriterRightsEditableFields2>
    <WriterRightsEditableFields3>Works</WriterRightsEditableFields3>
    <WriterRightsEditableFields4>Works</WriterRightsEditableFields4>
    <WriterRightsEditableFields5>Works</WriterRightsEditableFields5>
    <WriterRightsEditableFields6>Works</WriterRightsEditableFields6>
    <WriterRightsEditableFields7>Works</WriterRightsEditableFields7>
  </WorkspaceLexicaTabTest>
  <SortOrdersTabTest>
    <SOOpen>Works</SOOpen>
    <SOSelect>Works</SOSelect>
    <SOScroll>Works</SOScroll>
    <SOCreateNew1>Works</SOCreateNew1>
    <SOCreateNew2>Works</SOCreateNew2>
    <SOCreateNew3>Works</SOCreateNew3>
    <SOCreateNew4>Works</SOCreateNew4>
    <SOHelp1></SOHelp1>
    <SOHelp2>Works</SOHelp2>
    <SORemoveCharacters1>Works</SORemoveCharacters1>
    <SORemoveCharacters2>Works</SORemoveCharacters2>
    <SOAddCharacters1>Works</SOAddCharacters1>
    <SOAddCharacters2>Works</SOAddCharacters2>
    <SOAddCharacters3></SOAddCharacters3>
    <SOAddCharacters4></SOAddCharacters4>
    <SORechangePositionCharacters></SORechangePositionCharacters>
    <SORemoveAllCharacters1></SORemoveAllCharacters1>
    <SORemoveAllCharacters2></SORemoveAllCharacters2>
    <SODeteteSortOrder1></SODeteteSortOrder1>
    <SOCreateNewSortOrderWithNonLatinCharacters></SOCreateNewSortOrderWithNonLatinCharacters>
    <SOCreateInitialCharacters></SOCreateInitialCharacters>
    <SOSaveAdjustedSortOrder></SOSaveAdjustedSortOrder>
    <SODeteteSortOrder2></SODeteteSortOrder2>
    <SaveTestAutoNO></SaveTestAutoNO>
    <SaveTestAutoYES></SaveTestAutoYES>
    <SaveTestFromFile></SaveTestFromFile>
    <SortOrdersRemoving></SortOrdersRemoving>
  </SortOrdersTabTest>
  <QueriesAndSearchingTabTestRightTab>
    <SQT1></SQT1>
    <SQT2></SQT2>
    <SQT3></SQT3>
    <SQT4></SQT4>
    <SQT6></SQT6>
    <SQT7></SQT7>
    <SQT8></SQT8>
    <SQT9></SQT9>
    <SQT10></SQT10>
    <SQT11></SQT11>
    <SQT12></SQT12>
    <SQT13></SQT13>
    <SQT14></SQT14>
    <SQT15></SQT15>
    <SQT16></SQT16>
    <SQT17></SQT17>
    <SQT18></SQT18>
    <SQT19></SQT19>
    <SQT20></SQT20>
    <SQT21></SQT21>
    <SQT22></SQT22>
    <SQT23></SQT23>
    <SQT24></SQT24>
    <QSAdHocSearchDropDownWhereList></QSAdHocSearchDropDownWhereList>
    <QSAdHocSearchDropDownListIsEmpty></QSAdHocSearchDropDownListIsEmpty>
    <QSAdHocSearchDropDownListIsNOTEmpty></QSAdHocSearchDropDownListIsNOTEmpty>
    <QSAdHocSearchDropDownListContainEmpty></QSAdHocSearchDropDownListContainEmpty>
    <QSAdHocSearchDropDownListContainNOTEmpty></QSAdHocSearchDropDownListContainNOTEmpty>
    <QSAdHocSearchDropDownListOtherConditionsEmpty></QSAdHocSearchDropDownListOtherConditionsEmpty>
    <QSAdHocSearchDropDownListBeginWith1A></QSAdHocSearchDropDownListBeginWith1A>
    <QSAdHocSearchDropDownListBeginWith1B></QSAdHocSearchDropDownListBeginWith1B>
    <QSAdHocSearchDropDownListBeginWith2A></QSAdHocSearchDropDownListBeginWith2A>
    <QSAdHocSearchDropDownListBeginWith2B></QSAdHocSearchDropDownListBeginWith2B>
    <QSAdHocSearchLexicalEntryDetails></QSAdHocSearchLexicalEntryDetails>
    <QSAdHocSearchDeatailsTab></QSAdHocSearchDeatailsTab>
    <QSAdHocSearchChangeDetails></QSAdHocSearchChangeDetails>
    <QSAdHocSearchClosePop-up></QSAdHocSearchClosePop-up>
    <QSAdHocSearchLexicalEntryReDo></QSAdHocSearchLexicalEntryReDo>
    <QSAdHocSearchDropDownListEndsWith></QSAdHocSearchDropDownListEndsWith>
    <QSAdHocSearchCheckPreviousModifiedValue></QSAdHocSearchCheckPreviousModifiedValue>
    <QSAdHocSearchCheckPreviousModifiedValueReDo></QSAdHocSearchCheckPreviousModifiedValueReDo>
  </QueriesAndSearchingTabTestRightTab>
  <UnicodeInputTest>
    <HTActivateUnicodeInput></HTActivateUnicodeInput>
    <HTActivateUnicodeInput2></HTActivateUnicodeInput2>
    <UCChangeDescription></UCChangeDescription>
    <UCDescriptionSave></UCDescriptionSave>
    <UCRedoNonLatinDesc></UCRedoNonLatinDesc>
    <UCAddANewSortOrder></UCAddANewSortOrder>
    <UCDeleteUnicodeSortOrder></UCDeleteUnicodeSortOrder>
    <UCEnterLettersUniC></UCEnterLettersUniC>
    <UCCreateANewQuery></UCCreateANewQuery>
    <UCDeleteANewQuery></UCDeleteANewQuery>
    <UCSelectLexicalEntry></UCSelectLexicalEntry>
    <UCEnteringNonLatinCharacters1></UCEnteringNonLatinCharacters1>
    <UCEnteringNonLatinCharacters2></UCEnteringNonLatinCharacters2>
    <UCDeleteEnteringNonLatinCharacters></UCDeleteEnteringNonLatinCharacters>
    <RerunTheTestWithoutUnicode></RerunTheTestWithoutUnicode>
  </UnicodeInputTest>
  <SchemaAndViewEditorSchemaElementTest>
    <SVENewLexiconInTheWorkspace></SVENewLexiconInTheWorkspace>
    <SVEAddDataComponent></SVEAddDataComponent>
    <SVEAddDataCategory></SVEAddDataCategory>
    <SVEMoreElements></SVEMoreElements>
    <SVEMoveElements></SVEMoveElements>
    <SVEChangingtoISOCat></SVEChangingtoISOCat>
    <SVEChangingToISOCat1></SVEChangingToISOCat1>
    <SVEChangingToISOCat2></SVEChangingToISOCat2>
    <SVEChangingToISOCat3></SVEChangingToISOCat3>
    <SVEChangingToToolbox1></SVEChangingToToolbox1>
    <SVEChangingToToolbox2></SVEChangingToToolbox2>
    <SVERemoveDC></SVERemoveDC>
    <SVEAssignSortOrder1></SVEAssignSortOrder1>
    <SVEAutoSave></SVEAutoSave>
    <SVEAutoSaveNo></SVEAutoSaveNo>
    <SVENotesCheck></SVENotesCheck>
  </SchemaAndViewEditorSchemaElementTest>
  <SchemaAndViewEditorViewEditorTest>
    <SVEOpenLexiconInViewEditor></SVEOpenLexiconInViewEditor>
    <SVEAddANewView></SVEAddANewView>
    <SVESaveLexeme></SVESaveLexeme>
    <SVEFormattingViewD1></SVEFormattingViewD1>
    <SVEFormattingViewD2></SVEFormattingViewD2>
    <SVEFormattingViewD3></SVEFormattingViewD3>
    <SVEFormattingViewD4></SVEFormattingViewD4>
    <SVEFormattingViewD5></SVEFormattingViewD5>
    <SVEFormattingViewD6></SVEFormattingViewD6>
    <SVEFormattingViewDCheck></SVEFormattingViewDCheck>
    <SVEFormattingViewAddNewEntries></SVEFormattingViewAddNewEntries>
    <SVEFormattingViewSepBlock></SVEFormattingViewSepBlock>
    <SVEFormattingViewDReDo></SVEFormattingViewDReDo>
    <SVEFormattingViewClass1></SVEFormattingViewClass1>
    <SVEFormattingViewClass2></SVEFormattingViewClass2>
    <SVEFormattingViewClass3></SVEFormattingViewClass3>
    <SVEFormattingViewClass4></SVEFormattingViewClass4>
    <SVEFormattingViewClass5></SVEFormattingViewClass5>
    <SVEFormattingCopy></SVEFormattingCopy>
    <SVEFormattingViewTable1></SVEFormattingViewTable1>
    <SVEFormattingViewTable2></SVEFormattingViewTable2>
    <SVEFormattingViewTable3></SVEFormattingViewTable3>
    <SVEFormattingViewTable4></SVEFormattingViewTable4>
    <SVEFormattingViewTable5></SVEFormattingViewTable5>
    <SVEFormattingViewTable5b></SVEFormattingViewTable5b>
    <SVEFormattingViewTable6></SVEFormattingViewTable6>
    <SVEFormattingViewTable7></SVEFormattingViewTable7>
    <SVEFormattingViewTable9></SVEFormattingViewTable9>
    <SVEFormattingViewTable10></SVEFormattingViewTable10>
    <SVEFormattingViewTable11></SVEFormattingViewTable11>
  </SchemaAndViewEditorViewEditorTest>
  <LexiconEditorTest>
    <LEAddLexicalEntry></LEAddLexicalEntry>
    <LESaveModified1></LESaveModified1>
    <LENSaveModified></LENSaveModified>
    <LESaveModified2></LESaveModified2>
    <LEModifyPicture></LEModifyPicture>
    <LEUploadImage></LEUploadImage>
    <LET2></LET2>
    <LEPictureEditBox></LEPictureEditBox>
    <LEPictureEditBox2></LEPictureEditBox2>
    <LEArchivePopUpAnnex></LEArchivePopUpAnnex>
    <LEArchivePopUpAnnex1></LEArchivePopUpAnnex1>
    <LEArchivePopUpAnnex3></LEArchivePopUpAnnex3>
    <LEArchivePopUpAnnex4></LEArchivePopUpAnnex4>
    <LEPropertiesTab></LEPropertiesTab>
    <LENotesTab1></LENotesTab1>
    <LENotesTab2></LENotesTab2>
    <LEArchivePopUp1></LEArchivePopUp1>
    <LEImportField></LEImportField>
    <LEWordListSorting1></LEWordListSorting1>
    <LEWordListSorting2></LEWordListSorting2>
    <LEChangePositioninSortOrder></LEChangePositioninSortOrder>
    <LETreeView></LETreeView>
    <LEPropertiesTab1></LEPropertiesTab1>
    <LENotesTab3></LENotesTab3>
    <LENotesTab4></LENotesTab4>
    <LENotesTab5></LENotesTab5>
    <LENotesTab6></LENotesTab6>
    <LEAddFeatureSense></LEAddFeatureSense>
    <LEAddGloss></LEAddGloss>
    <LEAddValueGloss></LEAddValueGloss>
    <LECopyMoveStructureView></LECopyMoveStructureView>
    <LEModifyNonLatin></LEModifyNonLatin>
    <LEChangeSortOrderCyrillic></LEChangeSortOrderCyrillic>
    <LECheckSortOrderAdjusted></LECheckSortOrderAdjusted>
    <LEChangingCyrillicLetterPosition></LEChangingCyrillicLetterPosition>
    <LESelectingGrapheme></LESelectingGrapheme>
    <LEVideoImage></LEVideoImage>
    <LEVideoSound></LEVideoSound>
    <LELinkToArchive></LELinkToArchive>
    <LEOpenLinkToArchive></LEOpenLinkToArchive>
    <LELexiconWordCheck1></LELexiconWordCheck1>
    <LEFilterCheck></LEFilterCheck>
    <LEdDeleteEntry></LEdDeleteEntry>
    <LEdDeleteAllEntries></LEdDeleteAllEntries>
    <LEdDeleteLexicon></LEdDeleteLexicon>
  </LexiconEditorTest>
  <FilterTest>
    <FTOpen></FTOpen>
    <FTCreate></FTCreate>
    <FTCreate1></FTCreate1>
    <FTCreateAndRun></FTCreateAndRun>
    <FTCreateFilter1></FTCreateFilter1>
    <FTCreateFilter1A></FTCreateFilter1A>
    <FTCreateFilter2></FTCreateFilter2>
    <FTCreateFilter2A></FTCreateFilter2A>
    <FTLRunTheFilter></FTLRunTheFilter>
    <FTLRunTheFilter1></FTLRunTheFilter1>
    <FTLexicon></FTLexicon>
    <FTL4></FTL4>
    <FTLRunTheFilter4></FTLRunTheFilter4>
    <FTReRunTheFiltersForYeli></FTReRunTheFiltersForYeli>
    <FTDelete></FTDelete>
  </FilterTest>
  <ToolboxConvertTest>
    <TCSelectingFiles></TCSelectingFiles>
    <TCXPopUp></TCXPopUp>
    <TCUploading1></TCUploading1>
    <TCUploading2></TCUploading2>
    <TCUploading3></TCUploading3>
    <TCUploading4></TCUploading4>
    <TCUploading5></TCUploading5>
    <TCUploading6></TCUploading6>
    <TCUUploading7></TCUUploading7>
    <TCUploadingCheck></TCUploadingCheck>
    <TCFileErrorTest></TCFileErrorTest>
  </ToolboxConvertTest>
  <ImportXMLLexusTest>
    <IExistingLexica></IExistingLexica>
    <IEXThePopUP></IEXThePopUP>
    <IExistingLexicaBrowseXML1></IExistingLexicaBrowseXML1>
    <IExistingLexicaBrowseXML2></IExistingLexicaBrowseXML2>
    <IExistingLexicaBrowseXML3></IExistingLexicaBrowseXML3>
    <IExistingLexicaLexiconInTheList></IExistingLexicaLexiconInTheList>
    <ExistingLexicaLexiconContentCheck></ExistingLexicaLexiconContentCheck>
    <IExistingLexicaDelete></IExistingLexicaDelete>
  </ImportXMLLexusTest>
  <ExportTabTest>
    <ExpToPDF1></ExpToPDF1>
    <ExpToPDF2></ExpToPDF2>
    <ExpToPDF3></ExpToPDF3>
    <ExpToXML1></ExpToXML1>
    <ExpToXML2></ExpToXML2>
    <ExpToXML3></ExpToXML3>
    <ExpToXMLVerify></ExpToXMLVerify>
  </ExportTabTest>
  <HelpTabTest>
    <HTLexusWebsite></HTLexusWebsite>
  </HelpTabTest>
</LexusBugCheck>
