<?xml version="1.0" encoding="UTF-8"?>
<LexusBugCheck xmlns:xsi="http://www.w3.org/2001/XMLSchema-instance" xsi:schemaLocation="https://lux15.mpi.nl/testing https://lux15.mpi.nl/testing/xsd_out.php?file=plans/lexus_28_06_2012.xml">
  <DateTime>2013-01-24</DateTime>
  <LexusVersion>3.0.1</LexusVersion>
  <OSVersion>Windows 7, Firefox 12.0</OSVersion>
  <Tester>clazab</Tester>
  <TestPlanRevision>34380</TestPlanRevision>
  <LoginTest>
    <LTDemoLogin>Works</LTDemoLogin>
    <LTDemoLogout>Works</LTDemoLogout>
    <LTDemoLogoutBack>Works</LTDemoLogoutBack>
    <LTLoginFail>Works</LTLoginFail>
  </LoginTest>
  <SwitchTabTest>
    <STTSchemaAndViewEditor>Works</STTSchemaAndViewEditor>
    <STTLexiconEditor>Works</STTLexiconEditor>
    <STTWorkspace>Works</STTWorkspace>
    <STTVicos>Works</STTVicos>
  </SwitchTabTest>
  <WorkspaceLexicaTabTest>
    <WLTTAddNewLexicon>Works</WLTTAddNewLexicon>
    <WLTTSaveNewLexicon>Works</WLTTSaveNewLexicon>
    <WLTTRemoveLexicon>Works</WLTTRemoveLexicon>
    <WLTTSelectLexicon>Works</WLTTSelectLexicon>
    <WLTTChangeNameLexicon1>Works</WLTTChangeNameLexicon1>
    <WLTTChangeNameLexicon2>Works</WLTTChangeNameLexicon2>
    <WLTTChangeNameLexicon3>Works</WLTTChangeNameLexicon3>
    <WLTTChangeNameLexicon4>Works</WLTTChangeNameLexicon4>
    <WLChangeDescriptionExistingLexicon>Works</WLChangeDescriptionExistingLexicon>
    <WLChangeOwnerModificationField>Works</WLChangeOwnerModificationField>
    <WLChangeNoteExistingLexicon>Works</WLChangeNoteExistingLexicon>
    <WLChangeAutosaveNOT>Works</WLChangeAutosaveNOT>
    <WLDeleteChanges>Works</WLDeleteChanges>
    <WLLoadLexusUsers1>Works</WLLoadLexusUsers1>
    <WLDragAndDropUsers1>Works</WLDragAndDropUsers1>
    <WLLogoutAndLoginAsWs1a>Works</WLLogoutAndLoginAsWs1a>
    <ReadOnlyNotEditableFields1>Works</ReadOnlyNotEditableFields1>
    <ReadOnlyNotEditableFields2>Works</ReadOnlyNotEditableFields2>
    <ReadOnlyNotEditableFields3>Works</ReadOnlyNotEditableFields3>
    <ReadOnlyNotEditableFields4>Works</ReadOnlyNotEditableFields4>
    <ReadOnlyNotEditableFields5>Works</ReadOnlyNotEditableFields5>
    <ReadOnlyNotEditableFields6>Works</ReadOnlyNotEditableFields6>
    <ReadOnlyNotEditableFields7>Works</ReadOnlyNotEditableFields7>
    <ReadOnlyNotEditableFields8>Works</ReadOnlyNotEditableFields8>
    <ReadOnlyNotEditableFields9>Works</ReadOnlyNotEditableFields9>
    <ReadOnlyNotEditableFields10>Works</ReadOnlyNotEditableFields10>
    <WriterRightsEditableFields1>Works</WriterRightsEditableFields1>
    <WriterRightsEditableFields2>Works</WriterRightsEditableFields2>
    <WriterRightsEditableFields3>Works</WriterRightsEditableFields3>
    <WriterRightsEditableFields4>Works</WriterRightsEditableFields4>
    <WriterRightsEditableFields5>Works</WriterRightsEditableFields5>
    <WriterRightsEditableFields6>Works</WriterRightsEditableFields6>
    <WriterRightsEditableFields7>Works</WriterRightsEditableFields7>
  </WorkspaceLexicaTabTest>
  <SortOrdersTabTest>
    <SOOpen>Works</SOOpen>
    <SOSelect>Works</SOSelect>
    <SOScroll>Works</SOScroll>
    <SOCreateNew1>Works</SOCreateNew1>
    <SOCreateNew2>Works</SOCreateNew2>
    <SOCreateNew3>Works</SOCreateNew3>
    <SOCreateNew4>Works</SOCreateNew4>
    <SOHelp1>Works</SOHelp1>
    <SOHelp2>Works</SOHelp2>
    <SORemoveCharacters1>Works</SORemoveCharacters1>
    <SORemoveCharacters2>Works</SORemoveCharacters2>
    <SOAddCharacters1>Works</SOAddCharacters1>
    <SOAddCharacters2>Works</SOAddCharacters2>
    <SOAddCharacters3>Works</SOAddCharacters3>
    <SOAddCharacters4>Works</SOAddCharacters4>
    <SORechangePositionCharacters>Works</SORechangePositionCharacters>
    <SORemoveAllCharacters1>Works</SORemoveAllCharacters1>
    <SORemoveAllCharacters2>Works</SORemoveAllCharacters2>
    <SODeteteSortOrder1>Works</SODeteteSortOrder1>
    <SOCreateNewSortOrderWithNonLatinCharacters>Works</SOCreateNewSortOrderWithNonLatinCharacters>
    <SOCreateInitialCharacters>Works</SOCreateInitialCharacters>
    <SOSaveAdjustedSortOrder>Works</SOSaveAdjustedSortOrder>
    <SODeteteSortOrder2>Works</SODeteteSortOrder2>
    <SaveTestAutoNO>Works</SaveTestAutoNO>
    <SaveTestAutoYES>Works</SaveTestAutoYES>
    <SaveTestFromFile>Works</SaveTestFromFile>
    <SortOrdersRemoving>Works</SortOrdersRemoving>
  </SortOrdersTabTest>
  <QueriesAndSearchingTabTestRightTab>
    <SQT1>Works</SQT1>
    <SQT2>Works</SQT2>
    <SQT3>Works</SQT3>
    <SQT4>Works</SQT4>
    <SQT6>Works</SQT6>
    <SQT7>Works</SQT7>
    <SQT8>Works</SQT8>
    <SQT9>Works</SQT9>
    <SQT10>Works</SQT10>
    <SQT11>Works</SQT11>
    <SQT12>Works</SQT12>
    <SQT13 error="Ticket #2139. If you try for sometime, it will finally display the modified query.">Mostly</SQT13>
    <SQT14>Works</SQT14>
    <SQT15 error="Ticket #2139. If you try for sometime, it will finally display the modified query.">Mostly</SQT15>
    <SQT16>Works</SQT16>
    <SQT17>Works</SQT17>
    <SQT18>Works</SQT18>
    <SQT19>Works</SQT19>
    <SQT20>Works</SQT20>
    <SQT21>Works</SQT21>
    <SQT22>Works</SQT22>
    <SQT23>Works</SQT23>
    <SQT24>Works</SQT24>
    <QSAdHocSearchDropDownWhereList>Works</QSAdHocSearchDropDownWhereList>
    <QSAdHocSearchDropDownListIsEmpty>Works</QSAdHocSearchDropDownListIsEmpty>
    <QSAdHocSearchDropDownListIsNOTEmpty>Works</QSAdHocSearchDropDownListIsNOTEmpty>
    <QSAdHocSearchDropDownListContainEmpty>Works</QSAdHocSearchDropDownListContainEmpty>
    <QSAdHocSearchDropDownListContainNOTEmpty>Works</QSAdHocSearchDropDownListContainNOTEmpty>
    <QSAdHocSearchDropDownListOtherConditionsEmpty>Works</QSAdHocSearchDropDownListOtherConditionsEmpty>
    <QSAdHocSearchDropDownListBeginWith1A>Works</QSAdHocSearchDropDownListBeginWith1A>
    <QSAdHocSearchDropDownListBeginWith1B>Works</QSAdHocSearchDropDownListBeginWith1B>
    <QSAdHocSearchDropDownListBeginWith2A>Works</QSAdHocSearchDropDownListBeginWith2A>
    <QSAdHocSearchDropDownListBeginWith2B>Works</QSAdHocSearchDropDownListBeginWith2B>
    <QSAdHocSearchLexicalEntryDetails>Works</QSAdHocSearchLexicalEntryDetails>
    <QSAdHocSearchDeatailsTab>Works</QSAdHocSearchDeatailsTab>
    <QSAdHocSearchChangeDetails>Works</QSAdHocSearchChangeDetails>
    <QSAdHocSearchClosePop-up>Works</QSAdHocSearchClosePop-up>
    <QSAdHocSearchLexicalEntryReDo>Works</QSAdHocSearchLexicalEntryReDo>
    <QSAdHocSearchDropDownListEndsWith>Works</QSAdHocSearchDropDownListEndsWith>
    <QSAdHocSearchCheckPreviousModifiedValue>Works</QSAdHocSearchCheckPreviousModifiedValue>
    <QSAdHocSearchCheckPreviousModifiedValueReDo>Works</QSAdHocSearchCheckPreviousModifiedValueReDo>
  </QueriesAndSearchingTabTestRightTab>
  <UnicodeInputTest>
    <HTActivateUnicodeInput>Works</HTActivateUnicodeInput>
    <HTActivateUnicodeInput2 error="Ticket #1742">Fails</HTActivateUnicodeInput2>
    <UCChangeDescription>Works</UCChangeDescription>
    <UCDescriptionSave>Works</UCDescriptionSave>
    <UCRedoNonLatinDesc>Works</UCRedoNonLatinDesc>
    <UCAddANewSortOrder>Works</UCAddANewSortOrder>
    <UCDeleteUnicodeSortOrder>Works</UCDeleteUnicodeSortOrder>
    <UCEnterLettersUniC>Works</UCEnterLettersUniC>
    <UCCreateANewQuery>Works</UCCreateANewQuery>
    <UCDeleteANewQuery>Works</UCDeleteANewQuery>
    <UCSelectLexicalEntry>Works</UCSelectLexicalEntry>
    <UCEnteringNonLatinCharacters1>Works</UCEnteringNonLatinCharacters1>
    <UCEnteringNonLatinCharacters2>Works</UCEnteringNonLatinCharacters2>
    <UCDeleteEnteringNonLatinCharacters>Works</UCDeleteEnteringNonLatinCharacters>
    <RerunTheTestWithoutUnicode>Works</RerunTheTestWithoutUnicode>
  </UnicodeInputTest>
  <SchemaAndViewEditorSchemaElementTest>
    <SVENewLexiconInTheWorkspace></SVENewLexiconInTheWorkspace>
    <SVEAddDataComponent></SVEAddDataComponent>
    <SVEAddDataCategory></SVEAddDataCategory>
    <SVEMoreElements></SVEMoreElements>
    <SVEMoveElements></SVEMoveElements>
    <SVEChangingtoISOCat></SVEChangingtoISOCat>
    <SVEChangingToISOCat1></SVEChangingToISOCat1>
    <SVEChangingToISOCat2></SVEChangingToISOCat2>
    <SVEChangingToISOCat3></SVEChangingToISOCat3>
    <SVEChangingToToolbox1></SVEChangingToToolbox1>
    <SVEChangingToToolbox2></SVEChangingToToolbox2>
    <SVERemoveDC></SVERemoveDC>
    <SVEAssignSortOrder1></SVEAssignSortOrder1>
    <SVEAutoSave></SVEAutoSave>
    <SVEAutoSaveNo></SVEAutoSaveNo>
    <SVENotesCheck></SVENotesCheck>
  </SchemaAndViewEditorSchemaElementTest>
  <SchemaAndViewEditorViewEditorTest>
    <SVEOpenLexiconInViewEditor></SVEOpenLexiconInViewEditor>
    <SVEAddANewView></SVEAddANewView>
    <SVESaveLexeme></SVESaveLexeme>
    <SVEFormattingViewD1></SVEFormattingViewD1>
    <SVEFormattingViewD2></SVEFormattingViewD2>
    <SVEFormattingViewD3></SVEFormattingViewD3>
    <SVEFormattingViewD4></SVEFormattingViewD4>
    <SVEFormattingViewD5></SVEFormattingViewD5>
    <SVEFormattingViewD6></SVEFormattingViewD6>
    <SVEFormattingViewDCheck></SVEFormattingViewDCheck>
    <SVEFormattingViewAddNewEntries></SVEFormattingViewAddNewEntries>
    <SVEFormattingViewSepBlock></SVEFormattingViewSepBlock>
    <SVEFormattingViewDReDo></SVEFormattingViewDReDo>
    <SVEFormattingViewClass1></SVEFormattingViewClass1>
    <SVEFormattingViewClass2></SVEFormattingViewClass2>
    <SVEFormattingViewClass3></SVEFormattingViewClass3>
    <SVEFormattingViewClass4></SVEFormattingViewClass4>
    <SVEFormattingViewClass5></SVEFormattingViewClass5>
    <SVEFormattingCopy></SVEFormattingCopy>
    <SVEFormattingViewTable1></SVEFormattingViewTable1>
    <SVEFormattingViewTable2></SVEFormattingViewTable2>
    <SVEFormattingViewTable3></SVEFormattingViewTable3>
    <SVEFormattingViewTable4></SVEFormattingViewTable4>
    <SVEFormattingViewTable5></SVEFormattingViewTable5>
    <SVEFormattingViewTable5b></SVEFormattingViewTable5b>
    <SVEFormattingViewTable6></SVEFormattingViewTable6>
    <SVEFormattingViewTable7></SVEFormattingViewTable7>
    <SVEFormattingViewTable9></SVEFormattingViewTable9>
    <SVEFormattingViewTable10></SVEFormattingViewTable10>
    <SVEFormattingViewTable11></SVEFormattingViewTable11>
  </SchemaAndViewEditorViewEditorTest>
  <LexiconEditorTest>
    <LEAddLexicalEntry></LEAddLexicalEntry>
    <LESaveModified1></LESaveModified1>
    <LENSaveModified></LENSaveModified>
    <LESaveModified2></LESaveModified2>
    <LEModifyPicture></LEModifyPicture>
    <LEUploadImage></LEUploadImage>
    <LET2></LET2>
    <LEPictureEditBox></LEPictureEditBox>
    <LEPictureEditBox2></LEPictureEditBox2>
    <LEArchivePopUpAnnex></LEArchivePopUpAnnex>
    <LEArchivePopUpAnnex1></LEArchivePopUpAnnex1>
    <LEArchivePopUpAnnex3></LEArchivePopUpAnnex3>
    <LEArchivePopUpAnnex4></LEArchivePopUpAnnex4>
    <LEPropertiesTab></LEPropertiesTab>
    <LENotesTab1></LENotesTab1>
    <LENotesTab2></LENotesTab2>
    <LEArchivePopUp1></LEArchivePopUp1>
    <LEImportField></LEImportField>
    <LEWordListSorting1></LEWordListSorting1>
    <LEWordListSorting2></LEWordListSorting2>
    <LEChangePositioninSortOrder></LEChangePositioninSortOrder>
    <LETreeView></LETreeView>
    <LEPropertiesTab1></LEPropertiesTab1>
    <LENotesTab3></LENotesTab3>
    <LENotesTab4></LENotesTab4>
    <LENotesTab5></LENotesTab5>
    <LENotesTab6></LENotesTab6>
    <LEAddFeatureSense></LEAddFeatureSense>
    <LEAddGloss></LEAddGloss>
    <LEAddValueGloss></LEAddValueGloss>
    <LECopyMoveStructureView></LECopyMoveStructureView>
    <LEModifyNonLatin></LEModifyNonLatin>
    <LEChangeSortOrderCyrillic></LEChangeSortOrderCyrillic>
    <LECheckSortOrderAdjusted></LECheckSortOrderAdjusted>
    <LEChangingCyrillicLetterPosition></LEChangingCyrillicLetterPosition>
    <LESelectingGrapheme></LESelectingGrapheme>
    <LEVideoImage></LEVideoImage>
    <LEVideoSound></LEVideoSound>
    <LELinkToArchive></LELinkToArchive>
    <LEOpenLinkToArchive></LEOpenLinkToArchive>
    <LELexiconWordCheck1></LELexiconWordCheck1>
    <LEFilterCheck></LEFilterCheck>
    <LEdDeleteEntry></LEdDeleteEntry>
    <LEdDeleteAllEntries></LEdDeleteAllEntries>
    <LEdDeleteLexicon></LEdDeleteLexicon>
  </LexiconEditorTest>
  <FilterTest>
    <FTOpen></FTOpen>
    <FTCreate></FTCreate>
    <FTCreate1></FTCreate1>
    <FTCreateAndRun></FTCreateAndRun>
    <FTCreateFilter1></FTCreateFilter1>
    <FTCreateFilter1A></FTCreateFilter1A>
    <FTCreateFilter2></FTCreateFilter2>
    <FTCreateFilter2A></FTCreateFilter2A>
    <FTLRunTheFilter></FTLRunTheFilter>
    <FTLRunTheFilter1></FTLRunTheFilter1>
    <FTLexicon></FTLexicon>
    <FTL4></FTL4>
    <FTLRunTheFilter4></FTLRunTheFilter4>
    <FTReRunTheFiltersForYeli></FTReRunTheFiltersForYeli>
    <FTDelete></FTDelete>
  </FilterTest>
  <ImportXMLLexusTest>
    <IExistingLexica></IExistingLexica>
    <IEXThePopUP></IEXThePopUP>
    <IExistingLexicaBrowseXML1></IExistingLexicaBrowseXML1>
    <IExistingLexicaBrowseXML2></IExistingLexicaBrowseXML2>
    <IExistingLexicaBrowseXML3></IExistingLexicaBrowseXML3>
    <IExistingLexicaLexiconInTheList></IExistingLexicaLexiconInTheList>
    <ExistingLexicaLexiconContentCheck></ExistingLexicaLexiconContentCheck>
    <IExistingLexicaDelete></IExistingLexicaDelete>
  </ImportXMLLexusTest>
  <ToolboxConvertTest>
    <TCSelectingFiles></TCSelectingFiles>
    <TCXPopUp></TCXPopUp>
    <TCUploading></TCUploading>
    <TCUploading1></TCUploading1>
    <TCUploading2></TCUploading2>
    <TCUploading3></TCUploading3>
    <TCUploading4></TCUploading4>
    <TCUploading5></TCUploading5>
    <TCUploading6></TCUploading6>
    <TCUUploading7></TCUUploading7>
    <TCUploadingCheck></TCUploadingCheck>
    <TCUploadingCheck2></TCUploadingCheck2>
    <TCFileErrorTest></TCFileErrorTest>
  </ToolboxConvertTest>
  <ExportTabTest>
    <ExpToPDF1></ExpToPDF1>
    <ExpToPDF2></ExpToPDF2>
    <ExpToPDF3></ExpToPDF3>
    <ExpToXML1></ExpToXML1>
    <ExpToXML2></ExpToXML2>
    <ExpToXML3></ExpToXML3>
    <ExpToXMLVerify></ExpToXMLVerify>
  </ExportTabTest>
  <HelpTabTest>
    <HTLexusWebsite></HTLexusWebsite>
  </HelpTabTest>
</LexusBugCheck>
