<?xml version="1.0" encoding="UTF-8"?>
<MetadataBugCheck xmlns:xsi="http://www.w3.org/2001/XMLSchema-instance" xsi:schemaLocation="https://idp.mpi.nl/testing https://idp.mpi.nl/testing/xsd_out.php?file=plans/Metadata_IMD_search_2012-03-02.xml">
  <DateTime></DateTime>
  <MetadataVersion></MetadataVersion>
  <OSVersion></OSVersion>
  <Tester>anavog</Tester>
  <Metadata_IMD_search>
    <PullDownMenu>Works</PullDownMenu>
    <SessionButton>Works</SessionButton>
    <AdvancedSearch>Works</AdvancedSearch>
    <SimpleSearch>Works</SimpleSearch>
    <DemonstrationVideo error="there is no demostration video">Mostly</DemonstrationVideo>
    <HelpKey>Works</HelpKey>
    <OpenMetadataSearch>Works</OpenMetadataSearch>
  </Metadata_IMD_search>
</MetadataBugCheck>
