<?xml version="1.0" encoding="UTF-8"?>
<TestBugCheck xmlns:xsi="http://www.w3.org/2001/XMLSchema-instance" xsi:schemaLocation="https://lux15.mpi.nl/testing https://lux15.mpi.nl/testing/xsd_out.php?file=plans/test_3.xml">
  <DateTime>2012-11-16</DateTime>
  <TestVersion>2012-11-16</TestVersion>
  <OSVersion>Kubuntu 12.10</OSVersion>
  <Tester>docman</Tester>
  <TestPlanRevision>34319</TestPlanRevision>
  <newOne>
    <anyTest>Works</anyTest>
  </newOne>
  <Group·two>
    <test_without_dot>Works</test_without_dot>
    <grün>Works</grün>
    <系统标识符>Works</系统标识符>
  </Group·two>
</TestBugCheck>
