<?xml version="1.0" encoding="UTF-8"?>
<TestBugCheck xmlns:xsi="http://www.w3.org/2001/XMLSchema-instance" xsi:schemaLocation="https://idp.mpi.nl/testing https://idp.mpi.nl/testing/xsd_out.php?file=plans/test_1.xml">
  <DateTime>2012-07-19</DateTime>
  <TestVersion></TestVersion>
  <OSVersion></OSVersion>
  <Tester>vlapla</Tester>
  <TestPlanRevision>32111</TestPlanRevision>
  <t2>
    <no1_test>Works</no1_test>
    <second_test error="This could lead to strange results.">Strange</second_test>
    <third_test>Works</third_test>
    <t2></t2>
    <t2></t2>
    <t3></t3>
    <t4></t4>
    <t4></t4>
  </t2>
</TestBugCheck>
