<?xml version="1.0" encoding="UTF-8"?>
<TestBugCheck xmlns:xsi="http://www.w3.org/2001/XMLSchema-instance" xsi:schemaLocation="https://lux15.mpi.nl/testing https://lux15.mpi.nl/testing/xsd_out.php?file=plans/test_3.xml">
  <DateTime>2012-11-16</DateTime>
  <TestVersion>2012-11-16</TestVersion>
  <OSVersion>Kubuntu 12.10</OSVersion>
  <Tester>docman</Tester>
  <TestPlanRevision></TestPlanRevision>
  <NodeSearchTest>
    <LocalSearch>Works</LocalSearch>
    <wunder.bar>Works</wunder.bar>
    <dot.>Works</dot.>
    <x>Works</x>
  </NodeSearchTest>
  <Group·two>
    <test_without_dot>Works</test_without_dot>
    <test_three>Works</test_three>
    <grün>Works</grün>
    <dot.four>Works</dot.four>
    <dot.five>Works</dot.five>
  </Group·two>
  <group.three>
    <test.one>Works</test.one>
    <test.two>Works</test.two>
    <test.three>Works</test.three>
  </group.three>
</TestBugCheck>
