<?xml version="1.0" encoding="UTF-8"?>
<TrovaBugCheck xmlns:xsi="http://www.w3.org/2001/XMLSchema-instance" xsi:schemaLocation="https://lux15.mpi.nl/testing https://lux15.mpi.nl/testing/xsd_out.php?file=plans/trova_2012-03-05.xml">
  <DateTime>2013-03-12</DateTime>
  <TrovaVersion>1.4.35374</TrovaVersion>
  <OSVersion>Demoserver , Firefox</OSVersion>
  <Tester>sauciv</Tester>
  <TestPlanRevision>36104</TestPlanRevision>
  <StartingTrova>
    <StartingIMDI_Browser>Works</StartingIMDI_Browser>
    <StartingTrova>Works</StartingTrova>
    <AddMoreNodes>Works</AddMoreNodes>
  </StartingTrova>
  <LogInTest>
    <LogIn>Works</LogIn>
    <LogInVerification>Works</LogInVerification>
  </LogInTest>
  <SimpleSearch>
    <Find>Works</Find>
    <AnnotationTypes>Works</AnnotationTypes>
    <Domain>Works</Domain>
    <ActionConcordanceView>Works</ActionConcordanceView>
    <ShowInfoBalloons>Works</ShowInfoBalloons>
    <ActionFrequencyViewAnnotation>Works</ActionFrequencyViewAnnotation>
    <ActionFrequencyViewFrequency>Works</ActionFrequencyViewFrequency>
    <ActionHitTranscription>Works</ActionHitTranscription>
    <ActionHitCorpusTree error="It does not work saying that 'page not found error'.">Fails</ActionHitCorpusTree>
    <ActionSaveUTF-8>Works</ActionSaveUTF-8>
    <ActionSaveUTF-16 error="A file excel is created but it is actually empty.">Fails</ActionSaveUTF-16>
    <Page>Works</Page>
    <Font>Works</Font>
    <ContextSize>Works</ContextSize>
  </SimpleSearch>
  <SingleLayerSearch>
    <Find>Works</Find>
    <AnnotationTypes>Works</AnnotationTypes>
    <Domain>Works</Domain>
    <ModeAnnotation>Works</ModeAnnotation>
    <ModeN-GramOverAnnotations>Works</ModeN-GramOverAnnotations>
    <ModeN-GramWithinAnnotation>Works</ModeN-GramWithinAnnotation>
    <Wildcard error="0 results found when I add # sign for separating two words">Fails</Wildcard>
    <Negation>Works</Negation>
    <ModeAnnotationExtraTier1 error="Skipped due to  available node in Demoserver ">Empty</ModeAnnotationExtraTier1>
    <ModeAnnotationExtraTier2>Works</ModeAnnotationExtraTier2>
    <ModeAnnotationExtraTier3>Works</ModeAnnotationExtraTier3>
    <TierChoiceSort>Works</TierChoiceSort>
    <ModeCaseInsensitive>Works</ModeCaseInsensitive>
    <ModeCaseSensitive>Works</ModeCaseSensitive>
    <ModeSubstringMatch>Works</ModeSubstringMatch>
    <ModeExactMatch error="0 results found.">Fails</ModeExactMatch>
    <ModeRegularExpression>Works</ModeRegularExpression>
    <ActionConcordanceView>Works</ActionConcordanceView>
    <ShowInfoBalloons>Works</ShowInfoBalloons>
    <ActionFrequencyViewAnnotation>Works</ActionFrequencyViewAnnotation>
    <ActionFrequencyViewFrequency>Works</ActionFrequencyViewFrequency>
    <ActionHitTranscription>Works</ActionHitTranscription>
    <ActionHitCorpusTree error="It does not work saying that 'page not found error'.">Fails</ActionHitCorpusTree>
    <ActionSaveUTF-8>Works</ActionSaveUTF-8>
    <ActionSaveUTF-16 error=" A file excel is created but it is actually empty.">Fails</ActionSaveUTF-16>
    <Page>Works</Page>
    <Font>Works</Font>
    <ContextSize>Works</ContextSize>
    <History>Works</History>
  </SingleLayerSearch>
  <MultipleLayerSearch>
    <SearchString1>Works</SearchString1>
    <AnnotationTypes>Works</AnnotationTypes>
    <Domain>Works</Domain>
    <SearchString2>Works</SearchString2>
    <SearchString3>Works</SearchString3>
    <SearchString4>Works</SearchString4>
    <SearchString5 error="Does not apply to this test">Empty</SearchString5>
    <SearchString6 error="">Empty</SearchString6>
    <SameParent error="">Empty</SameParent>
    <ParentChild>Works</ParentChild>
    <SameFile>Works</SameFile>
    <Wildcard>Works</Wildcard>
    <Negation>Works</Negation>
    <ActionShowHits>Works</ActionShowHits>
    <ShowInfoBalloons>Works</ShowInfoBalloons>
    <ActionHitTranscritpion>Works</ActionHitTranscritpion>
    <ActionHitCorpusTree error="It does not work saying that 'page not found error">Fails</ActionHitCorpusTree>
    <ActionSaveUTF-8>Works</ActionSaveUTF-8>
    <ActionSaveUTF-16 error=" A file excel is created but it is actually empty.">Fails</ActionSaveUTF-16>
    <SortTierChoice>Works</SortTierChoice>
    <ModeCaseInsensitive>Works</ModeCaseInsensitive>
    <ModeCaseSensitive>Works</ModeCaseSensitive>
    <ModeSubstringMatch>Works</ModeSubstringMatch>
    <ModeExactMatch>Works</ModeExactMatch>
    <ModeRegularExpression error="">Empty</ModeRegularExpression>
    <ModeRegularExpression2 error="">Empty</ModeRegularExpression2>
    <ModeResetForm>Works</ModeResetForm>
    <ModeUnicodeInput1 error="">Empty</ModeUnicodeInput1>
    <ModeUnicodeInput2>Works</ModeUnicodeInput2>
    <TimeMinimalDuration>Works</TimeMinimalDuration>
    <TimeMaximalDuration>Works</TimeMaximalDuration>
    <TimeBeginAfter>Works</TimeBeginAfter>
    <TimeEndBefore>Works</TimeEndBefore>
    <ImpossibleQuery>Works</ImpossibleQuery>
    <TimeVerification>Works</TimeVerification>
    <Page>Works</Page>
    <Font>Works</Font>
    <History>Works</History>
  </MultipleLayerSearch>
  <LogOutTest>
    <LogOut>Works</LogOut>
  </LogOutTest>
</TrovaBugCheck>
